This file contains any messages produced by compilers while
running configure, to aid debugging if configure makes a mistake.

It was created by mate-session-manager configure 1.16.1, which was
generated by GNU Autoconf 2.69.  Invocation command line was

  $ ./configure --build=x86_64-linux-gnu --prefix=/usr --includedir=${prefix}/include --mandir=${prefix}/share/man --infodir=${prefix}/share/info --sysconfdir=/etc --localstatedir=/var --disable-silent-rules --libdir=${prefix}/lib/x86_64-linux-gnu --libexecdir=${prefix}/lib/x86_64-linux-gnu --disable-maintainer-mode --disable-dependency-tracking --disable-silent-rules --localstatedir=/var/lib --libexecdir=/usr/lib --with-gtk=3.0

## --------- ##
## Platform. ##
## --------- ##

hostname = antix1
uname -m = x86_64
uname -r = 4.9.0-antix-sid.1-amd64-smp
uname -s = Linux
uname -v = #1 SMP PREEMPT Mon Dec 12 02:57:08 EET 2016

/usr/bin/uname -p = unknown
/bin/uname -X     = unknown

/bin/arch              = unknown
/usr/bin/arch -k       = unknown
/usr/convex/getsysinfo = unknown
/usr/bin/hostinfo      = unknown
/bin/machine           = unknown
/usr/bin/oslevel       = unknown
/bin/universe          = unknown

PATH: .
PATH: .
PATH: /usr/local/bin
PATH: /usr/bin
PATH: /bin
PATH: /usr/local/games
PATH: /usr/games
PATH: /sbin
PATH: /usr/sbin
PATH: /usr/local/bin
PATH: /usr/local/games
PATH: /usr/games


## ----------- ##
## Core tests. ##
## ----------- ##

configure:2501: checking for a BSD-compatible install
configure:2569: result: /usr/bin/install -c
configure:2580: checking whether build environment is sane
configure:2635: result: yes
configure:2786: checking for a thread-safe mkdir -p
configure:2825: result: /bin/mkdir -p
configure:2832: checking for gawk
configure:2848: found /usr/bin/gawk
configure:2859: result: gawk
configure:2870: checking whether make sets $(MAKE)
configure:2892: result: yes
configure:2921: checking whether make supports nested variables
configure:2938: result: yes
configure:3075: checking whether make supports nested variables
configure:3092: result: yes
configure:3106: checking whether to enable maintainer-specific portions of Makefiles
configure:3115: result: no
configure:3164: checking whether NLS is requested
configure:3173: result: yes
configure:3191: checking for intltool >= 0.50.1
configure:3193: result: 0.51.0 found
configure:3201: checking for intltool-update
configure:3219: found /usr/bin/intltool-update
configure:3231: result: /usr/bin/intltool-update
configure:3241: checking for intltool-merge
configure:3259: found /usr/bin/intltool-merge
configure:3271: result: /usr/bin/intltool-merge
configure:3281: checking for intltool-extract
configure:3299: found /usr/bin/intltool-extract
configure:3311: result: /usr/bin/intltool-extract
configure:3465: checking for xgettext
configure:3483: found /usr/bin/xgettext
configure:3495: result: /usr/bin/xgettext
configure:3505: checking for msgmerge
configure:3523: found /usr/bin/msgmerge
configure:3535: result: /usr/bin/msgmerge
configure:3545: checking for msgfmt
configure:3563: found /usr/bin/msgfmt
configure:3575: result: /usr/bin/msgfmt
configure:3585: checking for gmsgfmt
configure:3616: result: /usr/bin/msgfmt
configure:3636: checking for perl
configure:3654: found /usr/bin/perl
configure:3666: result: /usr/bin/perl
configure:3677: checking for perl >= 5.8.1
configure:3684: result: 5.24.1
configure:3688: checking for XML::Parser
configure:3691: result: ok
configure:3753: checking for gcc
configure:3769: found /usr/bin/gcc
configure:3780: result: gcc
configure:4009: checking for C compiler version
configure:4018: gcc --version >&5
gcc (Debian 6.3.0-5) 6.3.0 20170124
Copyright (C) 2016 Free Software Foundation, Inc.
This is free software; see the source for copying conditions.  There is NO
warranty; not even for MERCHANTABILITY or FITNESS FOR A PARTICULAR PURPOSE.

configure:4029: $? = 0
configure:4018: gcc -v >&5
Using built-in specs.
COLLECT_GCC=gcc
COLLECT_LTO_WRAPPER=/usr/lib/gcc/x86_64-linux-gnu/6/lto-wrapper
Target: x86_64-linux-gnu
Configured with: ../src/configure -v --with-pkgversion='Debian 6.3.0-5' --with-bugurl=file:///usr/share/doc/gcc-6/README.Bugs --enable-languages=c,ada,c++,java,go,d,fortran,objc,obj-c++ --prefix=/usr --program-suffix=-6 --program-prefix=x86_64-linux-gnu- --enable-shared --enable-linker-build-id --libexecdir=/usr/lib --without-included-gettext --enable-threads=posix --libdir=/usr/lib --enable-nls --with-sysroot=/ --enable-clocale=gnu --enable-libstdcxx-debug --enable-libstdcxx-time=yes --with-default-libstdcxx-abi=new --enable-gnu-unique-object --disable-vtable-verify --enable-libmpx --enable-plugin --enable-default-pie --with-system-zlib --disable-browser-plugin --enable-java-awt=gtk --enable-gtk-cairo --with-java-home=/usr/lib/jvm/java-1.5.0-gcj-6-amd64/jre --enable-java-home --with-jvm-root-dir=/usr/lib/jvm/java-1.5.0-gcj-6-amd64 --with-jvm-jar-dir=/usr/lib/jvm-exports/java-1.5.0-gcj-6-amd64 --with-arch-directory=amd64 --with-ecj-jar=/usr/share/java/eclipse-ecj.jar --with-target-system-zlib --enable-objc-gc=auto --enable-multiarch --with-arch-32=i686 --with-abi=m64 --with-multilib-list=m32,m64,mx32 --enable-multilib --with-tune=generic --enable-checking=release --build=x86_64-linux-gnu --host=x86_64-linux-gnu --target=x86_64-linux-gnu
Thread model: posix
gcc version 6.3.0 20170124 (Debian 6.3.0-5) 
configure:4029: $? = 0
configure:4018: gcc -V >&5
gcc: error: unrecognized command line option '-V'
gcc: fatal error: no input files
compilation terminated.
configure:4029: $? = 1
configure:4018: gcc -qversion >&5
gcc: error: unrecognized command line option '-qversion'; did you mean '--version'?
gcc: fatal error: no input files
compilation terminated.
configure:4029: $? = 1
configure:4049: checking whether the C compiler works
configure:4071: gcc -g -O2 -fdebug-prefix-map=/home/anticap/nosystemd_build/mate-session-manager-1.16.1=. -fstack-protector-strong -Wformat -Werror=format-security -Wdate-time -D_FORTIFY_SOURCE=2 -Wl,-z,relro -Wl,-z,now conftest.c  >&5
configure:4075: $? = 0
configure:4123: result: yes
configure:4126: checking for C compiler default output file name
configure:4128: result: a.out
configure:4134: checking for suffix of executables
configure:4141: gcc -o conftest -g -O2 -fdebug-prefix-map=/home/anticap/nosystemd_build/mate-session-manager-1.16.1=. -fstack-protector-strong -Wformat -Werror=format-security -Wdate-time -D_FORTIFY_SOURCE=2 -Wl,-z,relro -Wl,-z,now conftest.c  >&5
configure:4145: $? = 0
configure:4167: result: 
configure:4189: checking whether we are cross compiling
configure:4197: gcc -o conftest -g -O2 -fdebug-prefix-map=/home/anticap/nosystemd_build/mate-session-manager-1.16.1=. -fstack-protector-strong -Wformat -Werror=format-security -Wdate-time -D_FORTIFY_SOURCE=2 -Wl,-z,relro -Wl,-z,now conftest.c  >&5
configure:4201: $? = 0
configure:4208: ./conftest
configure:4212: $? = 0
configure:4227: result: no
configure:4232: checking for suffix of object files
configure:4254: gcc -c -g -O2 -fdebug-prefix-map=/home/anticap/nosystemd_build/mate-session-manager-1.16.1=. -fstack-protector-strong -Wformat -Werror=format-security -Wdate-time -D_FORTIFY_SOURCE=2 conftest.c >&5
configure:4258: $? = 0
configure:4279: result: o
configure:4283: checking whether we are using the GNU C compiler
configure:4302: gcc -c -g -O2 -fdebug-prefix-map=/home/anticap/nosystemd_build/mate-session-manager-1.16.1=. -fstack-protector-strong -Wformat -Werror=format-security -Wdate-time -D_FORTIFY_SOURCE=2 conftest.c >&5
configure:4302: $? = 0
configure:4311: result: yes
configure:4320: checking whether gcc accepts -g
configure:4340: gcc -c -g -Wdate-time -D_FORTIFY_SOURCE=2 conftest.c >&5
configure:4340: $? = 0
configure:4381: result: yes
configure:4398: checking for gcc option to accept ISO C89
configure:4461: gcc  -c -g -O2 -fdebug-prefix-map=/home/anticap/nosystemd_build/mate-session-manager-1.16.1=. -fstack-protector-strong -Wformat -Werror=format-security -Wdate-time -D_FORTIFY_SOURCE=2 conftest.c >&5
configure:4461: $? = 0
configure:4474: result: none needed
configure:4499: checking whether gcc understands -c and -o together
configure:4521: gcc -c conftest.c -o conftest2.o
configure:4524: $? = 0
configure:4521: gcc -c conftest.c -o conftest2.o
configure:4524: $? = 0
configure:4536: result: yes
configure:4564: checking for style of include used by make
configure:4592: result: GNU
configure:4618: checking dependency style of gcc
configure:4729: result: none
configure:4750: checking how to run the C preprocessor
configure:4781: gcc -E -Wdate-time -D_FORTIFY_SOURCE=2 conftest.c
configure:4781: $? = 0
configure:4795: gcc -E -Wdate-time -D_FORTIFY_SOURCE=2 conftest.c
conftest.c:13:28: fatal error: ac_nonexistent.h: No such file or directory
 #include <ac_nonexistent.h>
                            ^
compilation terminated.
configure:4795: $? = 1
configure: failed program was:
| /* confdefs.h */
| #define PACKAGE_NAME "mate-session-manager"
| #define PACKAGE_TARNAME "mate-session-manager"
| #define PACKAGE_VERSION "1.16.1"
| #define PACKAGE_STRING "mate-session-manager 1.16.1"
| #define PACKAGE_BUGREPORT "http://www.mate-desktop.org/"
| #define PACKAGE_URL ""
| #define PACKAGE "mate-session-manager"
| #define VERSION "1.16.1"
| #define GLIB_VERSION_MAX_ALLOWED GLIB_VERSION_2_36
| #define GLIB_VERSION_MIN_REQUIRED GLIB_VERSION_2_36
| /* end confdefs.h.  */
| #include <ac_nonexistent.h>
configure:4820: result: gcc -E
configure:4840: gcc -E -Wdate-time -D_FORTIFY_SOURCE=2 conftest.c
configure:4840: $? = 0
configure:4854: gcc -E -Wdate-time -D_FORTIFY_SOURCE=2 conftest.c
conftest.c:13:28: fatal error: ac_nonexistent.h: No such file or directory
 #include <ac_nonexistent.h>
                            ^
compilation terminated.
configure:4854: $? = 1
configure: failed program was:
| /* confdefs.h */
| #define PACKAGE_NAME "mate-session-manager"
| #define PACKAGE_TARNAME "mate-session-manager"
| #define PACKAGE_VERSION "1.16.1"
| #define PACKAGE_STRING "mate-session-manager 1.16.1"
| #define PACKAGE_BUGREPORT "http://www.mate-desktop.org/"
| #define PACKAGE_URL ""
| #define PACKAGE "mate-session-manager"
| #define VERSION "1.16.1"
| #define GLIB_VERSION_MAX_ALLOWED GLIB_VERSION_2_36
| #define GLIB_VERSION_MIN_REQUIRED GLIB_VERSION_2_36
| /* end confdefs.h.  */
| #include <ac_nonexistent.h>
configure:4883: checking for grep that handles long lines and -e
configure:4941: result: /bin/grep
configure:4946: checking for egrep
configure:5008: result: /bin/grep -E
configure:5013: checking for ANSI C header files
configure:5033: gcc -c -g -O2 -fdebug-prefix-map=/home/anticap/nosystemd_build/mate-session-manager-1.16.1=. -fstack-protector-strong -Wformat -Werror=format-security -Wdate-time -D_FORTIFY_SOURCE=2 conftest.c >&5
configure:5033: $? = 0
configure:5106: gcc -o conftest -g -O2 -fdebug-prefix-map=/home/anticap/nosystemd_build/mate-session-manager-1.16.1=. -fstack-protector-strong -Wformat -Werror=format-security -Wdate-time -D_FORTIFY_SOURCE=2 -Wl,-z,relro -Wl,-z,now conftest.c  >&5
configure:5106: $? = 0
configure:5106: ./conftest
configure:5106: $? = 0
configure:5117: result: yes
configure:5154: checking build system type
configure:5168: result: x86_64-pc-linux-gnu
configure:5188: checking host system type
configure:5201: result: x86_64-pc-linux-gnu
configure:5242: checking how to print strings
configure:5269: result: printf
configure:5290: checking for a sed that does not truncate output
configure:5354: result: /bin/sed
configure:5372: checking for fgrep
configure:5434: result: /bin/grep -F
configure:5469: checking for ld used by gcc
configure:5536: result: /usr/bin/ld
configure:5543: checking if the linker (/usr/bin/ld) is GNU ld
configure:5558: result: yes
configure:5570: checking for BSD- or MS-compatible name lister (nm)
configure:5624: result: /usr/bin/nm -B
configure:5754: checking the name lister (/usr/bin/nm -B) interface
configure:5761: gcc -c -g -O2 -fdebug-prefix-map=/home/anticap/nosystemd_build/mate-session-manager-1.16.1=. -fstack-protector-strong -Wformat -Werror=format-security -Wdate-time -D_FORTIFY_SOURCE=2 conftest.c >&5
configure:5764: /usr/bin/nm -B "conftest.o"
configure:5767: output
0000000000000000 B some_variable
configure:5774: result: BSD nm
configure:5777: checking whether ln -s works
configure:5781: result: yes
configure:5789: checking the maximum length of command line arguments
configure:5920: result: 1572864
configure:5968: checking how to convert x86_64-pc-linux-gnu file names to x86_64-pc-linux-gnu format
configure:6008: result: func_convert_file_noop
configure:6015: checking how to convert x86_64-pc-linux-gnu file names to toolchain format
configure:6035: result: func_convert_file_noop
configure:6042: checking for /usr/bin/ld option to reload object files
configure:6049: result: -r
configure:6123: checking for objdump
configure:6139: found /usr/bin/objdump
configure:6150: result: objdump
configure:6182: checking how to recognize dependent libraries
configure:6382: result: pass_all
configure:6467: checking for dlltool
configure:6497: result: no
configure:6527: checking how to associate runtime and link libraries
configure:6554: result: printf %s\n
configure:6614: checking for ar
configure:6630: found /usr/bin/ar
configure:6641: result: ar
configure:6678: checking for archiver @FILE support
configure:6695: gcc -c -g -O2 -fdebug-prefix-map=/home/anticap/nosystemd_build/mate-session-manager-1.16.1=. -fstack-protector-strong -Wformat -Werror=format-security -Wdate-time -D_FORTIFY_SOURCE=2 conftest.c >&5
configure:6695: $? = 0
configure:6698: ar cru libconftest.a @conftest.lst >&5
ar: `u' modifier ignored since `D' is the default (see `U')
configure:6701: $? = 0
configure:6706: ar cru libconftest.a @conftest.lst >&5
ar: `u' modifier ignored since `D' is the default (see `U')
ar: conftest.o: No such file or directory
configure:6709: $? = 1
configure:6721: result: @
configure:6779: checking for strip
configure:6795: found /usr/bin/strip
configure:6806: result: strip
configure:6878: checking for ranlib
configure:6894: found /usr/bin/ranlib
configure:6905: result: ranlib
configure:7007: checking command to parse /usr/bin/nm -B output from gcc object
configure:7160: gcc -c -g -O2 -fdebug-prefix-map=/home/anticap/nosystemd_build/mate-session-manager-1.16.1=. -fstack-protector-strong -Wformat -Werror=format-security -Wdate-time -D_FORTIFY_SOURCE=2 conftest.c >&5
configure:7163: $? = 0
configure:7167: /usr/bin/nm -B conftest.o \| sed -n -e 's/^.*[ ]\([ABCDGIRSTW][ABCDGIRSTW]*\)[ ][ ]*\([_A-Za-z][_A-Za-z0-9]*\)$/\1 \2 \2/p' | sed '/ __gnu_lto/d' \> conftest.nm
configure:7170: $? = 0
configure:7236: gcc -o conftest -g -O2 -fdebug-prefix-map=/home/anticap/nosystemd_build/mate-session-manager-1.16.1=. -fstack-protector-strong -Wformat -Werror=format-security -Wdate-time -D_FORTIFY_SOURCE=2 -Wl,-z,relro -Wl,-z,now conftest.c conftstm.o >&5
configure:7239: $? = 0
configure:7277: result: ok
configure:7324: checking for sysroot
configure:7354: result: no
configure:7361: checking for a working dd
configure:7399: result: /bin/dd
configure:7403: checking how to truncate binary pipes
configure:7418: result: /bin/dd bs=4096 count=1
configure:7554: gcc -c -g -O2 -fdebug-prefix-map=/home/anticap/nosystemd_build/mate-session-manager-1.16.1=. -fstack-protector-strong -Wformat -Werror=format-security -Wdate-time -D_FORTIFY_SOURCE=2 conftest.c >&5
configure:7557: $? = 0
configure:7747: checking for mt
configure:7763: found /bin/mt
configure:7774: result: mt
configure:7797: checking if mt is a manifest tool
configure:7803: mt '-?'
configure:7811: result: no
configure:8488: checking for sys/types.h
configure:8488: gcc -c -g -O2 -fdebug-prefix-map=/home/anticap/nosystemd_build/mate-session-manager-1.16.1=. -fstack-protector-strong -Wformat -Werror=format-security -Wdate-time -D_FORTIFY_SOURCE=2 conftest.c >&5
configure:8488: $? = 0
configure:8488: result: yes
configure:8488: checking for sys/stat.h
configure:8488: gcc -c -g -O2 -fdebug-prefix-map=/home/anticap/nosystemd_build/mate-session-manager-1.16.1=. -fstack-protector-strong -Wformat -Werror=format-security -Wdate-time -D_FORTIFY_SOURCE=2 conftest.c >&5
configure:8488: $? = 0
configure:8488: result: yes
configure:8488: checking for stdlib.h
configure:8488: gcc -c -g -O2 -fdebug-prefix-map=/home/anticap/nosystemd_build/mate-session-manager-1.16.1=. -fstack-protector-strong -Wformat -Werror=format-security -Wdate-time -D_FORTIFY_SOURCE=2 conftest.c >&5
configure:8488: $? = 0
configure:8488: result: yes
configure:8488: checking for string.h
configure:8488: gcc -c -g -O2 -fdebug-prefix-map=/home/anticap/nosystemd_build/mate-session-manager-1.16.1=. -fstack-protector-strong -Wformat -Werror=format-security -Wdate-time -D_FORTIFY_SOURCE=2 conftest.c >&5
configure:8488: $? = 0
configure:8488: result: yes
configure:8488: checking for memory.h
configure:8488: gcc -c -g -O2 -fdebug-prefix-map=/home/anticap/nosystemd_build/mate-session-manager-1.16.1=. -fstack-protector-strong -Wformat -Werror=format-security -Wdate-time -D_FORTIFY_SOURCE=2 conftest.c >&5
configure:8488: $? = 0
configure:8488: result: yes
configure:8488: checking for strings.h
configure:8488: gcc -c -g -O2 -fdebug-prefix-map=/home/anticap/nosystemd_build/mate-session-manager-1.16.1=. -fstack-protector-strong -Wformat -Werror=format-security -Wdate-time -D_FORTIFY_SOURCE=2 conftest.c >&5
configure:8488: $? = 0
configure:8488: result: yes
configure:8488: checking for inttypes.h
configure:8488: gcc -c -g -O2 -fdebug-prefix-map=/home/anticap/nosystemd_build/mate-session-manager-1.16.1=. -fstack-protector-strong -Wformat -Werror=format-security -Wdate-time -D_FORTIFY_SOURCE=2 conftest.c >&5
configure:8488: $? = 0
configure:8488: result: yes
configure:8488: checking for stdint.h
configure:8488: gcc -c -g -O2 -fdebug-prefix-map=/home/anticap/nosystemd_build/mate-session-manager-1.16.1=. -fstack-protector-strong -Wformat -Werror=format-security -Wdate-time -D_FORTIFY_SOURCE=2 conftest.c >&5
configure:8488: $? = 0
configure:8488: result: yes
configure:8488: checking for unistd.h
configure:8488: gcc -c -g -O2 -fdebug-prefix-map=/home/anticap/nosystemd_build/mate-session-manager-1.16.1=. -fstack-protector-strong -Wformat -Werror=format-security -Wdate-time -D_FORTIFY_SOURCE=2 conftest.c >&5
configure:8488: $? = 0
configure:8488: result: yes
configure:8502: checking for dlfcn.h
configure:8502: gcc -c -g -O2 -fdebug-prefix-map=/home/anticap/nosystemd_build/mate-session-manager-1.16.1=. -fstack-protector-strong -Wformat -Werror=format-security -Wdate-time -D_FORTIFY_SOURCE=2 conftest.c >&5
configure:8502: $? = 0
configure:8502: result: yes
configure:8758: checking for objdir
configure:8773: result: .libs
configure:9037: checking if gcc supports -fno-rtti -fno-exceptions
configure:9055: gcc -c -g -O2 -fdebug-prefix-map=/home/anticap/nosystemd_build/mate-session-manager-1.16.1=. -fstack-protector-strong -Wformat -Werror=format-security -Wdate-time -D_FORTIFY_SOURCE=2 -fno-rtti -fno-exceptions conftest.c >&5
cc1: warning: command line option '-fno-rtti' is valid for C++/ObjC++ but not for C
configure:9059: $? = 0
configure:9072: result: no
configure:9430: checking for gcc option to produce PIC
configure:9437: result: -fPIC -DPIC
configure:9445: checking if gcc PIC flag -fPIC -DPIC works
configure:9463: gcc -c -g -O2 -fdebug-prefix-map=/home/anticap/nosystemd_build/mate-session-manager-1.16.1=. -fstack-protector-strong -Wformat -Werror=format-security -Wdate-time -D_FORTIFY_SOURCE=2 -fPIC -DPIC -DPIC conftest.c >&5
configure:9467: $? = 0
configure:9480: result: yes
configure:9509: checking if gcc static flag -static works
configure:9537: result: yes
configure:9552: checking if gcc supports -c -o file.o
configure:9573: gcc -c -g -O2 -fdebug-prefix-map=/home/anticap/nosystemd_build/mate-session-manager-1.16.1=. -fstack-protector-strong -Wformat -Werror=format-security -Wdate-time -D_FORTIFY_SOURCE=2 -o out/conftest2.o conftest.c >&5
configure:9577: $? = 0
configure:9599: result: yes
configure:9607: checking if gcc supports -c -o file.o
configure:9654: result: yes
configure:9687: checking whether the gcc linker (/usr/bin/ld -m elf_x86_64) supports shared libraries
configure:10950: result: yes
configure:10987: checking whether -lc should be explicitly linked in
configure:10995: gcc -c -g -O2 -fdebug-prefix-map=/home/anticap/nosystemd_build/mate-session-manager-1.16.1=. -fstack-protector-strong -Wformat -Werror=format-security -Wdate-time -D_FORTIFY_SOURCE=2 conftest.c >&5
configure:10998: $? = 0
configure:11013: gcc -shared  -fPIC -DPIC conftest.o  -v -Wl,-soname -Wl,conftest -o conftest 2\>\&1 \| /bin/grep  -lc  \>/dev/null 2\>\&1
configure:11016: $? = 0
configure:11030: result: no
configure:11190: checking dynamic linker characteristics
configure:11771: gcc -o conftest -g -O2 -fdebug-prefix-map=/home/anticap/nosystemd_build/mate-session-manager-1.16.1=. -fstack-protector-strong -Wformat -Werror=format-security -Wdate-time -D_FORTIFY_SOURCE=2 -Wl,-z,relro -Wl,-z,now -Wl,-rpath -Wl,/foo conftest.c  >&5
configure:11771: $? = 0
configure:12020: result: GNU/Linux ld.so
configure:12142: checking how to hardcode library paths into programs
configure:12167: result: immediate
configure:12715: checking whether stripping libraries is possible
configure:12720: result: yes
configure:12755: checking if libtool supports shared libraries
configure:12757: result: yes
configure:12760: checking whether to build shared libraries
configure:12785: result: yes
configure:12788: checking whether to build static libraries
configure:12792: result: yes
configure:12831: checking for glib-genmarshal
configure:12849: found /usr/bin/glib-genmarshal
configure:12861: result: /usr/bin/glib-genmarshal
configure:12921: checking whether gcc understands -Wno-sign-compare
configure:12934: gcc -c -Wall -Wmissing-prototypes -Wnested-externs -Wpointer-arith -g -O2 -fdebug-prefix-map=/home/anticap/nosystemd_build/mate-session-manager-1.16.1=. -fstack-protector-strong -Wformat -Werror=format-security -Wno-sign-compare -Wdate-time -D_FORTIFY_SOURCE=2 conftest.c >&5
configure:12934: $? = 0
configure:12941: result: yes
configure:12959: checking what warning flags to pass to the C compiler
configure:12961: result: -Wall -Wmissing-prototypes -Wnested-externs -Wpointer-arith -Wno-sign-compare
configure:12972: checking what language compliance flags to pass to the C compiler
configure:12987: result: 
configure:13067: checking for pkg-config
configure:13085: found /usr/bin/pkg-config
configure:13097: result: /usr/bin/pkg-config
configure:13122: checking pkg-config is at least version 0.9.0
configure:13125: result: yes
configure:13136: checking for MATE_SESSION
configure:13147: $PKG_CONFIG --exists --print-errors "glib-2.0 >= $GLIB_REQUIRED
        gio-2.0 >= $GIO_REQUIRED
        gtk+-3.0 >= $GTK_REQUIRED
        dbus-glib-1 >= $DBUS_GLIB_REQUIRED
"
configure:13154: $? = 0
configure:13176: $PKG_CONFIG --exists --print-errors "glib-2.0 >= $GLIB_REQUIRED
        gio-2.0 >= $GIO_REQUIRED
        gtk+-3.0 >= $GTK_REQUIRED
        dbus-glib-1 >= $DBUS_GLIB_REQUIRED
"
configure:13183: $? = 0
configure:13257: result: yes
configure:13264: checking for SESSION_PROPERTIES
configure:13273: $PKG_CONFIG --exists --print-errors "glib-2.0 >= $GLIB_REQUIRED
        gtk+-3.0 >= $GTK_REQUIRED
"
configure:13278: $? = 0
configure:13296: $PKG_CONFIG --exists --print-errors "glib-2.0 >= $GLIB_REQUIRED
        gtk+-3.0 >= $GTK_REQUIRED
"
configure:13301: $? = 0
configure:13367: result: yes
configure:13374: checking for X11
configure:13381: $PKG_CONFIG --exists --print-errors "x11"
configure:13384: $? = 0
configure:13398: $PKG_CONFIG --exists --print-errors "x11"
configure:13401: $? = 0
configure:13459: result: yes
configure:13465: checking for SM
configure:13472: $PKG_CONFIG --exists --print-errors "sm"
configure:13475: $? = 0
configure:13489: $PKG_CONFIG --exists --print-errors "sm"
configure:13492: $? = 0
configure:13550: result: yes
configure:13556: checking for ICE
configure:13563: $PKG_CONFIG --exists --print-errors "ice"
configure:13566: $? = 0
configure:13580: $PKG_CONFIG --exists --print-errors "ice"
configure:13583: $? = 0
configure:13641: result: yes
configure:13647: checking for XEXT
configure:13654: $PKG_CONFIG --exists --print-errors "xext xau"
configure:13657: $? = 0
configure:13671: $PKG_CONFIG --exists --print-errors "xext xau"
configure:13674: $? = 0
configure:13732: result: yes
configure:13739: checking for DBUS_GLIB
configure:13746: $PKG_CONFIG --exists --print-errors "dbus-glib-1 >= $DBUS_GLIB_REQUIRED"
configure:13749: $? = 0
configure:13763: $PKG_CONFIG --exists --print-errors "dbus-glib-1 >= $DBUS_GLIB_REQUIRED"
configure:13766: $? = 0
configure:13824: result: yes
configure:13831: checking for EGG_SMCLIENT
configure:13838: $PKG_CONFIG --exists --print-errors "gtk+-3.0"
configure:13841: $? = 0
configure:13855: $PKG_CONFIG --exists --print-errors "gtk+-3.0"
configure:13858: $? = 0
configure:13916: result: yes
configure:14008: checking for pkg-config
configure:14038: result: /usr/bin/pkg-config
configure:14063: checking pkg-config is at least version 0.16
configure:14066: result: yes
configure:14190: checking for SYSTEMD
configure:14197: $PKG_CONFIG --exists --print-errors "libsystemd"
Package libsystemd was not found in the pkg-config search path.
Perhaps you should add the directory containing `libsystemd.pc'
to the PKG_CONFIG_PATH environment variable
No package 'libsystemd' found
configure:14200: $? = 1
configure:14214: $PKG_CONFIG --exists --print-errors "libsystemd"
Package libsystemd was not found in the pkg-config search path.
Perhaps you should add the directory containing `libsystemd.pc'
to the PKG_CONFIG_PATH environment variable
No package 'libsystemd' found
configure:14217: $? = 1
configure:14231: result: no
No package 'libsystemd' found
configure:14249: checking for SYSTEMD
configure:14256: $PKG_CONFIG --exists --print-errors "libsystemd-login"
Package libsystemd-login was not found in the pkg-config search path.
Perhaps you should add the directory containing `libsystemd-login.pc'
to the PKG_CONFIG_PATH environment variable
No package 'libsystemd-login' found
configure:14259: $? = 1
configure:14273: $PKG_CONFIG --exists --print-errors "libsystemd-login"
Package libsystemd-login was not found in the pkg-config search path.
Perhaps you should add the directory containing `libsystemd-login.pc'
to the PKG_CONFIG_PATH environment variable
No package 'libsystemd-login' found
configure:14276: $? = 1
configure:14290: result: no
No package 'libsystemd-login' found
configure:14596: checking for X11/extensions/sync.h
configure:14596: gcc -c -g -O2 -fdebug-prefix-map=/home/anticap/nosystemd_build/mate-session-manager-1.16.1=. -fstack-protector-strong -Wformat -Werror=format-security -Wdate-time -D_FORTIFY_SOURCE=2 conftest.c >&5
configure:14596: $? = 0
configure:14596: result: yes
configure:14613: checking for XTEST
configure:14620: $PKG_CONFIG --exists --print-errors "xtst"
configure:14623: $? = 0
configure:14637: $PKG_CONFIG --exists --print-errors "xtst"
configure:14640: $? = 0
configure:14678: result: yes
configure:14694: checking for XRENDER
configure:14701: $PKG_CONFIG --exists --print-errors "xrender"
configure:14704: $? = 0
configure:14718: $PKG_CONFIG --exists --print-errors "xrender"
configure:14721: $? = 0
configure:14759: result: yes
configure:14790: checking for xmlto
configure:14808: found /usr/bin/xmlto
configure:14821: result: /usr/bin/xmlto
configure:14829: checking whether to build DocBook documentation
configure:14856: result: yes
configure:14861: checking for xsltproc
configure:14879: found /usr/bin/xsltproc
configure:14891: result: /usr/bin/xsltproc
configure:14911: checking locale.h usability
configure:14911: gcc -c -g -O2 -fdebug-prefix-map=/home/anticap/nosystemd_build/mate-session-manager-1.16.1=. -fstack-protector-strong -Wformat -Werror=format-security -Wdate-time -D_FORTIFY_SOURCE=2 conftest.c >&5
configure:14911: $? = 0
configure:14911: result: yes
configure:14911: checking locale.h presence
configure:14911: gcc -E -Wdate-time -D_FORTIFY_SOURCE=2 conftest.c
configure:14911: $? = 0
configure:14911: result: yes
configure:14911: checking for locale.h
configure:14911: result: yes
configure:14922: checking for LC_MESSAGES
configure:14938: gcc -o conftest -g -O2 -fdebug-prefix-map=/home/anticap/nosystemd_build/mate-session-manager-1.16.1=. -fstack-protector-strong -Wformat -Werror=format-security -Wdate-time -D_FORTIFY_SOURCE=2 -Wl,-z,relro -Wl,-z,now conftest.c  >&5
configure:14938: $? = 0
configure:14946: result: yes
configure:14963: checking libintl.h usability
configure:14963: gcc -c -g -O2 -fdebug-prefix-map=/home/anticap/nosystemd_build/mate-session-manager-1.16.1=. -fstack-protector-strong -Wformat -Werror=format-security -Wdate-time -D_FORTIFY_SOURCE=2 conftest.c >&5
configure:14963: $? = 0
configure:14963: result: yes
configure:14963: checking libintl.h presence
configure:14963: gcc -E -Wdate-time -D_FORTIFY_SOURCE=2 conftest.c
configure:14963: $? = 0
configure:14963: result: yes
configure:14963: checking for libintl.h
configure:14963: result: yes
configure:14971: checking for ngettext in libc
configure:14989: gcc -o conftest -g -O2 -fdebug-prefix-map=/home/anticap/nosystemd_build/mate-session-manager-1.16.1=. -fstack-protector-strong -Wformat -Werror=format-security -Wdate-time -D_FORTIFY_SOURCE=2 -Wl,-z,relro -Wl,-z,now conftest.c  >&5
configure:14989: $? = 0
configure:14998: result: yes
configure:15002: checking for dgettext in libc
configure:15020: gcc -o conftest -g -O2 -fdebug-prefix-map=/home/anticap/nosystemd_build/mate-session-manager-1.16.1=. -fstack-protector-strong -Wformat -Werror=format-security -Wdate-time -D_FORTIFY_SOURCE=2 -Wl,-z,relro -Wl,-z,now conftest.c  >&5
configure:15020: $? = 0
configure:15029: result: yes
configure:15036: checking for bind_textdomain_codeset
configure:15036: gcc -o conftest -g -O2 -fdebug-prefix-map=/home/anticap/nosystemd_build/mate-session-manager-1.16.1=. -fstack-protector-strong -Wformat -Werror=format-security -Wdate-time -D_FORTIFY_SOURCE=2 -Wl,-z,relro -Wl,-z,now conftest.c  >&5
configure:15036: $? = 0
configure:15036: result: yes
configure:15312: checking for msgfmt
configure:15339: result: /usr/bin/msgfmt
configure:15350: checking for dcgettext
configure:15350: gcc -o conftest -g -O2 -fdebug-prefix-map=/home/anticap/nosystemd_build/mate-session-manager-1.16.1=. -fstack-protector-strong -Wformat -Werror=format-security -Wdate-time -D_FORTIFY_SOURCE=2 -Wl,-z,relro -Wl,-z,now conftest.c   >&5
conftest.c:56:6: warning: conflicting types for built-in function 'dcgettext'
 char dcgettext ();
      ^~~~~~~~~
configure:15350: $? = 0
configure:15350: result: yes
configure:15360: checking if msgfmt accepts -c
configure:15375: $MSGFMT -c -o /dev/null conftest.foo
conftest.foo:3: warning: header field 'Language' missing in header
configure:15378: $? = 0
configure:15380: result: yes
configure:15390: checking for gmsgfmt
configure:15421: result: /usr/bin/msgfmt
configure:15431: checking for xgettext
configure:15458: result: /usr/bin/xgettext
configure:15477: gcc -o conftest -g -O2 -fdebug-prefix-map=/home/anticap/nosystemd_build/mate-session-manager-1.16.1=. -fstack-protector-strong -Wformat -Werror=format-security -Wdate-time -D_FORTIFY_SOURCE=2 -Wl,-z,relro -Wl,-z,now conftest.c   >&5
configure:15477: $? = 0
configure:15617: checking for ANSI C header files
configure:15721: result: yes
configure:15732: checking syslog.h usability
configure:15732: gcc -c -g -O2 -fdebug-prefix-map=/home/anticap/nosystemd_build/mate-session-manager-1.16.1=. -fstack-protector-strong -Wformat -Werror=format-security -Wdate-time -D_FORTIFY_SOURCE=2 conftest.c >&5
configure:15732: $? = 0
configure:15732: result: yes
configure:15732: checking syslog.h presence
configure:15732: gcc -E -Wdate-time -D_FORTIFY_SOURCE=2 conftest.c
configure:15732: $? = 0
configure:15732: result: yes
configure:15732: checking for syslog.h
configure:15732: result: yes
configure:15732: checking tcpd.h usability
configure:15732: gcc -c -g -O2 -fdebug-prefix-map=/home/anticap/nosystemd_build/mate-session-manager-1.16.1=. -fstack-protector-strong -Wformat -Werror=format-security -Wdate-time -D_FORTIFY_SOURCE=2 conftest.c >&5
configure:15732: $? = 0
configure:15732: result: yes
configure:15732: checking tcpd.h presence
configure:15732: gcc -E -Wdate-time -D_FORTIFY_SOURCE=2 conftest.c
configure:15732: $? = 0
configure:15732: result: yes
configure:15732: checking for tcpd.h
configure:15732: result: yes
configure:15732: checking sys/param.h usability
configure:15732: gcc -c -g -O2 -fdebug-prefix-map=/home/anticap/nosystemd_build/mate-session-manager-1.16.1=. -fstack-protector-strong -Wformat -Werror=format-security -Wdate-time -D_FORTIFY_SOURCE=2 conftest.c >&5
configure:15732: $? = 0
configure:15732: result: yes
configure:15732: checking sys/param.h presence
configure:15732: gcc -E -Wdate-time -D_FORTIFY_SOURCE=2 conftest.c
configure:15732: $? = 0
configure:15732: result: yes
configure:15732: checking for sys/param.h
configure:15732: result: yes
configure:15746: checking execinfo.h usability
configure:15746: gcc -c -g -O2 -fdebug-prefix-map=/home/anticap/nosystemd_build/mate-session-manager-1.16.1=. -fstack-protector-strong -Wformat -Werror=format-security -Wdate-time -D_FORTIFY_SOURCE=2 conftest.c >&5
configure:15746: $? = 0
configure:15746: result: yes
configure:15746: checking execinfo.h presence
configure:15746: gcc -E -Wdate-time -D_FORTIFY_SOURCE=2 conftest.c
configure:15746: $? = 0
configure:15746: result: yes
configure:15746: checking for execinfo.h
configure:15746: result: yes
configure:15756: checking for backtrace in -lexecinfo
configure:15781: gcc -o conftest -g -O2 -fdebug-prefix-map=/home/anticap/nosystemd_build/mate-session-manager-1.16.1=. -fstack-protector-strong -Wformat -Werror=format-security -Wdate-time -D_FORTIFY_SOURCE=2 -Wl,-z,relro -Wl,-z,now conftest.c -lexecinfo   >&5
/usr/bin/ld: cannot find -lexecinfo
collect2: error: ld returned 1 exit status
configure:15781: $? = 1
configure: failed program was:
| /* confdefs.h */
| #define PACKAGE_NAME "mate-session-manager"
| #define PACKAGE_TARNAME "mate-session-manager"
| #define PACKAGE_VERSION "1.16.1"
| #define PACKAGE_STRING "mate-session-manager 1.16.1"
| #define PACKAGE_BUGREPORT "http://www.mate-desktop.org/"
| #define PACKAGE_URL ""
| #define PACKAGE "mate-session-manager"
| #define VERSION "1.16.1"
| #define GLIB_VERSION_MAX_ALLOWED GLIB_VERSION_2_36
| #define GLIB_VERSION_MIN_REQUIRED GLIB_VERSION_2_36
| #define STDC_HEADERS 1
| #define HAVE_SYS_TYPES_H 1
| #define HAVE_SYS_STAT_H 1
| #define HAVE_STDLIB_H 1
| #define HAVE_STRING_H 1
| #define HAVE_MEMORY_H 1
| #define HAVE_STRINGS_H 1
| #define HAVE_INTTYPES_H 1
| #define HAVE_STDINT_H 1
| #define HAVE_UNISTD_H 1
| #define HAVE_DLFCN_H 1
| #define LT_OBJDIR ".libs/"
| #define HAVE_XSYNC 1
| #define HAVE_XTEST 1
| #define HAVE_XRENDER 1
| #define GETTEXT_PACKAGE "mate-session-manager"
| #define HAVE_LOCALE_H 1
| #define HAVE_LC_MESSAGES 1
| #define HAVE_BIND_TEXTDOMAIN_CODESET 1
| #define HAVE_GETTEXT 1
| #define HAVE_DCGETTEXT 1
| #define ENABLE_NLS 1
| #define STDC_HEADERS 1
| #define HAVE_SYSLOG_H 1
| #define HAVE_TCPD_H 1
| #define HAVE_SYS_PARAM_H 1
| #define HAVE_EXECINFO_H 1
| /* end confdefs.h.  */
| 
| /* Override any GCC internal prototype to avoid an error.
|    Use char because int might match the return type of a GCC
|    builtin and then its argument prototype would still apply.  */
| #ifdef __cplusplus
| extern "C"
| #endif
| char backtrace ();
| int
| main ()
| {
| return backtrace ();
|   ;
|   return 0;
| }
configure:15790: result: no
configure:15815: checking for XTRANS
configure:15822: $PKG_CONFIG --exists --print-errors "xtrans"
configure:15825: $? = 0
configure:15839: $PKG_CONFIG --exists --print-errors "xtrans"
configure:15842: $? = 0
configure:15900: result: yes
configure:15909: checking whether to enable ipv6
configure:15936: gcc -c -g -O2 -fdebug-prefix-map=/home/anticap/nosystemd_build/mate-session-manager-1.16.1=. -fstack-protector-strong -Wformat -Werror=format-security -Wdate-time -D_FORTIFY_SOURCE=2 conftest.c >&5
configure:15936: $? = 0
configure:15943: result: yes
configure:15948: checking for getaddrinfo
configure:15948: gcc -o conftest -g -O2 -fdebug-prefix-map=/home/anticap/nosystemd_build/mate-session-manager-1.16.1=. -fstack-protector-strong -Wformat -Werror=format-security -Wdate-time -D_FORTIFY_SOURCE=2 -Wl,-z,relro -Wl,-z,now conftest.c  >&5
configure:15948: $? = 0
configure:15948: result: yes
configure:16014: checking for mawk
configure:16032: found /usr/bin/mawk
configure:16044: result: /usr/bin/mawk
configure:16059: checking for perl5
configure:16092: result: no
configure:16059: checking for perl
configure:16077: found /usr/bin/perl
configure:16089: result: /usr/bin/perl
configure:16230: checking that generated files are newer than configure
configure:16236: result: done
configure:16287: creating ./config.status

## ---------------------- ##
## Running config.status. ##
## ---------------------- ##

This file was extended by mate-session-manager config.status 1.16.1, which was
generated by GNU Autoconf 2.69.  Invocation command line was

  CONFIG_FILES    = 
  CONFIG_HEADERS  = 
  CONFIG_LINKS    = 
  CONFIG_COMMANDS = 
  $ ./config.status 

on antix1

config.status:1309: creating Makefile
config.status:1309: creating capplet/Makefile
config.status:1309: creating doc/Makefile
config.status:1309: creating doc/dbus/Makefile
config.status:1309: creating doc/dbus/mate-session.xml
config.status:1309: creating doc/man/Makefile
config.status:1309: creating data/Makefile
config.status:1309: creating data/mate-wm.desktop.in
config.status:1309: creating data/mate-session-properties.desktop.in
config.status:1309: creating data/org.mate.session.gschema.xml
config.status:1309: creating data/icons/Makefile
config.status:1309: creating data/icons/16x16/Makefile
config.status:1309: creating data/icons/22x22/Makefile
config.status:1309: creating data/icons/24x24/Makefile
config.status:1309: creating data/icons/32x32/Makefile
config.status:1309: creating data/icons/48x48/Makefile
config.status:1309: creating data/icons/scalable/Makefile
config.status:1309: creating egg/Makefile
config.status:1309: creating mate-session/Makefile
config.status:1309: creating tools/Makefile
config.status:1309: creating po/Makefile.in
config.status:1309: creating config.h
config.status:1538: executing depfiles commands
config.status:1538: executing libtool commands
config.status:1538: executing default-1 commands
config.status:1538: executing po/stamp-it commands
configure:18471: WARNING: unrecognized options: --with-gtk

## ---------------- ##
## Cache variables. ##
## ---------------- ##

ac_cv_build=x86_64-pc-linux-gnu
ac_cv_c_compiler_gnu=yes
ac_cv_env_CC_set=
ac_cv_env_CC_value=
ac_cv_env_CFLAGS_set=set
ac_cv_env_CFLAGS_value='-g -O2 -fdebug-prefix-map=/home/anticap/nosystemd_build/mate-session-manager-1.16.1=. -fstack-protector-strong -Wformat -Werror=format-security'
ac_cv_env_CPPFLAGS_set=set
ac_cv_env_CPPFLAGS_value='-Wdate-time -D_FORTIFY_SOURCE=2'
ac_cv_env_CPP_set=
ac_cv_env_CPP_value=
ac_cv_env_DBUS_GLIB_CFLAGS_set=
ac_cv_env_DBUS_GLIB_CFLAGS_value=
ac_cv_env_DBUS_GLIB_LIBS_set=
ac_cv_env_DBUS_GLIB_LIBS_value=
ac_cv_env_EGG_SMCLIENT_CFLAGS_set=
ac_cv_env_EGG_SMCLIENT_CFLAGS_value=
ac_cv_env_EGG_SMCLIENT_LIBS_set=
ac_cv_env_EGG_SMCLIENT_LIBS_value=
ac_cv_env_ICE_CFLAGS_set=
ac_cv_env_ICE_CFLAGS_value=
ac_cv_env_ICE_LIBS_set=
ac_cv_env_ICE_LIBS_value=
ac_cv_env_LDFLAGS_set=set
ac_cv_env_LDFLAGS_value='-Wl,-z,relro -Wl,-z,now'
ac_cv_env_LIBS_set=
ac_cv_env_LIBS_value=
ac_cv_env_LT_SYS_LIBRARY_PATH_set=
ac_cv_env_LT_SYS_LIBRARY_PATH_value=
ac_cv_env_MATE_SESSION_CFLAGS_set=
ac_cv_env_MATE_SESSION_CFLAGS_value=
ac_cv_env_MATE_SESSION_LIBS_set=
ac_cv_env_MATE_SESSION_LIBS_value=
ac_cv_env_PKG_CONFIG_LIBDIR_set=
ac_cv_env_PKG_CONFIG_LIBDIR_value=
ac_cv_env_PKG_CONFIG_PATH_set=
ac_cv_env_PKG_CONFIG_PATH_value=
ac_cv_env_PKG_CONFIG_set=
ac_cv_env_PKG_CONFIG_value=
ac_cv_env_SESSION_PROPERTIES_CFLAGS_set=
ac_cv_env_SESSION_PROPERTIES_CFLAGS_value=
ac_cv_env_SESSION_PROPERTIES_LIBS_set=
ac_cv_env_SESSION_PROPERTIES_LIBS_value=
ac_cv_env_SM_CFLAGS_set=
ac_cv_env_SM_CFLAGS_value=
ac_cv_env_SM_LIBS_set=
ac_cv_env_SM_LIBS_value=
ac_cv_env_SYSTEMD_CFLAGS_set=
ac_cv_env_SYSTEMD_CFLAGS_value=
ac_cv_env_SYSTEMD_LIBS_set=
ac_cv_env_SYSTEMD_LIBS_value=
ac_cv_env_UPOWER_CFLAGS_set=
ac_cv_env_UPOWER_CFLAGS_value=
ac_cv_env_UPOWER_HIBERNATE_CFLAGS_set=
ac_cv_env_UPOWER_HIBERNATE_CFLAGS_value=
ac_cv_env_UPOWER_HIBERNATE_LIBS_set=
ac_cv_env_UPOWER_HIBERNATE_LIBS_value=
ac_cv_env_UPOWER_LIBS_set=
ac_cv_env_UPOWER_LIBS_value=
ac_cv_env_X11_CFLAGS_set=
ac_cv_env_X11_CFLAGS_value=
ac_cv_env_X11_LIBS_set=
ac_cv_env_X11_LIBS_value=
ac_cv_env_XEXT_CFLAGS_set=
ac_cv_env_XEXT_CFLAGS_value=
ac_cv_env_XEXT_LIBS_set=
ac_cv_env_XEXT_LIBS_value=
ac_cv_env_XRENDER_CFLAGS_set=
ac_cv_env_XRENDER_CFLAGS_value=
ac_cv_env_XRENDER_LIBS_set=
ac_cv_env_XRENDER_LIBS_value=
ac_cv_env_XTEST_CFLAGS_set=
ac_cv_env_XTEST_CFLAGS_value=
ac_cv_env_XTEST_LIBS_set=
ac_cv_env_XTEST_LIBS_value=
ac_cv_env_XTRANS_CFLAGS_set=
ac_cv_env_XTRANS_CFLAGS_value=
ac_cv_env_XTRANS_LIBS_set=
ac_cv_env_XTRANS_LIBS_value=
ac_cv_env_build_alias_set=set
ac_cv_env_build_alias_value=x86_64-linux-gnu
ac_cv_env_host_alias_set=
ac_cv_env_host_alias_value=
ac_cv_env_target_alias_set=
ac_cv_env_target_alias_value=
ac_cv_func_bind_textdomain_codeset=yes
ac_cv_func_dcgettext=yes
ac_cv_func_getaddrinfo=yes
ac_cv_header_X11_extensions_sync_h=yes
ac_cv_header_dlfcn_h=yes
ac_cv_header_execinfo_h=yes
ac_cv_header_inttypes_h=yes
ac_cv_header_libintl_h=yes
ac_cv_header_locale_h=yes
ac_cv_header_memory_h=yes
ac_cv_header_stdc=yes
ac_cv_header_stdint_h=yes
ac_cv_header_stdlib_h=yes
ac_cv_header_string_h=yes
ac_cv_header_strings_h=yes
ac_cv_header_sys_param_h=yes
ac_cv_header_sys_stat_h=yes
ac_cv_header_sys_types_h=yes
ac_cv_header_syslog_h=yes
ac_cv_header_tcpd_h=yes
ac_cv_header_unistd_h=yes
ac_cv_host=x86_64-pc-linux-gnu
ac_cv_lib_execinfo_backtrace=no
ac_cv_objext=o
ac_cv_path_AWK=/usr/bin/mawk
ac_cv_path_EGREP='/bin/grep -E'
ac_cv_path_FGREP='/bin/grep -F'
ac_cv_path_GLIB_GENMARSHAL=/usr/bin/glib-genmarshal
ac_cv_path_GMSGFMT=/usr/bin/msgfmt
ac_cv_path_GREP=/bin/grep
ac_cv_path_INTLTOOL_EXTRACT=/usr/bin/intltool-extract
ac_cv_path_INTLTOOL_MERGE=/usr/bin/intltool-merge
ac_cv_path_INTLTOOL_PERL=/usr/bin/perl
ac_cv_path_INTLTOOL_UPDATE=/usr/bin/intltool-update
ac_cv_path_MSGFMT=/usr/bin/msgfmt
ac_cv_path_MSGMERGE=/usr/bin/msgmerge
ac_cv_path_PERL=/usr/bin/perl
ac_cv_path_SED=/bin/sed
ac_cv_path_XGETTEXT=/usr/bin/xgettext
ac_cv_path_XMLTO=/usr/bin/xmlto
ac_cv_path_XSLTPROC=/usr/bin/xsltproc
ac_cv_path_ac_pt_PKG_CONFIG=/usr/bin/pkg-config
ac_cv_path_install='/usr/bin/install -c'
ac_cv_path_lt_DD=/bin/dd
ac_cv_path_mkdir=/bin/mkdir
ac_cv_prog_AWK=gawk
ac_cv_prog_CPP='gcc -E'
ac_cv_prog_ac_ct_AR=ar
ac_cv_prog_ac_ct_CC=gcc
ac_cv_prog_ac_ct_MANIFEST_TOOL=mt
ac_cv_prog_ac_ct_OBJDUMP=objdump
ac_cv_prog_ac_ct_RANLIB=ranlib
ac_cv_prog_ac_ct_STRIP=strip
ac_cv_prog_cc_c89=
ac_cv_prog_cc_g=yes
ac_cv_prog_make_make_set=yes
am_cv_CC_dependencies_compiler_type=none
am_cv_make_support_nested_variables=yes
am_cv_prog_cc_c_o=yes
am_cv_val_LC_MESSAGES=yes
gt_cv_func_dgettext_libc=yes
gt_cv_func_dgettext_libintl=no
gt_cv_func_ngettext_libc=yes
gt_cv_have_gettext=yes
lt_cv_ar_at_file=@
lt_cv_archive_cmds_need_lc=no
lt_cv_deplibs_check_method=pass_all
lt_cv_file_magic_cmd='$MAGIC_CMD'
lt_cv_file_magic_test_file=
lt_cv_ld_reload_flag=-r
lt_cv_nm_interface='BSD nm'
lt_cv_objdir=.libs
lt_cv_path_LD=/usr/bin/ld
lt_cv_path_NM='/usr/bin/nm -B'
lt_cv_path_mainfest_tool=no
lt_cv_prog_compiler_c_o=yes
lt_cv_prog_compiler_pic='-fPIC -DPIC'
lt_cv_prog_compiler_pic_works=yes
lt_cv_prog_compiler_rtti_exceptions=no
lt_cv_prog_compiler_static_works=yes
lt_cv_prog_gnu_ld=yes
lt_cv_sharedlib_from_linklib_cmd='printf %s\n'
lt_cv_shlibpath_overrides_runpath=yes
lt_cv_sys_global_symbol_pipe='sed -n -e '\''s/^.*[	 ]\([ABCDGIRSTW][ABCDGIRSTW]*\)[	 ][	 ]*\([_A-Za-z][_A-Za-z0-9]*\)$/\1 \2 \2/p'\'' | sed '\''/ __gnu_lto/d'\'''
lt_cv_sys_global_symbol_to_c_name_address='sed -n -e '\''s/^: \(.*\) .*$/  {"\1", (void *) 0},/p'\'' -e '\''s/^[ABCDGIRSTW][ABCDGIRSTW]* .* \(.*\)$/  {"\1", (void *) \&\1},/p'\'''
lt_cv_sys_global_symbol_to_c_name_address_lib_prefix='sed -n -e '\''s/^: \(.*\) .*$/  {"\1", (void *) 0},/p'\'' -e '\''s/^[ABCDGIRSTW][ABCDGIRSTW]* .* \(lib.*\)$/  {"\1", (void *) \&\1},/p'\'' -e '\''s/^[ABCDGIRSTW][ABCDGIRSTW]* .* \(.*\)$/  {"lib\1", (void *) \&\1},/p'\'''
lt_cv_sys_global_symbol_to_cdecl='sed -n -e '\''s/^T .* \(.*\)$/extern int \1();/p'\'' -e '\''s/^[ABCDGIRSTW][ABCDGIRSTW]* .* \(.*\)$/extern char \1;/p'\'''
lt_cv_sys_global_symbol_to_import=
lt_cv_sys_max_cmd_len=1572864
lt_cv_to_host_file_cmd=func_convert_file_noop
lt_cv_to_tool_file_cmd=func_convert_file_noop
lt_cv_truncate_bin='/bin/dd bs=4096 count=1'
pkg_cv_DBUS_GLIB_CFLAGS='-I/usr/include/dbus-1.0 -I/usr/lib/x86_64-linux-gnu/dbus-1.0/include -I/usr/include/glib-2.0 -I/usr/lib/x86_64-linux-gnu/glib-2.0/include'
pkg_cv_DBUS_GLIB_LIBS='-ldbus-glib-1 -ldbus-1 -lgobject-2.0 -lglib-2.0'
pkg_cv_EGG_SMCLIENT_CFLAGS='-pthread -I/usr/include/gtk-3.0 -I/usr/include/at-spi2-atk/2.0 -I/usr/include/at-spi-2.0 -I/usr/include/dbus-1.0 -I/usr/lib/x86_64-linux-gnu/dbus-1.0/include -I/usr/include/gtk-3.0 -I/usr/include/gio-unix-2.0/ -I/usr/include/cairo -I/usr/include/pango-1.0 -I/usr/include/harfbuzz -I/usr/include/pango-1.0 -I/usr/include/atk-1.0 -I/usr/include/cairo -I/usr/include/pixman-1 -I/usr/include/freetype2 -I/usr/include/libpng16 -I/usr/include/gdk-pixbuf-2.0 -I/usr/include/libpng16 -I/usr/include/glib-2.0 -I/usr/lib/x86_64-linux-gnu/glib-2.0/include'
pkg_cv_EGG_SMCLIENT_LIBS='-lgtk-3 -lgdk-3 -lpangocairo-1.0 -lpango-1.0 -latk-1.0 -lcairo-gobject -lcairo -lgdk_pixbuf-2.0 -lgio-2.0 -lgobject-2.0 -lglib-2.0'
pkg_cv_ICE_CFLAGS=
pkg_cv_ICE_LIBS=-lICE
pkg_cv_MATE_SESSION_CFLAGS='-pthread -I/usr/include/gtk-3.0 -I/usr/include/at-spi2-atk/2.0 -I/usr/include/at-spi-2.0 -I/usr/include/gtk-3.0 -I/usr/include/gio-unix-2.0/ -I/usr/include/cairo -I/usr/include/pango-1.0 -I/usr/include/harfbuzz -I/usr/include/pango-1.0 -I/usr/include/atk-1.0 -I/usr/include/cairo -I/usr/include/pixman-1 -I/usr/include/freetype2 -I/usr/include/libpng16 -I/usr/include/gdk-pixbuf-2.0 -I/usr/include/libpng16 -I/usr/include/dbus-1.0 -I/usr/lib/x86_64-linux-gnu/dbus-1.0/include -I/usr/include/glib-2.0 -I/usr/lib/x86_64-linux-gnu/glib-2.0/include'
pkg_cv_MATE_SESSION_LIBS='-lgtk-3 -lgdk-3 -lpangocairo-1.0 -lpango-1.0 -latk-1.0 -lcairo-gobject -lcairo -lgdk_pixbuf-2.0 -lgio-2.0 -ldbus-glib-1 -ldbus-1 -lgobject-2.0 -lglib-2.0'
pkg_cv_SESSION_PROPERTIES_CFLAGS='-pthread -I/usr/include/gtk-3.0 -I/usr/include/at-spi2-atk/2.0 -I/usr/include/at-spi-2.0 -I/usr/include/dbus-1.0 -I/usr/lib/x86_64-linux-gnu/dbus-1.0/include -I/usr/include/gtk-3.0 -I/usr/include/gio-unix-2.0/ -I/usr/include/cairo -I/usr/include/pango-1.0 -I/usr/include/harfbuzz -I/usr/include/pango-1.0 -I/usr/include/atk-1.0 -I/usr/include/cairo -I/usr/include/pixman-1 -I/usr/include/freetype2 -I/usr/include/libpng16 -I/usr/include/gdk-pixbuf-2.0 -I/usr/include/libpng16 -I/usr/include/glib-2.0 -I/usr/lib/x86_64-linux-gnu/glib-2.0/include'
pkg_cv_SESSION_PROPERTIES_LIBS='-lgtk-3 -lgdk-3 -lpangocairo-1.0 -lpango-1.0 -latk-1.0 -lcairo-gobject -lcairo -lgdk_pixbuf-2.0 -lgio-2.0 -lgobject-2.0 -lglib-2.0'
pkg_cv_SM_CFLAGS=
pkg_cv_SM_LIBS=-lSM
pkg_cv_X11_CFLAGS=
pkg_cv_X11_LIBS=-lX11
pkg_cv_XEXT_CFLAGS=
pkg_cv_XEXT_LIBS='-lXext -lXau'
pkg_cv_XRENDER_CFLAGS=
pkg_cv_XRENDER_LIBS='-lXrender -lX11'
pkg_cv_XTEST_CFLAGS=
pkg_cv_XTEST_LIBS=-lXtst
pkg_cv_XTRANS_CFLAGS='-D_DEFAULT_SOURCE -D_BSD_SOURCE -DHAS_FCHOWN -DHAS_STICKY_DIR_BIT'
pkg_cv_XTRANS_LIBS=

## ----------------- ##
## Output variables. ##
## ----------------- ##










		$(INSTALL_DATA) $^ "$(DESTDIR)$(gsettingsschemadir)"; \
		test -n "$(GSETTINGS_DISABLE_SCHEMAS_COMPILE)$(DESTDIR)" || $(GLIB_COMPILE_SCHEMAS) $(gsettingsschemadir); \
		test -z "$(gsettingsschemadir)" || $(MKDIR_P) "$(DESTDIR)$(gsettingsschemadir)"; \
	$(AM_V_GEN) $(GLIB_COMPILE_SCHEMAS) --strict --dry-run $(addprefix --schema-file=,$(gsettings__enum_file)) --schema-file=$< && mkdir -p $(@D) && touch $@
	$(AM_V_GEN) glib-mkenums --comments '\''<!-- @comment@ -->'\'' --fhead "<schemalist>" --vhead "  <@type@ id='\''$(gsettings_ENUM_NAMESPACE).@EnumName@'\''>" --vprod "    <value nick='\''@valuenick@'\'' value='\''@valuenum@'\''/>" --vtail "  </@type@>" --ftail "</schemalist>" $^ > $@.tmp && mv $@.tmp $@
	@$(NORMAL_INSTALL)
	@$(NORMAL_UNINSTALL)
	@list='\''$(gsettings_SCHEMAS) $(gsettings__enum_file)'\''; test -n "$(gsettingsschemadir)" || list=; \
	cd "$(DESTDIR)$(gsettingsschemadir)" && rm -f $$files
	echo " ( cd '\''$(DESTDIR)$(gsettingsschemadir)'\'' && rm -f" $$files ")"; \
	fi
	files=`for p in $$list; do echo $$p; done | sed -e '\''s|^.*/||'\''`; \
	if test -n "$^"; then \
	rm -f $(gsettings_SCHEMAS:.xml=.valid) $(gsettings__enum_file)
	test -n "$$files" || exit 0; \
	test -n "$(GSETTINGS_DISABLE_SCHEMAS_COMPILE)$(DESTDIR)" || $(GLIB_COMPILE_SCHEMAS) $(gsettingsschemadir)
$(gsettings__enum_file): $(gsettings_ENUM_FILES)
%.gschema.valid: %.gschema.xml $(gsettings__enum_file)
.PHONY : uninstall-gsettings-schemas install-gsettings-schemas clean-gsettings-schemas
.SECONDARY: $(gsettings_SCHEMAS)
ACLOCAL='${SHELL} /home/anticap/nosystemd_build/mate-session-manager-1.16.1/missing aclocal-1.15'
ACLOCAL_AMFLAGS='${ACLOCAL_FLAGS}'
ALL_LINGUAS=''
AMDEPBACKSLASH=''
AMDEP_FALSE=''
AMDEP_TRUE='#'
AMTAR='$${TAR-tar}'
AM_BACKSLASH='\'
AM_DEFAULT_V='$(AM_DEFAULT_VERBOSITY)'
AM_DEFAULT_VERBOSITY='1'
AM_V='$(V)'
AR='ar'
AUTOCONF='${SHELL} /home/anticap/nosystemd_build/mate-session-manager-1.16.1/missing autoconf'
AUTOHEADER='${SHELL} /home/anticap/nosystemd_build/mate-session-manager-1.16.1/missing autoheader'
AUTOMAKE='${SHELL} /home/anticap/nosystemd_build/mate-session-manager-1.16.1/missing automake-1.15'
AWK='/usr/bin/mawk'
CATALOGS=''
CATOBJEXT='.gmo'
CC='gcc'
CCDEPMODE='depmode=none'
CFLAGS='-g -O2 -fdebug-prefix-map=/home/anticap/nosystemd_build/mate-session-manager-1.16.1=. -fstack-protector-strong -Wformat -Werror=format-security'
CPP='gcc -E'
CPPFLAGS='-Wdate-time -D_FORTIFY_SOURCE=2'
CYGPATH_W='echo'
DATADIRNAME='share'
DBUS_GLIB_CFLAGS='-I/usr/include/dbus-1.0 -I/usr/lib/x86_64-linux-gnu/dbus-1.0/include -I/usr/include/glib-2.0 -I/usr/lib/x86_64-linux-gnu/glib-2.0/include'
DBUS_GLIB_LIBS='-ldbus-glib-1 -ldbus-1 -lgobject-2.0 -lglib-2.0'
DEFAULT_WM='marco'
DEFS='-DHAVE_CONFIG_H'
DEPDIR='.deps'
DISABLE_DEPRECATED=''
DISABLE_DEPRECATED_CFLAGS=''
DLLTOOL='false'
DOCBOOK_DOCS_ENABLED_FALSE='#'
DOCBOOK_DOCS_ENABLED_TRUE=''
DSYMUTIL=''
DUMPBIN=''
ECHO_C=''
ECHO_N='-n'
ECHO_T=''
EGG_SMCLIENT_CFLAGS='-pthread -I/usr/include/gtk-3.0 -I/usr/include/at-spi2-atk/2.0 -I/usr/include/at-spi-2.0 -I/usr/include/dbus-1.0 -I/usr/lib/x86_64-linux-gnu/dbus-1.0/include -I/usr/include/gtk-3.0 -I/usr/include/gio-unix-2.0/ -I/usr/include/cairo -I/usr/include/pango-1.0 -I/usr/include/harfbuzz -I/usr/include/pango-1.0 -I/usr/include/atk-1.0 -I/usr/include/cairo -I/usr/include/pixman-1 -I/usr/include/freetype2 -I/usr/include/libpng16 -I/usr/include/gdk-pixbuf-2.0 -I/usr/include/libpng16 -I/usr/include/glib-2.0 -I/usr/lib/x86_64-linux-gnu/glib-2.0/include'
EGG_SMCLIENT_LIBS='-lgtk-3 -lgdk-3 -lpangocairo-1.0 -lpango-1.0 -latk-1.0 -lcairo-gobject -lcairo -lgdk_pixbuf-2.0 -lgio-2.0 -lgobject-2.0 -lglib-2.0'
EGREP='/bin/grep -E'
EXECINFO_LIBS=''
EXEEXT=''
FGREP='/bin/grep -F'
GETTEXT_PACKAGE='mate-session-manager'
GLIB_COMPILE_SCHEMAS='/usr/lib/x86_64-linux-gnu/glib-2.0/glib-compile-schemas'
GLIB_GENMARSHAL='/usr/bin/glib-genmarshal'
GMOFILES=''
GMSGFMT='/usr/bin/msgfmt'
GREP='/bin/grep'
GSETTINGS_DISABLE_SCHEMAS_COMPILE=''
GSETTINGS_RULES='
HAVE_SYSTEMD=''
HAVE_SYSTEMD_FALSE=''
HAVE_SYSTEMD_TRUE='#'
HAVE_UPOWER=''
HAVE_UPOWER_FALSE=''
HAVE_UPOWER_TRUE='#'
HAVE_XRENDER=''
HAVE_XRENDER_FALSE='#'
HAVE_XRENDER_TRUE=''
HAVE_XTEST=''
HAVE_XTRANS=''
ICE_CFLAGS=''
ICE_LIBS='-lICE'
INSTALL_DATA='${INSTALL} -m 644'
INSTALL_PROGRAM='${INSTALL}'
INSTALL_SCRIPT='${INSTALL}'
INSTALL_STRIP_PROGRAM='$(install_sh) -c -s'
INSTOBJEXT='.mo'
INTLLIBS=''
INTLTOOL_CAVES_RULE='%.caves:     %.caves.in     $(INTLTOOL_MERGE) $(wildcard $(top_srcdir)/po/*.po) ; $(INTLTOOL_V_MERGE)LC_ALL=C $(INTLTOOL_MERGE) $(INTLTOOL_V_MERGE_OPTIONS) -d -u -c $(top_builddir)/po/.intltool-merge-cache $(top_srcdir)/po $< $@'
INTLTOOL_DESKTOP_RULE='%.desktop:   %.desktop.in   $(INTLTOOL_MERGE) $(wildcard $(top_srcdir)/po/*.po) ; $(INTLTOOL_V_MERGE)LC_ALL=C $(INTLTOOL_MERGE) $(INTLTOOL_V_MERGE_OPTIONS) -d -u -c $(top_builddir)/po/.intltool-merge-cache $(top_srcdir)/po $< $@'
INTLTOOL_DIRECTORY_RULE='%.directory: %.directory.in $(INTLTOOL_MERGE) $(wildcard $(top_srcdir)/po/*.po) ; $(INTLTOOL_V_MERGE)LC_ALL=C $(INTLTOOL_MERGE) $(INTLTOOL_V_MERGE_OPTIONS) -d -u -c $(top_builddir)/po/.intltool-merge-cache $(top_srcdir)/po $< $@'
INTLTOOL_EXTRACT='/usr/bin/intltool-extract'
INTLTOOL_KBD_RULE='%.kbd:       %.kbd.in       $(INTLTOOL_MERGE) $(wildcard $(top_srcdir)/po/*.po) ; $(INTLTOOL_V_MERGE)LC_ALL=C $(INTLTOOL_MERGE) $(INTLTOOL_V_MERGE_OPTIONS) -x -u -m -c $(top_builddir)/po/.intltool-merge-cache $(top_srcdir)/po $< $@'
INTLTOOL_KEYS_RULE='%.keys:      %.keys.in      $(INTLTOOL_MERGE) $(wildcard $(top_srcdir)/po/*.po) ; $(INTLTOOL_V_MERGE)LC_ALL=C $(INTLTOOL_MERGE) $(INTLTOOL_V_MERGE_OPTIONS) -k -u -c $(top_builddir)/po/.intltool-merge-cache $(top_srcdir)/po $< $@'
INTLTOOL_MERGE='/usr/bin/intltool-merge'
INTLTOOL_OAF_RULE='%.oaf:       %.oaf.in       $(INTLTOOL_MERGE) $(wildcard $(top_srcdir)/po/*.po) ; $(INTLTOOL_V_MERGE)LC_ALL=C $(INTLTOOL_MERGE) $(INTLTOOL_V_MERGE_OPTIONS) -o -p $(top_srcdir)/po $< $@'
INTLTOOL_PERL='/usr/bin/perl'
INTLTOOL_POLICY_RULE='%.policy:    %.policy.in    $(INTLTOOL_MERGE) $(wildcard $(top_srcdir)/po/*.po) ; $(INTLTOOL_V_MERGE)LC_ALL=C $(INTLTOOL_MERGE) $(INTLTOOL_V_MERGE_OPTIONS) -x -u -c $(top_builddir)/po/.intltool-merge-cache $(top_srcdir)/po $< $@'
INTLTOOL_PONG_RULE='%.pong:      %.pong.in      $(INTLTOOL_MERGE) $(wildcard $(top_srcdir)/po/*.po) ; $(INTLTOOL_V_MERGE)LC_ALL=C $(INTLTOOL_MERGE) $(INTLTOOL_V_MERGE_OPTIONS) -x -u -c $(top_builddir)/po/.intltool-merge-cache $(top_srcdir)/po $< $@'
INTLTOOL_PROP_RULE='%.prop:      %.prop.in      $(INTLTOOL_MERGE) $(wildcard $(top_srcdir)/po/*.po) ; $(INTLTOOL_V_MERGE)LC_ALL=C $(INTLTOOL_MERGE) $(INTLTOOL_V_MERGE_OPTIONS) -d -u -c $(top_builddir)/po/.intltool-merge-cache $(top_srcdir)/po $< $@'
INTLTOOL_SCHEMAS_RULE='%.schemas:   %.schemas.in   $(INTLTOOL_MERGE) $(wildcard $(top_srcdir)/po/*.po) ; $(INTLTOOL_V_MERGE)LC_ALL=C $(INTLTOOL_MERGE) $(INTLTOOL_V_MERGE_OPTIONS) -s -u -c $(top_builddir)/po/.intltool-merge-cache $(top_srcdir)/po $< $@'
INTLTOOL_SERVER_RULE='%.server:    %.server.in    $(INTLTOOL_MERGE) $(wildcard $(top_srcdir)/po/*.po) ; $(INTLTOOL_V_MERGE)LC_ALL=C $(INTLTOOL_MERGE) $(INTLTOOL_V_MERGE_OPTIONS) -o -u -c $(top_builddir)/po/.intltool-merge-cache $(top_srcdir)/po $< $@'
INTLTOOL_SERVICE_RULE='%.service: %.service.in   $(INTLTOOL_MERGE) $(wildcard $(top_srcdir)/po/*.po) ; $(INTLTOOL_V_MERGE)LC_ALL=C $(INTLTOOL_MERGE) $(INTLTOOL_V_MERGE_OPTIONS) -d -u -c $(top_builddir)/po/.intltool-merge-cache $(top_srcdir)/po $< $@'
INTLTOOL_SHEET_RULE='%.sheet:     %.sheet.in     $(INTLTOOL_MERGE) $(wildcard $(top_srcdir)/po/*.po) ; $(INTLTOOL_V_MERGE)LC_ALL=C $(INTLTOOL_MERGE) $(INTLTOOL_V_MERGE_OPTIONS) -x -u -c $(top_builddir)/po/.intltool-merge-cache $(top_srcdir)/po $< $@'
INTLTOOL_SOUNDLIST_RULE='%.soundlist: %.soundlist.in $(INTLTOOL_MERGE) $(wildcard $(top_srcdir)/po/*.po) ; $(INTLTOOL_V_MERGE)LC_ALL=C $(INTLTOOL_MERGE) $(INTLTOOL_V_MERGE_OPTIONS) -d -u -c $(top_builddir)/po/.intltool-merge-cache $(top_srcdir)/po $< $@'
INTLTOOL_THEME_RULE='%.theme:     %.theme.in     $(INTLTOOL_MERGE) $(wildcard $(top_srcdir)/po/*.po) ; $(INTLTOOL_V_MERGE)LC_ALL=C $(INTLTOOL_MERGE) $(INTLTOOL_V_MERGE_OPTIONS) -d -u -c $(top_builddir)/po/.intltool-merge-cache $(top_srcdir)/po $< $@'
INTLTOOL_UI_RULE='%.ui:        %.ui.in        $(INTLTOOL_MERGE) $(wildcard $(top_srcdir)/po/*.po) ; $(INTLTOOL_V_MERGE)LC_ALL=C $(INTLTOOL_MERGE) $(INTLTOOL_V_MERGE_OPTIONS) -x -u -c $(top_builddir)/po/.intltool-merge-cache $(top_srcdir)/po $< $@'
INTLTOOL_UPDATE='/usr/bin/intltool-update'
INTLTOOL_V_MERGE='$(INTLTOOL__v_MERGE_$(V))'
INTLTOOL_V_MERGE_OPTIONS='$(intltool__v_merge_options_$(V))'
INTLTOOL_XAM_RULE='%.xam:       %.xml.in       $(INTLTOOL_MERGE) $(wildcard $(top_srcdir)/po/*.po) ; $(INTLTOOL_V_MERGE)LC_ALL=C $(INTLTOOL_MERGE) $(INTLTOOL_V_MERGE_OPTIONS) -x -u -c $(top_builddir)/po/.intltool-merge-cache $(top_srcdir)/po $< $@'
INTLTOOL_XML_NOMERGE_RULE='%.xml:       %.xml.in       $(INTLTOOL_MERGE) ; $(INTLTOOL_V_MERGE)LC_ALL=C $(INTLTOOL_MERGE) $(INTLTOOL_V_MERGE_OPTIONS) -x -u --no-translations $< $@'
INTLTOOL_XML_RULE='%.xml:       %.xml.in       $(INTLTOOL_MERGE) $(wildcard $(top_srcdir)/po/*.po) ; $(INTLTOOL_V_MERGE)LC_ALL=C $(INTLTOOL_MERGE) $(INTLTOOL_V_MERGE_OPTIONS) -x -u -c $(top_builddir)/po/.intltool-merge-cache $(top_srcdir)/po $< $@'
INTLTOOL__v_MERGE_0='@echo "  ITMRG " $@;'
INTLTOOL__v_MERGE_='$(INTLTOOL__v_MERGE_$(AM_DEFAULT_VERBOSITY))'
LD='/usr/bin/ld -m elf_x86_64'
LDFLAGS='-Wl,-z,relro -Wl,-z,now'
LIBOBJS=''
LIBS=''
LIBTOOL='$(SHELL) $(top_builddir)/libtool'
LIPO=''
LN_S='ln -s'
LTLIBOBJS=''
LT_SYS_LIBRARY_PATH=''
MAINT='#'
MAINTAINER_MODE_FALSE=''
MAINTAINER_MODE_TRUE='#'
MAKEINFO='${SHELL} /home/anticap/nosystemd_build/mate-session-manager-1.16.1/missing makeinfo'
MANIFEST_TOOL=':'
MATE_SESSION_CFLAGS='-pthread -I/usr/include/gtk-3.0 -I/usr/include/at-spi2-atk/2.0 -I/usr/include/at-spi-2.0 -I/usr/include/gtk-3.0 -I/usr/include/gio-unix-2.0/ -I/usr/include/cairo -I/usr/include/pango-1.0 -I/usr/include/harfbuzz -I/usr/include/pango-1.0 -I/usr/include/atk-1.0 -I/usr/include/cairo -I/usr/include/pixman-1 -I/usr/include/freetype2 -I/usr/include/libpng16 -I/usr/include/gdk-pixbuf-2.0 -I/usr/include/libpng16 -I/usr/include/dbus-1.0 -I/usr/lib/x86_64-linux-gnu/dbus-1.0/include -I/usr/include/glib-2.0 -I/usr/lib/x86_64-linux-gnu/glib-2.0/include'
MATE_SESSION_LIBS='-lgtk-3 -lgdk-3 -lpangocairo-1.0 -lpango-1.0 -latk-1.0 -lcairo-gobject -lcairo -lgdk_pixbuf-2.0 -lgio-2.0 -ldbus-glib-1 -ldbus-1 -lgobject-2.0 -lglib-2.0'
MKDIR_P='/bin/mkdir -p'
MKINSTALLDIRS='./mkinstalldirs'
MSGFMT='/usr/bin/msgfmt'
MSGFMT_OPTS='-c'
MSGMERGE='/usr/bin/msgmerge'
NM='/usr/bin/nm -B'
NMEDIT=''
OBJDUMP='objdump'
OBJEXT='o'
OTOOL64=''
OTOOL=''
PACKAGE='mate-session-manager'
PACKAGE_BUGREPORT='http://www.mate-desktop.org/'
PACKAGE_NAME='mate-session-manager'
PACKAGE_STRING='mate-session-manager 1.16.1'
PACKAGE_TARNAME='mate-session-manager'
PACKAGE_URL=''
PACKAGE_VERSION='1.16.1'
PATH_SEPARATOR=':'
PERL='/usr/bin/perl'
PKG_CONFIG='/usr/bin/pkg-config'
PKG_CONFIG_LIBDIR=''
PKG_CONFIG_PATH=''
POFILES=''
POSUB='po'
PO_IN_DATADIR_FALSE=''
PO_IN_DATADIR_TRUE=''
RANLIB='ranlib'
REBUILD=''
SED='/bin/sed'
SESSION_PROPERTIES_CFLAGS='-pthread -I/usr/include/gtk-3.0 -I/usr/include/at-spi2-atk/2.0 -I/usr/include/at-spi-2.0 -I/usr/include/dbus-1.0 -I/usr/lib/x86_64-linux-gnu/dbus-1.0/include -I/usr/include/gtk-3.0 -I/usr/include/gio-unix-2.0/ -I/usr/include/cairo -I/usr/include/pango-1.0 -I/usr/include/harfbuzz -I/usr/include/pango-1.0 -I/usr/include/atk-1.0 -I/usr/include/cairo -I/usr/include/pixman-1 -I/usr/include/freetype2 -I/usr/include/libpng16 -I/usr/include/gdk-pixbuf-2.0 -I/usr/include/libpng16 -I/usr/include/glib-2.0 -I/usr/lib/x86_64-linux-gnu/glib-2.0/include'
SESSION_PROPERTIES_LIBS='-lgtk-3 -lgdk-3 -lpangocairo-1.0 -lpango-1.0 -latk-1.0 -lcairo-gobject -lcairo -lgdk_pixbuf-2.0 -lgio-2.0 -lgobject-2.0 -lglib-2.0'
SET_MAKE=''
SHELL='/bin/bash'
SM_CFLAGS=''
SM_LIBS='-lSM'
STRIP='strip'
SYSTEMD_CFLAGS=''
SYSTEMD_LIBS=''
UPOWER_CFLAGS=''
UPOWER_HIBERNATE_CFLAGS=''
UPOWER_HIBERNATE_LIBS=''
UPOWER_LIBS=''
USE_MATE_WM_FALSE=''
USE_MATE_WM_TRUE='#'
USE_NLS='yes'
VERSION='1.16.1'
WARN_CFLAGS='-Wall -Wmissing-prototypes -Wnested-externs -Wpointer-arith -Wno-sign-compare '
X11_CFLAGS=''
X11_LIBS='-lX11'
XEXT_CFLAGS=''
XEXT_LIBS='-lXext -lXau'
XGETTEXT='/usr/bin/xgettext'
XMLTO='/usr/bin/xmlto'
XRENDER_CFLAGS=''
XRENDER_LIBS='-lXrender -lX11'
XSLTPROC='/usr/bin/xsltproc'
XTEST_CFLAGS=''
XTEST_LIBS='-lXtst'
XTRANS_CFLAGS='-D_DEFAULT_SOURCE -D_BSD_SOURCE -DHAS_FCHOWN -DHAS_STICKY_DIR_BIT'
XTRANS_LIBS=''
ac_ct_AR='ar'
ac_ct_CC='gcc'
ac_ct_DUMPBIN=''
all-am: $(gsettings_SCHEMAS:.xml=.valid)
am__EXEEXT_FALSE=''
am__EXEEXT_TRUE='#'
am__fastdepCC_FALSE=''
am__fastdepCC_TRUE='#'
am__include='include'
am__isrc=''
am__leading_dot='.'
am__nodep=''
am__quote=''
am__tar='$${TAR-tar} chof - "$$tardir"'
am__untar='$${TAR-tar} xf -'
bindir='${exec_prefix}/bin'
build='x86_64-pc-linux-gnu'
build_alias='x86_64-linux-gnu'
build_cpu='x86_64'
build_os='linux-gnu'
build_vendor='pc'
clean-gsettings-schemas:
datadir='${datarootdir}'
datarootdir='${prefix}/share'
docdir='${datarootdir}/doc/${PACKAGE_TARNAME}'
dvidir='${docdir}'
endif'
exec_prefix='${prefix}'
gsettings__enum_file = $(addsuffix .enums.xml,$(gsettings_ENUM_NAMESPACE))
gsettingsschemadir='${datarootdir}/glib-2.0/schemas'
host='x86_64-pc-linux-gnu'
host_alias=''
host_cpu='x86_64'
host_os='linux-gnu'
host_vendor='pc'
htmldir='${docdir}'
ifdef gsettings_ENUM_NAMESPACE
includedir='${prefix}/include'
infodir='${prefix}/share/info'
install-data-am: install-gsettings-schemas
install-gsettings-schemas: $(gsettings_SCHEMAS) $(gsettings__enum_file)
install_sh='${SHELL} /home/anticap/nosystemd_build/mate-session-manager-1.16.1/install-sh'
intltool__v_merge_options_0='-q'
intltool__v_merge_options_='$(intltool__v_merge_options_$(AM_DEFAULT_VERBOSITY))'
libdir='${prefix}/lib/x86_64-linux-gnu'
libexecdir='/usr/lib'
localedir='${datarootdir}/locale'
localstatedir='/var/lib'
mandir='${prefix}/share/man'
mkdir_p='$(MKDIR_P)'
mostlyclean-am: clean-gsettings-schemas
oldincludedir='/usr/include'
pdfdir='${docdir}'
prefix='/usr'
program_transform_name='s,x,x,'
psdir='${docdir}'
runstatedir='${localstatedir}/run'
sbindir='${exec_prefix}/sbin'
sharedstatedir='${prefix}/com'
sysconfdir='/etc'
target_alias=''
uninstall-am: uninstall-gsettings-schemas
uninstall-gsettings-schemas:

## ----------- ##
## confdefs.h. ##
## ----------- ##

/* confdefs.h */
#define PACKAGE_NAME "mate-session-manager"
#define PACKAGE_TARNAME "mate-session-manager"
#define PACKAGE_VERSION "1.16.1"
#define PACKAGE_STRING "mate-session-manager 1.16.1"
#define PACKAGE_BUGREPORT "http://www.mate-desktop.org/"
#define PACKAGE_URL ""
#define PACKAGE "mate-session-manager"
#define VERSION "1.16.1"
#define GLIB_VERSION_MAX_ALLOWED GLIB_VERSION_2_36
#define GLIB_VERSION_MIN_REQUIRED GLIB_VERSION_2_36
#define STDC_HEADERS 1
#define HAVE_SYS_TYPES_H 1
#define HAVE_SYS_STAT_H 1
#define HAVE_STDLIB_H 1
#define HAVE_STRING_H 1
#define HAVE_MEMORY_H 1
#define HAVE_STRINGS_H 1
#define HAVE_INTTYPES_H 1
#define HAVE_STDINT_H 1
#define HAVE_UNISTD_H 1
#define HAVE_DLFCN_H 1
#define LT_OBJDIR ".libs/"
#define HAVE_XSYNC 1
#define HAVE_XTEST 1
#define HAVE_XRENDER 1
#define GETTEXT_PACKAGE "mate-session-manager"
#define HAVE_LOCALE_H 1
#define HAVE_LC_MESSAGES 1
#define HAVE_BIND_TEXTDOMAIN_CODESET 1
#define HAVE_GETTEXT 1
#define HAVE_DCGETTEXT 1
#define ENABLE_NLS 1
#define STDC_HEADERS 1
#define HAVE_SYSLOG_H 1
#define HAVE_TCPD_H 1
#define HAVE_SYS_PARAM_H 1
#define HAVE_EXECINFO_H 1
#define HAVE_XTRANS 1
#define ENABLE_IPV6 1

configure: exit 0
