This file contains any messages produced by compilers while
running configure, to aid debugging if configure makes a mistake.

It was created by mate-power-manager configure 1.16.0, which was
generated by GNU Autoconf 2.69.  Invocation command line was

  $ ./configure --build=x86_64-linux-gnu --prefix=/usr --includedir=${prefix}/include --mandir=${prefix}/share/man --infodir=${prefix}/share/info --sysconfdir=/etc --localstatedir=/var --disable-silent-rules --libdir=${prefix}/lib/x86_64-linux-gnu --libexecdir=${prefix}/lib/x86_64-linux-gnu --disable-maintainer-mode --disable-dependency-tracking --disable-silent-rules --libexecdir=/usr/lib/mate-power-manager --enable-applets --enable-deprecated --disable-strict --with-gtk=3.0

## --------- ##
## Platform. ##
## --------- ##

hostname = antix1
uname -m = x86_64
uname -r = 4.9.0-antix-sid.1-amd64-smp
uname -s = Linux
uname -v = #1 SMP PREEMPT Mon Dec 12 02:57:08 EET 2016

/usr/bin/uname -p = unknown
/bin/uname -X     = unknown

/bin/arch              = unknown
/usr/bin/arch -k       = unknown
/usr/convex/getsysinfo = unknown
/usr/bin/hostinfo      = unknown
/bin/machine           = unknown
/usr/bin/oslevel       = unknown
/bin/universe          = unknown

PATH: .
PATH: .
PATH: /usr/local/bin
PATH: /usr/bin
PATH: /bin
PATH: /usr/local/games
PATH: /usr/games
PATH: /sbin
PATH: /usr/sbin
PATH: /usr/local/bin
PATH: /usr/local/games
PATH: /usr/games


## ----------- ##
## Core tests. ##
## ----------- ##

configure:2479: checking for a BSD-compatible install
configure:2547: result: /usr/bin/install -c
configure:2558: checking whether build environment is sane
configure:2613: result: yes
configure:2764: checking for a thread-safe mkdir -p
configure:2803: result: /bin/mkdir -p
configure:2810: checking for gawk
configure:2826: found /usr/bin/gawk
configure:2837: result: gawk
configure:2848: checking whether make sets $(MAKE)
configure:2870: result: yes
configure:2899: checking whether make supports nested variables
configure:2916: result: yes
configure:3005: checking whether UID '1000' is supported by ustar format
configure:3008: result: yes
configure:3015: checking whether GID '1000' is supported by ustar format
configure:3018: result: yes
configure:3026: checking how to create a ustar tar archive
configure:3037: tar --version
tar (GNU tar) 1.29
Copyright (C) 2015 Free Software Foundation, Inc.
License GPLv3+: GNU GPL version 3 or later <http://gnu.org/licenses/gpl.html>.
This is free software: you are free to change and redistribute it.
There is NO WARRANTY, to the extent permitted by law.

Written by John Gilmore and Jay Fenlason.
configure:3040: $? = 0
configure:3080: tardir=conftest.dir && eval tar --format=ustar -chf - "$tardir" >conftest.tar
configure:3083: $? = 0
configure:3087: tar -xf - <conftest.tar
configure:3090: $? = 0
configure:3092: cat conftest.dir/file
GrepMe
configure:3095: $? = 0
configure:3108: result: gnutar
configure:3174: checking whether make supports nested variables
configure:3191: result: yes
configure:3251: checking for gcc
configure:3267: found /usr/bin/gcc
configure:3278: result: gcc
configure:3507: checking for C compiler version
configure:3516: gcc --version >&5
gcc (Debian 6.3.0-5) 6.3.0 20170124
Copyright (C) 2016 Free Software Foundation, Inc.
This is free software; see the source for copying conditions.  There is NO
warranty; not even for MERCHANTABILITY or FITNESS FOR A PARTICULAR PURPOSE.

configure:3527: $? = 0
configure:3516: gcc -v >&5
Using built-in specs.
COLLECT_GCC=gcc
COLLECT_LTO_WRAPPER=/usr/lib/gcc/x86_64-linux-gnu/6/lto-wrapper
Target: x86_64-linux-gnu
Configured with: ../src/configure -v --with-pkgversion='Debian 6.3.0-5' --with-bugurl=file:///usr/share/doc/gcc-6/README.Bugs --enable-languages=c,ada,c++,java,go,d,fortran,objc,obj-c++ --prefix=/usr --program-suffix=-6 --program-prefix=x86_64-linux-gnu- --enable-shared --enable-linker-build-id --libexecdir=/usr/lib --without-included-gettext --enable-threads=posix --libdir=/usr/lib --enable-nls --with-sysroot=/ --enable-clocale=gnu --enable-libstdcxx-debug --enable-libstdcxx-time=yes --with-default-libstdcxx-abi=new --enable-gnu-unique-object --disable-vtable-verify --enable-libmpx --enable-plugin --enable-default-pie --with-system-zlib --disable-browser-plugin --enable-java-awt=gtk --enable-gtk-cairo --with-java-home=/usr/lib/jvm/java-1.5.0-gcj-6-amd64/jre --enable-java-home --with-jvm-root-dir=/usr/lib/jvm/java-1.5.0-gcj-6-amd64 --with-jvm-jar-dir=/usr/lib/jvm-exports/java-1.5.0-gcj-6-amd64 --with-arch-directory=amd64 --with-ecj-jar=/usr/share/java/eclipse-ecj.jar --with-target-system-zlib --enable-objc-gc=auto --enable-multiarch --with-arch-32=i686 --with-abi=m64 --with-multilib-list=m32,m64,mx32 --enable-multilib --with-tune=generic --enable-checking=release --build=x86_64-linux-gnu --host=x86_64-linux-gnu --target=x86_64-linux-gnu
Thread model: posix
gcc version 6.3.0 20170124 (Debian 6.3.0-5) 
configure:3527: $? = 0
configure:3516: gcc -V >&5
gcc: error: unrecognized command line option '-V'
gcc: fatal error: no input files
compilation terminated.
configure:3527: $? = 1
configure:3516: gcc -qversion >&5
gcc: error: unrecognized command line option '-qversion'; did you mean '--version'?
gcc: fatal error: no input files
compilation terminated.
configure:3527: $? = 1
configure:3547: checking whether the C compiler works
configure:3569: gcc -g -O2 -fdebug-prefix-map=/home/anticap/nosystemd_build/mate-power-manager-1.16.0=. -fstack-protector-strong -Wformat -Werror=format-security -Wdate-time -D_FORTIFY_SOURCE=2 -Wl,-z,relro -Wl,-z,now conftest.c  >&5
configure:3573: $? = 0
configure:3621: result: yes
configure:3624: checking for C compiler default output file name
configure:3626: result: a.out
configure:3632: checking for suffix of executables
configure:3639: gcc -o conftest -g -O2 -fdebug-prefix-map=/home/anticap/nosystemd_build/mate-power-manager-1.16.0=. -fstack-protector-strong -Wformat -Werror=format-security -Wdate-time -D_FORTIFY_SOURCE=2 -Wl,-z,relro -Wl,-z,now conftest.c  >&5
configure:3643: $? = 0
configure:3665: result: 
configure:3687: checking whether we are cross compiling
configure:3695: gcc -o conftest -g -O2 -fdebug-prefix-map=/home/anticap/nosystemd_build/mate-power-manager-1.16.0=. -fstack-protector-strong -Wformat -Werror=format-security -Wdate-time -D_FORTIFY_SOURCE=2 -Wl,-z,relro -Wl,-z,now conftest.c  >&5
configure:3699: $? = 0
configure:3706: ./conftest
configure:3710: $? = 0
configure:3725: result: no
configure:3730: checking for suffix of object files
configure:3752: gcc -c -g -O2 -fdebug-prefix-map=/home/anticap/nosystemd_build/mate-power-manager-1.16.0=. -fstack-protector-strong -Wformat -Werror=format-security -Wdate-time -D_FORTIFY_SOURCE=2 conftest.c >&5
configure:3756: $? = 0
configure:3777: result: o
configure:3781: checking whether we are using the GNU C compiler
configure:3800: gcc -c -g -O2 -fdebug-prefix-map=/home/anticap/nosystemd_build/mate-power-manager-1.16.0=. -fstack-protector-strong -Wformat -Werror=format-security -Wdate-time -D_FORTIFY_SOURCE=2 conftest.c >&5
configure:3800: $? = 0
configure:3809: result: yes
configure:3818: checking whether gcc accepts -g
configure:3838: gcc -c -g -Wdate-time -D_FORTIFY_SOURCE=2 conftest.c >&5
configure:3838: $? = 0
configure:3879: result: yes
configure:3896: checking for gcc option to accept ISO C89
configure:3959: gcc  -c -g -O2 -fdebug-prefix-map=/home/anticap/nosystemd_build/mate-power-manager-1.16.0=. -fstack-protector-strong -Wformat -Werror=format-security -Wdate-time -D_FORTIFY_SOURCE=2 conftest.c >&5
configure:3959: $? = 0
configure:3972: result: none needed
configure:3997: checking whether gcc understands -c and -o together
configure:4019: gcc -c conftest.c -o conftest2.o
configure:4022: $? = 0
configure:4019: gcc -c conftest.c -o conftest2.o
configure:4022: $? = 0
configure:4034: result: yes
configure:4062: checking for style of include used by make
configure:4090: result: GNU
configure:4116: checking dependency style of gcc
configure:4227: result: none
configure:4274: checking build system type
configure:4288: result: x86_64-pc-linux-gnu
configure:4308: checking host system type
configure:4321: result: x86_64-pc-linux-gnu
configure:4362: checking how to print strings
configure:4389: result: printf
configure:4410: checking for a sed that does not truncate output
configure:4474: result: /bin/sed
configure:4492: checking for grep that handles long lines and -e
configure:4550: result: /bin/grep
configure:4555: checking for egrep
configure:4617: result: /bin/grep -E
configure:4622: checking for fgrep
configure:4684: result: /bin/grep -F
configure:4719: checking for ld used by gcc
configure:4786: result: /usr/bin/ld
configure:4793: checking if the linker (/usr/bin/ld) is GNU ld
configure:4808: result: yes
configure:4820: checking for BSD- or MS-compatible name lister (nm)
configure:4874: result: /usr/bin/nm -B
configure:5004: checking the name lister (/usr/bin/nm -B) interface
configure:5011: gcc -c -g -O2 -fdebug-prefix-map=/home/anticap/nosystemd_build/mate-power-manager-1.16.0=. -fstack-protector-strong -Wformat -Werror=format-security -Wdate-time -D_FORTIFY_SOURCE=2 conftest.c >&5
configure:5014: /usr/bin/nm -B "conftest.o"
configure:5017: output
0000000000000000 B some_variable
configure:5024: result: BSD nm
configure:5027: checking whether ln -s works
configure:5031: result: yes
configure:5039: checking the maximum length of command line arguments
configure:5170: result: 1572864
configure:5218: checking how to convert x86_64-pc-linux-gnu file names to x86_64-pc-linux-gnu format
configure:5258: result: func_convert_file_noop
configure:5265: checking how to convert x86_64-pc-linux-gnu file names to toolchain format
configure:5285: result: func_convert_file_noop
configure:5292: checking for /usr/bin/ld option to reload object files
configure:5299: result: -r
configure:5373: checking for objdump
configure:5389: found /usr/bin/objdump
configure:5400: result: objdump
configure:5432: checking how to recognize dependent libraries
configure:5632: result: pass_all
configure:5717: checking for dlltool
configure:5747: result: no
configure:5777: checking how to associate runtime and link libraries
configure:5804: result: printf %s\n
configure:5865: checking for ar
configure:5881: found /usr/bin/ar
configure:5892: result: ar
configure:5929: checking for archiver @FILE support
configure:5946: gcc -c -g -O2 -fdebug-prefix-map=/home/anticap/nosystemd_build/mate-power-manager-1.16.0=. -fstack-protector-strong -Wformat -Werror=format-security -Wdate-time -D_FORTIFY_SOURCE=2 conftest.c >&5
configure:5946: $? = 0
configure:5949: ar cru libconftest.a @conftest.lst >&5
ar: `u' modifier ignored since `D' is the default (see `U')
configure:5952: $? = 0
configure:5957: ar cru libconftest.a @conftest.lst >&5
ar: `u' modifier ignored since `D' is the default (see `U')
ar: conftest.o: No such file or directory
configure:5960: $? = 1
configure:5972: result: @
configure:6030: checking for strip
configure:6046: found /usr/bin/strip
configure:6057: result: strip
configure:6129: checking for ranlib
configure:6145: found /usr/bin/ranlib
configure:6156: result: ranlib
configure:6258: checking command to parse /usr/bin/nm -B output from gcc object
configure:6411: gcc -c -g -O2 -fdebug-prefix-map=/home/anticap/nosystemd_build/mate-power-manager-1.16.0=. -fstack-protector-strong -Wformat -Werror=format-security -Wdate-time -D_FORTIFY_SOURCE=2 conftest.c >&5
configure:6414: $? = 0
configure:6418: /usr/bin/nm -B conftest.o \| sed -n -e 's/^.*[ ]\([ABCDGIRSTW][ABCDGIRSTW]*\)[ ][ ]*\([_A-Za-z][_A-Za-z0-9]*\)$/\1 \2 \2/p' | sed '/ __gnu_lto/d' \> conftest.nm
configure:6421: $? = 0
configure:6487: gcc -o conftest -g -O2 -fdebug-prefix-map=/home/anticap/nosystemd_build/mate-power-manager-1.16.0=. -fstack-protector-strong -Wformat -Werror=format-security -Wdate-time -D_FORTIFY_SOURCE=2 -Wl,-z,relro -Wl,-z,now conftest.c conftstm.o >&5
configure:6490: $? = 0
configure:6528: result: ok
configure:6575: checking for sysroot
configure:6605: result: no
configure:6612: checking for a working dd
configure:6650: result: /bin/dd
configure:6654: checking how to truncate binary pipes
configure:6669: result: /bin/dd bs=4096 count=1
configure:6805: gcc -c -g -O2 -fdebug-prefix-map=/home/anticap/nosystemd_build/mate-power-manager-1.16.0=. -fstack-protector-strong -Wformat -Werror=format-security -Wdate-time -D_FORTIFY_SOURCE=2 conftest.c >&5
configure:6808: $? = 0
configure:6998: checking for mt
configure:7014: found /bin/mt
configure:7025: result: mt
configure:7048: checking if mt is a manifest tool
configure:7054: mt '-?'
configure:7062: result: no
configure:7739: checking how to run the C preprocessor
configure:7770: gcc -E -Wdate-time -D_FORTIFY_SOURCE=2 conftest.c
configure:7770: $? = 0
configure:7784: gcc -E -Wdate-time -D_FORTIFY_SOURCE=2 conftest.c
conftest.c:11:28: fatal error: ac_nonexistent.h: No such file or directory
 #include <ac_nonexistent.h>
                            ^
compilation terminated.
configure:7784: $? = 1
configure: failed program was:
| /* confdefs.h */
| #define PACKAGE_NAME "mate-power-manager"
| #define PACKAGE_TARNAME "mate-power-manager"
| #define PACKAGE_VERSION "1.16.0"
| #define PACKAGE_STRING "mate-power-manager 1.16.0"
| #define PACKAGE_BUGREPORT "http://www.mate-desktop.org/"
| #define PACKAGE_URL ""
| #define PACKAGE "mate-power-manager"
| #define VERSION "1.16.0"
| /* end confdefs.h.  */
| #include <ac_nonexistent.h>
configure:7809: result: gcc -E
configure:7829: gcc -E -Wdate-time -D_FORTIFY_SOURCE=2 conftest.c
configure:7829: $? = 0
configure:7843: gcc -E -Wdate-time -D_FORTIFY_SOURCE=2 conftest.c
conftest.c:11:28: fatal error: ac_nonexistent.h: No such file or directory
 #include <ac_nonexistent.h>
                            ^
compilation terminated.
configure:7843: $? = 1
configure: failed program was:
| /* confdefs.h */
| #define PACKAGE_NAME "mate-power-manager"
| #define PACKAGE_TARNAME "mate-power-manager"
| #define PACKAGE_VERSION "1.16.0"
| #define PACKAGE_STRING "mate-power-manager 1.16.0"
| #define PACKAGE_BUGREPORT "http://www.mate-desktop.org/"
| #define PACKAGE_URL ""
| #define PACKAGE "mate-power-manager"
| #define VERSION "1.16.0"
| /* end confdefs.h.  */
| #include <ac_nonexistent.h>
configure:7872: checking for ANSI C header files
configure:7892: gcc -c -g -O2 -fdebug-prefix-map=/home/anticap/nosystemd_build/mate-power-manager-1.16.0=. -fstack-protector-strong -Wformat -Werror=format-security -Wdate-time -D_FORTIFY_SOURCE=2 conftest.c >&5
configure:7892: $? = 0
configure:7965: gcc -o conftest -g -O2 -fdebug-prefix-map=/home/anticap/nosystemd_build/mate-power-manager-1.16.0=. -fstack-protector-strong -Wformat -Werror=format-security -Wdate-time -D_FORTIFY_SOURCE=2 -Wl,-z,relro -Wl,-z,now conftest.c  >&5
configure:7965: $? = 0
configure:7965: ./conftest
configure:7965: $? = 0
configure:7976: result: yes
configure:7989: checking for sys/types.h
configure:7989: gcc -c -g -O2 -fdebug-prefix-map=/home/anticap/nosystemd_build/mate-power-manager-1.16.0=. -fstack-protector-strong -Wformat -Werror=format-security -Wdate-time -D_FORTIFY_SOURCE=2 conftest.c >&5
configure:7989: $? = 0
configure:7989: result: yes
configure:7989: checking for sys/stat.h
configure:7989: gcc -c -g -O2 -fdebug-prefix-map=/home/anticap/nosystemd_build/mate-power-manager-1.16.0=. -fstack-protector-strong -Wformat -Werror=format-security -Wdate-time -D_FORTIFY_SOURCE=2 conftest.c >&5
configure:7989: $? = 0
configure:7989: result: yes
configure:7989: checking for stdlib.h
configure:7989: gcc -c -g -O2 -fdebug-prefix-map=/home/anticap/nosystemd_build/mate-power-manager-1.16.0=. -fstack-protector-strong -Wformat -Werror=format-security -Wdate-time -D_FORTIFY_SOURCE=2 conftest.c >&5
configure:7989: $? = 0
configure:7989: result: yes
configure:7989: checking for string.h
configure:7989: gcc -c -g -O2 -fdebug-prefix-map=/home/anticap/nosystemd_build/mate-power-manager-1.16.0=. -fstack-protector-strong -Wformat -Werror=format-security -Wdate-time -D_FORTIFY_SOURCE=2 conftest.c >&5
configure:7989: $? = 0
configure:7989: result: yes
configure:7989: checking for memory.h
configure:7989: gcc -c -g -O2 -fdebug-prefix-map=/home/anticap/nosystemd_build/mate-power-manager-1.16.0=. -fstack-protector-strong -Wformat -Werror=format-security -Wdate-time -D_FORTIFY_SOURCE=2 conftest.c >&5
configure:7989: $? = 0
configure:7989: result: yes
configure:7989: checking for strings.h
configure:7989: gcc -c -g -O2 -fdebug-prefix-map=/home/anticap/nosystemd_build/mate-power-manager-1.16.0=. -fstack-protector-strong -Wformat -Werror=format-security -Wdate-time -D_FORTIFY_SOURCE=2 conftest.c >&5
configure:7989: $? = 0
configure:7989: result: yes
configure:7989: checking for inttypes.h
configure:7989: gcc -c -g -O2 -fdebug-prefix-map=/home/anticap/nosystemd_build/mate-power-manager-1.16.0=. -fstack-protector-strong -Wformat -Werror=format-security -Wdate-time -D_FORTIFY_SOURCE=2 conftest.c >&5
configure:7989: $? = 0
configure:7989: result: yes
configure:7989: checking for stdint.h
configure:7989: gcc -c -g -O2 -fdebug-prefix-map=/home/anticap/nosystemd_build/mate-power-manager-1.16.0=. -fstack-protector-strong -Wformat -Werror=format-security -Wdate-time -D_FORTIFY_SOURCE=2 conftest.c >&5
configure:7989: $? = 0
configure:7989: result: yes
configure:7989: checking for unistd.h
configure:7989: gcc -c -g -O2 -fdebug-prefix-map=/home/anticap/nosystemd_build/mate-power-manager-1.16.0=. -fstack-protector-strong -Wformat -Werror=format-security -Wdate-time -D_FORTIFY_SOURCE=2 conftest.c >&5
configure:7989: $? = 0
configure:7989: result: yes
configure:8003: checking for dlfcn.h
configure:8003: gcc -c -g -O2 -fdebug-prefix-map=/home/anticap/nosystemd_build/mate-power-manager-1.16.0=. -fstack-protector-strong -Wformat -Werror=format-security -Wdate-time -D_FORTIFY_SOURCE=2 conftest.c >&5
configure:8003: $? = 0
configure:8003: result: yes
configure:8259: checking for objdir
configure:8274: result: .libs
configure:8538: checking if gcc supports -fno-rtti -fno-exceptions
configure:8556: gcc -c -g -O2 -fdebug-prefix-map=/home/anticap/nosystemd_build/mate-power-manager-1.16.0=. -fstack-protector-strong -Wformat -Werror=format-security -Wdate-time -D_FORTIFY_SOURCE=2 -fno-rtti -fno-exceptions conftest.c >&5
cc1: warning: command line option '-fno-rtti' is valid for C++/ObjC++ but not for C
configure:8560: $? = 0
configure:8573: result: no
configure:8931: checking for gcc option to produce PIC
configure:8938: result: -fPIC -DPIC
configure:8946: checking if gcc PIC flag -fPIC -DPIC works
configure:8964: gcc -c -g -O2 -fdebug-prefix-map=/home/anticap/nosystemd_build/mate-power-manager-1.16.0=. -fstack-protector-strong -Wformat -Werror=format-security -Wdate-time -D_FORTIFY_SOURCE=2 -fPIC -DPIC -DPIC conftest.c >&5
configure:8968: $? = 0
configure:8981: result: yes
configure:9010: checking if gcc static flag -static works
configure:9038: result: yes
configure:9053: checking if gcc supports -c -o file.o
configure:9074: gcc -c -g -O2 -fdebug-prefix-map=/home/anticap/nosystemd_build/mate-power-manager-1.16.0=. -fstack-protector-strong -Wformat -Werror=format-security -Wdate-time -D_FORTIFY_SOURCE=2 -o out/conftest2.o conftest.c >&5
configure:9078: $? = 0
configure:9100: result: yes
configure:9108: checking if gcc supports -c -o file.o
configure:9155: result: yes
configure:9188: checking whether the gcc linker (/usr/bin/ld -m elf_x86_64) supports shared libraries
configure:10451: result: yes
configure:10488: checking whether -lc should be explicitly linked in
configure:10496: gcc -c -g -O2 -fdebug-prefix-map=/home/anticap/nosystemd_build/mate-power-manager-1.16.0=. -fstack-protector-strong -Wformat -Werror=format-security -Wdate-time -D_FORTIFY_SOURCE=2 conftest.c >&5
configure:10499: $? = 0
configure:10514: gcc -shared  -fPIC -DPIC conftest.o  -v -Wl,-soname -Wl,conftest -o conftest 2\>\&1 \| /bin/grep  -lc  \>/dev/null 2\>\&1
configure:10517: $? = 0
configure:10531: result: no
configure:10691: checking dynamic linker characteristics
configure:11272: gcc -o conftest -g -O2 -fdebug-prefix-map=/home/anticap/nosystemd_build/mate-power-manager-1.16.0=. -fstack-protector-strong -Wformat -Werror=format-security -Wdate-time -D_FORTIFY_SOURCE=2 -Wl,-z,relro -Wl,-z,now -Wl,-rpath -Wl,/foo conftest.c  >&5
configure:11272: $? = 0
configure:11521: result: GNU/Linux ld.so
configure:11643: checking how to hardcode library paths into programs
configure:11668: result: immediate
configure:12216: checking whether stripping libraries is possible
configure:12221: result: yes
configure:12256: checking if libtool supports shared libraries
configure:12258: result: yes
configure:12261: checking whether to build shared libraries
configure:12286: result: yes
configure:12289: checking whether to build static libraries
configure:12293: result: yes
configure:12331: checking whether NLS is requested
configure:12340: result: yes
configure:12358: checking for intltool >= 0.50.1
configure:12360: result: 0.51.0 found
configure:12368: checking for intltool-update
configure:12386: found /usr/bin/intltool-update
configure:12398: result: /usr/bin/intltool-update
configure:12408: checking for intltool-merge
configure:12426: found /usr/bin/intltool-merge
configure:12438: result: /usr/bin/intltool-merge
configure:12448: checking for intltool-extract
configure:12466: found /usr/bin/intltool-extract
configure:12478: result: /usr/bin/intltool-extract
configure:12632: checking for xgettext
configure:12650: found /usr/bin/xgettext
configure:12662: result: /usr/bin/xgettext
configure:12672: checking for msgmerge
configure:12690: found /usr/bin/msgmerge
configure:12702: result: /usr/bin/msgmerge
configure:12712: checking for msgfmt
configure:12730: found /usr/bin/msgfmt
configure:12742: result: /usr/bin/msgfmt
configure:12752: checking for gmsgfmt
configure:12783: result: /usr/bin/msgfmt
configure:12803: checking for perl
configure:12821: found /usr/bin/perl
configure:12833: result: /usr/bin/perl
configure:12844: checking for perl >= 5.8.1
configure:12851: result: 5.24.1
configure:12855: checking for XML::Parser
configure:12858: result: ok
configure:12944: checking what warning flags to pass to the C compiler
configure:12946: result: -Wall -Wmissing-prototypes
configure:12957: checking what language compliance flags to pass to the C compiler
configure:12972: result: 
configure:13013: checking for itstool
configure:13029: found /usr/bin/itstool
configure:13040: result: itstool
configure:13055: checking for xmllint
configure:13071: found /usr/bin/xmllint
configure:13082: result: xmllint
configure:13277: checking for glib-genmarshal
configure:13295: found /usr/bin/glib-genmarshal
configure:13307: result: /usr/bin/glib-genmarshal
configure:13406: checking locale.h usability
configure:13406: gcc -c -g -O2 -fdebug-prefix-map=/home/anticap/nosystemd_build/mate-power-manager-1.16.0=. -fstack-protector-strong -Wformat -Werror=format-security -Wdate-time -D_FORTIFY_SOURCE=2  -g -fexceptions conftest.c >&5
configure:13406: $? = 0
configure:13406: result: yes
configure:13406: checking locale.h presence
configure:13406: gcc -E -Wdate-time -D_FORTIFY_SOURCE=2  -g -fexceptions conftest.c
configure:13406: $? = 0
configure:13406: result: yes
configure:13406: checking for locale.h
configure:13406: result: yes
configure:13417: checking for LC_MESSAGES
configure:13433: gcc -o conftest -g -O2 -fdebug-prefix-map=/home/anticap/nosystemd_build/mate-power-manager-1.16.0=. -fstack-protector-strong -Wformat -Werror=format-security -Wdate-time -D_FORTIFY_SOURCE=2  -g -fexceptions -Wl,-z,relro -Wl,-z,now conftest.c  >&5
configure:13433: $? = 0
configure:13441: result: yes
configure:13458: checking libintl.h usability
configure:13458: gcc -c -g -O2 -fdebug-prefix-map=/home/anticap/nosystemd_build/mate-power-manager-1.16.0=. -fstack-protector-strong -Wformat -Werror=format-security -Wdate-time -D_FORTIFY_SOURCE=2  -g -fexceptions conftest.c >&5
configure:13458: $? = 0
configure:13458: result: yes
configure:13458: checking libintl.h presence
configure:13458: gcc -E -Wdate-time -D_FORTIFY_SOURCE=2  -g -fexceptions conftest.c
configure:13458: $? = 0
configure:13458: result: yes
configure:13458: checking for libintl.h
configure:13458: result: yes
configure:13466: checking for ngettext in libc
configure:13484: gcc -o conftest -g -O2 -fdebug-prefix-map=/home/anticap/nosystemd_build/mate-power-manager-1.16.0=. -fstack-protector-strong -Wformat -Werror=format-security -Wdate-time -D_FORTIFY_SOURCE=2  -g -fexceptions -Wl,-z,relro -Wl,-z,now conftest.c  >&5
configure:13484: $? = 0
configure:13493: result: yes
configure:13497: checking for dgettext in libc
configure:13515: gcc -o conftest -g -O2 -fdebug-prefix-map=/home/anticap/nosystemd_build/mate-power-manager-1.16.0=. -fstack-protector-strong -Wformat -Werror=format-security -Wdate-time -D_FORTIFY_SOURCE=2  -g -fexceptions -Wl,-z,relro -Wl,-z,now conftest.c  >&5
configure:13515: $? = 0
configure:13524: result: yes
configure:13531: checking for bind_textdomain_codeset
configure:13531: gcc -o conftest -g -O2 -fdebug-prefix-map=/home/anticap/nosystemd_build/mate-power-manager-1.16.0=. -fstack-protector-strong -Wformat -Werror=format-security -Wdate-time -D_FORTIFY_SOURCE=2  -g -fexceptions -Wl,-z,relro -Wl,-z,now conftest.c  >&5
configure:13531: $? = 0
configure:13531: result: yes
configure:13807: checking for msgfmt
configure:13834: result: /usr/bin/msgfmt
configure:13845: checking for dcgettext
configure:13845: gcc -o conftest -g -O2 -fdebug-prefix-map=/home/anticap/nosystemd_build/mate-power-manager-1.16.0=. -fstack-protector-strong -Wformat -Werror=format-security -Wdate-time -D_FORTIFY_SOURCE=2  -g -fexceptions -Wl,-z,relro -Wl,-z,now conftest.c   >&5
conftest.c:53:6: warning: conflicting types for built-in function 'dcgettext'
 char dcgettext ();
      ^~~~~~~~~
configure:13845: $? = 0
configure:13845: result: yes
configure:13855: checking if msgfmt accepts -c
configure:13870: $MSGFMT -c -o /dev/null conftest.foo
conftest.foo:3: warning: header field 'Language' missing in header
configure:13873: $? = 0
configure:13875: result: yes
configure:13885: checking for gmsgfmt
configure:13916: result: /usr/bin/msgfmt
configure:13926: checking for xgettext
configure:13953: result: /usr/bin/xgettext
configure:13972: gcc -o conftest -g -O2 -fdebug-prefix-map=/home/anticap/nosystemd_build/mate-power-manager-1.16.0=. -fstack-protector-strong -Wformat -Werror=format-security -Wdate-time -D_FORTIFY_SOURCE=2  -g -fexceptions -Wl,-z,relro -Wl,-z,now conftest.c   >&5
configure:13972: $? = 0
configure:14177: checking for pkg-config
configure:14195: found /usr/bin/pkg-config
configure:14207: result: /usr/bin/pkg-config
configure:14232: checking pkg-config is at least version 0.16
configure:14235: result: yes
configure:14359: checking which gtk+ version to compile against
configure:14372: result: 3.0
configure:14399: checking for GLIB
configure:14406: $PKG_CONFIG --exists --print-errors "glib-2.0 >= $GLIB_REQUIRED gobject-2.0 gio-2.0 >= $GIO_REQUIRED gio-unix-2.0"
configure:14409: $? = 0
configure:14423: $PKG_CONFIG --exists --print-errors "glib-2.0 >= $GLIB_REQUIRED gobject-2.0 gio-2.0 >= $GIO_REQUIRED gio-unix-2.0"
configure:14426: $? = 0
configure:14484: result: yes
configure:14491: checking for CANBERRA
configure:14498: $PKG_CONFIG --exists --print-errors "$CANBERRA_GTK >= $CANBERRA_REQUIRED"
configure:14501: $? = 0
configure:14515: $PKG_CONFIG --exists --print-errors "$CANBERRA_GTK >= $CANBERRA_REQUIRED"
configure:14518: $? = 0
configure:14576: result: yes
configure:14583: checking for DBUS
configure:14593: $PKG_CONFIG --exists --print-errors "
 dbus-glib-1 >= $DBUS_GLIB_REQUIRED
 dbus-1 >= $DBUS_REQUIRED
 gthread-2.0"
configure:14599: $? = 0
configure:14619: $PKG_CONFIG --exists --print-errors "
 dbus-glib-1 >= $DBUS_GLIB_REQUIRED
 dbus-1 >= $DBUS_REQUIRED
 gthread-2.0"
configure:14625: $? = 0
configure:14695: result: yes
configure:14702: checking for CAIRO
configure:14711: $PKG_CONFIG --exists --print-errors "
 gtk+-$GTK_API_VERSION >= $GTK_REQUIRED
 cairo >= $CAIRO_REQUIRED"
configure:14716: $? = 0
configure:14734: $PKG_CONFIG --exists --print-errors "
 gtk+-$GTK_API_VERSION >= $GTK_REQUIRED
 cairo >= $CAIRO_REQUIRED"
configure:14739: $? = 0
configure:14805: result: yes
configure:14812: checking for GDK
configure:14821: $PKG_CONFIG --exists --print-errors "
 gdk-$GTK_API_VERSION >= $GDK_REQUIRED
 gdk-x11-$GTK_API_VERSION >= $GDK_REQUIRED"
configure:14826: $? = 0
configure:14844: $PKG_CONFIG --exists --print-errors "
 gdk-$GTK_API_VERSION >= $GDK_REQUIRED
 gdk-x11-$GTK_API_VERSION >= $GDK_REQUIRED"
configure:14849: $? = 0
configure:14915: result: yes
configure:14922: checking for X11
configure:14931: $PKG_CONFIG --exists --print-errors "
 xrandr >= $XRANDR_REQUIRED
 xrender x11 xext xproto"
configure:14936: $? = 0
configure:14954: $PKG_CONFIG --exists --print-errors "
 xrandr >= $XRANDR_REQUIRED
 xrender x11 xext xproto"
configure:14959: $? = 0
configure:15025: result: yes
configure:15032: checking for X11
configure:15039: $PKG_CONFIG --exists --print-errors "x11 xrender"
configure:15042: $? = 0
configure:15117: result: yes
configure:15124: checking for LIBNOTIFY
configure:15131: $PKG_CONFIG --exists --print-errors "libnotify >= $LIBNOTIFY_REQUIRED"
configure:15134: $? = 0
configure:15148: $PKG_CONFIG --exists --print-errors "libnotify >= $LIBNOTIFY_REQUIRED"
configure:15151: $? = 0
configure:15209: result: yes
configure:15319: checking for UPOWER
configure:15326: $PKG_CONFIG --exists --print-errors "upower-glib >= $UPOWER_REQUIRED"
configure:15329: $? = 0
configure:15343: $PKG_CONFIG --exists --print-errors "upower-glib >= $UPOWER_REQUIRED"
configure:15346: $? = 0
configure:15404: result: yes
configure:15410: $PKG_CONFIG --exists --print-errors "xproto >= 7.0.14"
configure:15413: $? = 0
configure:15421: $PKG_CONFIG --exists --print-errors "xproto >= 7.0.15"
configure:15424: $? = 0
configure:15461: checking whether to support tests
configure:15472: result: no
configure:15505: checking for KEYRING
configure:15512: $PKG_CONFIG --exists --print-errors "gnome-keyring-1 >= $GNOME_KEYRING_REQUIRED"
configure:15515: $? = 0
configure:15529: $PKG_CONFIG --exists --print-errors "gnome-keyring-1 >= $GNOME_KEYRING_REQUIRED"
configure:15532: $? = 0
configure:15590: result: yes
configure:15607: checking whether to build applet support
configure:15615: checking for PANEL
configure:15622: $PKG_CONFIG --exists --print-errors "libmatepanelapplet-4.0 >= $LIBPANEL_REQUIRED"
configure:15625: $? = 0
configure:15639: $PKG_CONFIG --exists --print-errors "libmatepanelapplet-4.0 >= $LIBPANEL_REQUIRED"
configure:15642: $? = 0
configure:15700: result: yes
configure:15708: result: yes
configure:15729: checking for xmlto
configure:15747: found /usr/bin/xmlto
configure:15760: result: /usr/bin/xmlto
configure:15768: checking whether to build DocBook documentation
configure:15788: result: yes
configure:15801: checking for Solaris kstat
configure:15803: checking for kstat_open in -lkstat
configure:15828: gcc -o conftest -g -O2 -fdebug-prefix-map=/home/anticap/nosystemd_build/mate-power-manager-1.16.0=. -fstack-protector-strong -Wformat -Werror=format-security -Wdate-time -D_FORTIFY_SOURCE=2  -g -fexceptions -Wl,-z,relro -Wl,-z,now conftest.c -lkstat   >&5
/usr/bin/ld: cannot find -lkstat
collect2: error: ld returned 1 exit status
configure:15828: $? = 1
configure: failed program was:
| /* confdefs.h */
| #define PACKAGE_NAME "mate-power-manager"
| #define PACKAGE_TARNAME "mate-power-manager"
| #define PACKAGE_VERSION "1.16.0"
| #define PACKAGE_STRING "mate-power-manager 1.16.0"
| #define PACKAGE_BUGREPORT "http://www.mate-desktop.org/"
| #define PACKAGE_URL ""
| #define PACKAGE "mate-power-manager"
| #define VERSION "1.16.0"
| #define STDC_HEADERS 1
| #define HAVE_SYS_TYPES_H 1
| #define HAVE_SYS_STAT_H 1
| #define HAVE_STDLIB_H 1
| #define HAVE_STRING_H 1
| #define HAVE_MEMORY_H 1
| #define HAVE_STRINGS_H 1
| #define HAVE_INTTYPES_H 1
| #define HAVE_STDINT_H 1
| #define HAVE_UNISTD_H 1
| #define HAVE_DLFCN_H 1
| #define LT_OBJDIR ".libs/"
| #define GLIB_VERSION_MAX_ALLOWED GLIB_VERSION_2_36
| #define GLIB_VERSION_MIN_REQUIRED GLIB_VERSION_2_36
| #define GETTEXT_PACKAGE "mate-power-manager"
| #define HAVE_LOCALE_H 1
| #define HAVE_LC_MESSAGES 1
| #define HAVE_BIND_TEXTDOMAIN_CODESET 1
| #define HAVE_GETTEXT 1
| #define HAVE_DCGETTEXT 1
| #define ENABLE_NLS 1
| #define HAVE_XF86XK_BATTERY 1
| #define HAVE_XF86XK_SUSPEND 1
| #define HAVE_XF86XK_HIBERNATE 1
| #define WITH_KEYRING 1
| #define HAVE_APPLETS 1
| /* end confdefs.h.  */
| 
| /* Override any GCC internal prototype to avoid an error.
|    Use char because int might match the return type of a GCC
|    builtin and then its argument prototype would still apply.  */
| #ifdef __cplusplus
| extern "C"
| #endif
| char kstat_open ();
| int
| main ()
| {
| return kstat_open ();
|   ;
|   return 0;
| }
configure:15837: result: no
configure:15852: checking for docbook2man
configure:15870: found /usr/bin/docbook2man
configure:15883: result: /usr/bin/docbook2man
configure:16016: checking that generated files are newer than configure
configure:16022: result: done
configure:16073: creating ./config.status

## ---------------------- ##
## Running config.status. ##
## ---------------------- ##

This file was extended by mate-power-manager config.status 1.16.0, which was
generated by GNU Autoconf 2.69.  Invocation command line was

  CONFIG_FILES    = 
  CONFIG_HEADERS  = 
  CONFIG_LINKS    = 
  CONFIG_COMMANDS = 
  $ ./config.status 

on antix1

config.status:1492: creating Makefile
config.status:1492: creating src/Makefile
config.status:1492: creating applets/Makefile
config.status:1492: creating applets/brightness/Makefile
config.status:1492: creating applets/inhibit/Makefile
config.status:1492: creating docs/Makefile
config.status:1492: creating man/Makefile
config.status:1492: creating help/Makefile
config.status:1492: creating po/Makefile.in
config.status:1492: creating policy/Makefile
config.status:1492: creating data/Makefile
config.status:1492: creating data/mate-power-manager.desktop.in
config.status:1492: creating data/mate-power-preferences.desktop.in
config.status:1492: creating data/mate-power-statistics.desktop.in
config.status:1492: creating data/org.mate.power-manager.gschema.xml
config.status:1492: creating data/icons/Makefile
config.status:1492: creating data/icons/16x16/Makefile
config.status:1492: creating data/icons/16x16/actions/Makefile
config.status:1492: creating data/icons/16x16/apps/Makefile
config.status:1492: creating data/icons/16x16/status/Makefile
config.status:1492: creating data/icons/22x22/Makefile
config.status:1492: creating data/icons/22x22/actions/Makefile
config.status:1492: creating data/icons/22x22/apps/Makefile
config.status:1492: creating data/icons/22x22/status/Makefile
config.status:1492: creating data/icons/24x24/Makefile
config.status:1492: creating data/icons/24x24/actions/Makefile
config.status:1492: creating data/icons/24x24/apps/Makefile
config.status:1492: creating data/icons/24x24/status/Makefile
config.status:1492: creating data/icons/32x32/Makefile
config.status:1492: creating data/icons/32x32/actions/Makefile
config.status:1492: creating data/icons/32x32/apps/Makefile
config.status:1492: creating data/icons/32x32/status/Makefile
config.status:1492: creating data/icons/48x48/Makefile
config.status:1492: creating data/icons/48x48/actions/Makefile
config.status:1492: creating data/icons/48x48/apps/Makefile
config.status:1492: creating data/icons/48x48/status/Makefile
config.status:1492: creating data/icons/scalable/Makefile
config.status:1492: creating data/icons/scalable/actions/Makefile
config.status:1492: creating data/icons/scalable/apps/Makefile
config.status:1492: creating data/icons/scalable/status/Makefile
config.status:1492: creating config.h
config.status:1721: executing depfiles commands
config.status:1721: executing libtool commands
config.status:1721: executing default-1 commands
config.status:1721: executing po/stamp-it commands
configure:18276: WARNING: unrecognized options: --disable-maintainer-mode

## ---------------- ##
## Cache variables. ##
## ---------------- ##

ac_cv_build=x86_64-pc-linux-gnu
ac_cv_c_compiler_gnu=yes
ac_cv_env_CAIRO_CFLAGS_set=
ac_cv_env_CAIRO_CFLAGS_value=
ac_cv_env_CAIRO_LIBS_set=
ac_cv_env_CAIRO_LIBS_value=
ac_cv_env_CANBERRA_CFLAGS_set=
ac_cv_env_CANBERRA_CFLAGS_value=
ac_cv_env_CANBERRA_LIBS_set=
ac_cv_env_CANBERRA_LIBS_value=
ac_cv_env_CC_set=
ac_cv_env_CC_value=
ac_cv_env_CFLAGS_set=set
ac_cv_env_CFLAGS_value='-g -O2 -fdebug-prefix-map=/home/anticap/nosystemd_build/mate-power-manager-1.16.0=. -fstack-protector-strong -Wformat -Werror=format-security'
ac_cv_env_CPPFLAGS_set=set
ac_cv_env_CPPFLAGS_value='-Wdate-time -D_FORTIFY_SOURCE=2'
ac_cv_env_CPP_set=
ac_cv_env_CPP_value=
ac_cv_env_DBUS_CFLAGS_set=
ac_cv_env_DBUS_CFLAGS_value=
ac_cv_env_DBUS_LIBS_set=
ac_cv_env_DBUS_LIBS_value=
ac_cv_env_GDK_CFLAGS_set=
ac_cv_env_GDK_CFLAGS_value=
ac_cv_env_GDK_LIBS_set=
ac_cv_env_GDK_LIBS_value=
ac_cv_env_GLIB_CFLAGS_set=
ac_cv_env_GLIB_CFLAGS_value=
ac_cv_env_GLIB_LIBS_set=
ac_cv_env_GLIB_LIBS_value=
ac_cv_env_ITSTOOL_set=
ac_cv_env_ITSTOOL_value=
ac_cv_env_KEYRING_CFLAGS_set=
ac_cv_env_KEYRING_CFLAGS_value=
ac_cv_env_KEYRING_LIBS_set=
ac_cv_env_KEYRING_LIBS_value=
ac_cv_env_LDFLAGS_set=set
ac_cv_env_LDFLAGS_value='-Wl,-z,relro -Wl,-z,now'
ac_cv_env_LIBNOTIFY_CFLAGS_set=
ac_cv_env_LIBNOTIFY_CFLAGS_value=
ac_cv_env_LIBNOTIFY_LIBS_set=
ac_cv_env_LIBNOTIFY_LIBS_value=
ac_cv_env_LIBS_set=
ac_cv_env_LIBS_value=
ac_cv_env_LT_SYS_LIBRARY_PATH_set=
ac_cv_env_LT_SYS_LIBRARY_PATH_value=
ac_cv_env_PANEL_CFLAGS_set=
ac_cv_env_PANEL_CFLAGS_value=
ac_cv_env_PANEL_LIBS_set=
ac_cv_env_PANEL_LIBS_value=
ac_cv_env_PKG_CONFIG_LIBDIR_set=
ac_cv_env_PKG_CONFIG_LIBDIR_value=
ac_cv_env_PKG_CONFIG_PATH_set=
ac_cv_env_PKG_CONFIG_PATH_value=
ac_cv_env_PKG_CONFIG_set=
ac_cv_env_PKG_CONFIG_value=
ac_cv_env_UNIQUE_CFLAGS_set=
ac_cv_env_UNIQUE_CFLAGS_value=
ac_cv_env_UNIQUE_LIBS_set=
ac_cv_env_UNIQUE_LIBS_value=
ac_cv_env_UPOWER_CFLAGS_set=
ac_cv_env_UPOWER_CFLAGS_value=
ac_cv_env_UPOWER_LIBS_set=
ac_cv_env_UPOWER_LIBS_value=
ac_cv_env_X11_CFLAGS_set=
ac_cv_env_X11_CFLAGS_value=
ac_cv_env_X11_LIBS_set=
ac_cv_env_X11_LIBS_value=
ac_cv_env_XMLLINT_set=
ac_cv_env_XMLLINT_value=
ac_cv_env_build_alias_set=set
ac_cv_env_build_alias_value=x86_64-linux-gnu
ac_cv_env_host_alias_set=
ac_cv_env_host_alias_value=
ac_cv_env_target_alias_set=
ac_cv_env_target_alias_value=
ac_cv_func_bind_textdomain_codeset=yes
ac_cv_func_dcgettext=yes
ac_cv_header_dlfcn_h=yes
ac_cv_header_inttypes_h=yes
ac_cv_header_libintl_h=yes
ac_cv_header_locale_h=yes
ac_cv_header_memory_h=yes
ac_cv_header_stdc=yes
ac_cv_header_stdint_h=yes
ac_cv_header_stdlib_h=yes
ac_cv_header_string_h=yes
ac_cv_header_strings_h=yes
ac_cv_header_sys_stat_h=yes
ac_cv_header_sys_types_h=yes
ac_cv_header_unistd_h=yes
ac_cv_host=x86_64-pc-linux-gnu
ac_cv_lib_kstat_kstat_open=no
ac_cv_objext=o
ac_cv_path_DOCBOOK2MAN=/usr/bin/docbook2man
ac_cv_path_EGREP='/bin/grep -E'
ac_cv_path_FGREP='/bin/grep -F'
ac_cv_path_GLIB_GENMARSHAL=/usr/bin/glib-genmarshal
ac_cv_path_GMSGFMT=/usr/bin/msgfmt
ac_cv_path_GREP=/bin/grep
ac_cv_path_INTLTOOL_EXTRACT=/usr/bin/intltool-extract
ac_cv_path_INTLTOOL_MERGE=/usr/bin/intltool-merge
ac_cv_path_INTLTOOL_PERL=/usr/bin/perl
ac_cv_path_INTLTOOL_UPDATE=/usr/bin/intltool-update
ac_cv_path_MSGFMT=/usr/bin/msgfmt
ac_cv_path_MSGMERGE=/usr/bin/msgmerge
ac_cv_path_SED=/bin/sed
ac_cv_path_XGETTEXT=/usr/bin/xgettext
ac_cv_path_XMLTO=/usr/bin/xmlto
ac_cv_path_ac_pt_PKG_CONFIG=/usr/bin/pkg-config
ac_cv_path_install='/usr/bin/install -c'
ac_cv_path_lt_DD=/bin/dd
ac_cv_path_mkdir=/bin/mkdir
ac_cv_prog_AWK=gawk
ac_cv_prog_CPP='gcc -E'
ac_cv_prog_ITSTOOL=itstool
ac_cv_prog_XMLLINT=xmllint
ac_cv_prog_ac_ct_AR=ar
ac_cv_prog_ac_ct_CC=gcc
ac_cv_prog_ac_ct_MANIFEST_TOOL=mt
ac_cv_prog_ac_ct_OBJDUMP=objdump
ac_cv_prog_ac_ct_RANLIB=ranlib
ac_cv_prog_ac_ct_STRIP=strip
ac_cv_prog_cc_c89=
ac_cv_prog_cc_g=yes
ac_cv_prog_make_make_set=yes
am_cv_CC_dependencies_compiler_type=none
am_cv_make_support_nested_variables=yes
am_cv_prog_cc_c_o=yes
am_cv_prog_tar_ustar=gnutar
am_cv_val_LC_MESSAGES=yes
gt_cv_func_dgettext_libc=yes
gt_cv_func_dgettext_libintl=no
gt_cv_func_ngettext_libc=yes
gt_cv_have_gettext=yes
lt_cv_ar_at_file=@
lt_cv_archive_cmds_need_lc=no
lt_cv_deplibs_check_method=pass_all
lt_cv_file_magic_cmd='$MAGIC_CMD'
lt_cv_file_magic_test_file=
lt_cv_ld_reload_flag=-r
lt_cv_nm_interface='BSD nm'
lt_cv_objdir=.libs
lt_cv_path_LD=/usr/bin/ld
lt_cv_path_NM='/usr/bin/nm -B'
lt_cv_path_mainfest_tool=no
lt_cv_prog_compiler_c_o=yes
lt_cv_prog_compiler_pic='-fPIC -DPIC'
lt_cv_prog_compiler_pic_works=yes
lt_cv_prog_compiler_rtti_exceptions=no
lt_cv_prog_compiler_static_works=yes
lt_cv_prog_gnu_ld=yes
lt_cv_sharedlib_from_linklib_cmd='printf %s\n'
lt_cv_shlibpath_overrides_runpath=yes
lt_cv_sys_global_symbol_pipe='sed -n -e '\''s/^.*[	 ]\([ABCDGIRSTW][ABCDGIRSTW]*\)[	 ][	 ]*\([_A-Za-z][_A-Za-z0-9]*\)$/\1 \2 \2/p'\'' | sed '\''/ __gnu_lto/d'\'''
lt_cv_sys_global_symbol_to_c_name_address='sed -n -e '\''s/^: \(.*\) .*$/  {"\1", (void *) 0},/p'\'' -e '\''s/^[ABCDGIRSTW][ABCDGIRSTW]* .* \(.*\)$/  {"\1", (void *) \&\1},/p'\'''
lt_cv_sys_global_symbol_to_c_name_address_lib_prefix='sed -n -e '\''s/^: \(.*\) .*$/  {"\1", (void *) 0},/p'\'' -e '\''s/^[ABCDGIRSTW][ABCDGIRSTW]* .* \(lib.*\)$/  {"\1", (void *) \&\1},/p'\'' -e '\''s/^[ABCDGIRSTW][ABCDGIRSTW]* .* \(.*\)$/  {"lib\1", (void *) \&\1},/p'\'''
lt_cv_sys_global_symbol_to_cdecl='sed -n -e '\''s/^T .* \(.*\)$/extern int \1();/p'\'' -e '\''s/^[ABCDGIRSTW][ABCDGIRSTW]* .* \(.*\)$/extern char \1;/p'\'''
lt_cv_sys_global_symbol_to_import=
lt_cv_sys_max_cmd_len=1572864
lt_cv_to_host_file_cmd=func_convert_file_noop
lt_cv_to_tool_file_cmd=func_convert_file_noop
lt_cv_truncate_bin='/bin/dd bs=4096 count=1'
pkg_cv_CAIRO_CFLAGS='-pthread -I/usr/include/gtk-3.0 -I/usr/include/at-spi2-atk/2.0 -I/usr/include/at-spi-2.0 -I/usr/include/dbus-1.0 -I/usr/lib/x86_64-linux-gnu/dbus-1.0/include -I/usr/include/gtk-3.0 -I/usr/include/gio-unix-2.0/ -I/usr/include/cairo -I/usr/include/pango-1.0 -I/usr/include/harfbuzz -I/usr/include/pango-1.0 -I/usr/include/atk-1.0 -I/usr/include/cairo -I/usr/include/gdk-pixbuf-2.0 -I/usr/include/libpng16 -I/usr/include/cairo -I/usr/include/glib-2.0 -I/usr/lib/x86_64-linux-gnu/glib-2.0/include -I/usr/include/pixman-1 -I/usr/include/freetype2 -I/usr/include/libpng16'
pkg_cv_CAIRO_LIBS='-lgtk-3 -lgdk-3 -lpangocairo-1.0 -lpango-1.0 -latk-1.0 -lcairo-gobject -lgdk_pixbuf-2.0 -lgio-2.0 -lgobject-2.0 -lglib-2.0 -lcairo'
pkg_cv_CANBERRA_CFLAGS='-D_REENTRANT -pthread -I/usr/include/gtk-3.0 -I/usr/include/at-spi2-atk/2.0 -I/usr/include/at-spi-2.0 -I/usr/include/dbus-1.0 -I/usr/lib/x86_64-linux-gnu/dbus-1.0/include -I/usr/include/gtk-3.0 -I/usr/include/gio-unix-2.0/ -I/usr/include/cairo -I/usr/include/pango-1.0 -I/usr/include/harfbuzz -I/usr/include/pango-1.0 -I/usr/include/atk-1.0 -I/usr/include/cairo -I/usr/include/pixman-1 -I/usr/include/freetype2 -I/usr/include/libpng16 -I/usr/include/gdk-pixbuf-2.0 -I/usr/include/libpng16 -I/usr/include/glib-2.0 -I/usr/lib/x86_64-linux-gnu/glib-2.0/include'
pkg_cv_CANBERRA_LIBS='-lcanberra-gtk3 -lX11 -lcanberra -lgtk-3 -lgdk-3 -lpangocairo-1.0 -lpango-1.0 -latk-1.0 -lcairo-gobject -lcairo -lgdk_pixbuf-2.0 -lgio-2.0 -lgobject-2.0 -lglib-2.0'
pkg_cv_DBUS_CFLAGS='-pthread -I/usr/include/dbus-1.0 -I/usr/lib/x86_64-linux-gnu/dbus-1.0/include -I/usr/include/glib-2.0 -I/usr/lib/x86_64-linux-gnu/glib-2.0/include'
pkg_cv_DBUS_LIBS='-ldbus-glib-1 -lgobject-2.0 -ldbus-1 -lgthread-2.0 -pthread -lglib-2.0'
pkg_cv_GDK_CFLAGS='-pthread -I/usr/include/gtk-3.0 -I/usr/include/gio-unix-2.0/ -I/usr/include/cairo -I/usr/include/pango-1.0 -I/usr/include/harfbuzz -I/usr/include/pango-1.0 -I/usr/include/gdk-pixbuf-2.0 -I/usr/include/libpng16 -I/usr/include/cairo -I/usr/include/pixman-1 -I/usr/include/freetype2 -I/usr/include/libpng16 -I/usr/include/glib-2.0 -I/usr/lib/x86_64-linux-gnu/glib-2.0/include'
pkg_cv_GDK_LIBS='-lgdk-3 -lpangocairo-1.0 -lpango-1.0 -lgdk_pixbuf-2.0 -lcairo-gobject -lcairo -lgobject-2.0 -lglib-2.0'
pkg_cv_GLIB_CFLAGS='-pthread -I/usr/include/gio-unix-2.0/ -I/usr/include/glib-2.0 -I/usr/lib/x86_64-linux-gnu/glib-2.0/include'
pkg_cv_GLIB_LIBS='-lgio-2.0 -lgobject-2.0 -lglib-2.0'
pkg_cv_KEYRING_CFLAGS='-I/usr/include/gnome-keyring-1 -I/usr/include/glib-2.0 -I/usr/lib/x86_64-linux-gnu/glib-2.0/include'
pkg_cv_KEYRING_LIBS='-lgnome-keyring -lglib-2.0'
pkg_cv_LIBNOTIFY_CFLAGS='-pthread -I/usr/include/gdk-pixbuf-2.0 -I/usr/include/libpng16 -I/usr/include/glib-2.0 -I/usr/lib/x86_64-linux-gnu/glib-2.0/include'
pkg_cv_LIBNOTIFY_LIBS='-lnotify -lgdk_pixbuf-2.0 -lgio-2.0 -lgobject-2.0 -lglib-2.0'
pkg_cv_PANEL_CFLAGS='-pthread -I/usr/include/mate-panel-4.0/libmate-panel-applet -I/usr/include/gtk-3.0 -I/usr/include/at-spi2-atk/2.0 -I/usr/include/at-spi-2.0 -I/usr/include/dbus-1.0 -I/usr/lib/x86_64-linux-gnu/dbus-1.0/include -I/usr/include/gtk-3.0 -I/usr/include/gio-unix-2.0/ -I/usr/include/cairo -I/usr/include/pango-1.0 -I/usr/include/harfbuzz -I/usr/include/pango-1.0 -I/usr/include/atk-1.0 -I/usr/include/cairo -I/usr/include/pixman-1 -I/usr/include/freetype2 -I/usr/include/libpng16 -I/usr/include/gdk-pixbuf-2.0 -I/usr/include/libpng16 -I/usr/include/glib-2.0 -I/usr/lib/x86_64-linux-gnu/glib-2.0/include'
pkg_cv_PANEL_LIBS='-lmate-panel-applet-4 -lgtk-3 -lgdk-3 -lpangocairo-1.0 -lpango-1.0 -latk-1.0 -lcairo-gobject -lcairo -lgdk_pixbuf-2.0 -lgio-2.0 -lgobject-2.0 -lglib-2.0'
pkg_cv_UPOWER_CFLAGS='-pthread -I/usr/include/libupower-glib -I/usr/include/dbus-1.0 -I/usr/lib/x86_64-linux-gnu/dbus-1.0/include -I/usr/include/glib-2.0 -I/usr/lib/x86_64-linux-gnu/glib-2.0/include'
pkg_cv_UPOWER_LIBS='-lupower-glib -lgobject-2.0 -lglib-2.0'
pkg_cv_X11_CFLAGS=
pkg_cv_X11_LIBS='-lXrandr -lXrender -lX11 -lXext'

## ----------------- ##
## Output variables. ##
## ----------------- ##

























		$(INSTALL_DATA) $^ "$(DESTDIR)$(gsettingsschemadir)"; \
		test -n "$(GSETTINGS_DISABLE_SCHEMAS_COMPILE)$(DESTDIR)" || $(GLIB_COMPILE_SCHEMAS) $(gsettingsschemadir); \
		test -z "$(gsettingsschemadir)" || $(MKDIR_P) "$(DESTDIR)$(gsettingsschemadir)"; \
	        $(LN_S) -f "$(HELP_DIR)/C/$(HELP_ID)/$$f" "$$helpdir$$f" || exit 1; \
	        echo "$(LN_S) -f $(HELP_DIR)/C/$(HELP_ID)/$$f $$helpdir$$f"; \
	      $(INSTALL_DATA) "$$d$$lc/$$f" "$$helpdir$$f" || exit 1; \
	      echo "$(INSTALL_DATA) $$d$$lc/$$f $$helpdir$$f"; \
	      fi; \
	      if test "x$(YELP_LC_MEDIA_LINKS)" != "x"; then \
	    $(ITSTOOL) -o "$(notdir $@).tmp" $(_HELP_C_FILES) && \
	    $(ITSTOOL) -o "$(notdir $@).tmp" $(_HELP_C_FILES) && \
	    $(XMLLINT) --noout --noent --path "$$xmlpath" --xinclude "$$d$$lc/$$page"; \
	    cp -p "$$d$$lc/$$file" "$(distdir)/$$lc/" || exit 1; \
	    d="$(srcdir)/"; \
	    echo "$(XMLLINT) --noout --noent --path $$xmlpath --xinclude $$d$$lc/$$page"; \
	    echo "rm -f $$helpdir$$f"; \
	    elif test "x$$lc" != "xC"; then \
	    fi; \
	    helpdir="$(DESTDIR)$(HELP_DIR)/$$lc/$(HELP_ID)/"; \
	    helpdir="$(DESTDIR)$(HELP_DIR)/$$lc/$(HELP_ID)/"; \
	    if ! test -d "$$helpdir$$mdir"; then $(mkinstalldirs) "$$helpdir$$mdir"; fi; \
	    if test "x$mdir" = "x."; then mdir=""; fi; \
	    if test -f "$$d$$lc/$$f"; then \
	    if test -f "$$lc$$f"; then d=; else d="$(srcdir)/"; fi; \
	    if test -f "$$lc/$$file"; then d=./; else d=$(srcdir)/; fi; \
	    mdir=`dirname "$$f"`; \
	    msgmerge -o "$(notdir $@)" "$(notdir $@)" "$(notdir $@).tmp" && \
	    mv "$(notdir $@).tmp" "$(notdir $@)"); \
	    rm "$(notdir $@).tmp"); \
	    rm -f "$$helpdir$$f"; \
	    then d=; \
	    xmlpath="$$lc"; \
	    xmlpath="$$lc:$(srcdir)/$$lc"; \
	  $(INSTALL_DATA) "$$d$$f" "$$helpdir`basename $$f`" || exit 1; \
	  $(INSTALL_DATA) "$$d$$lc/$$f" "$$helpdir`basename $$f`" || exit 1; \
	  $(MKDIR_P) "$(distdir)/$$lc"; \
	  $(mkinstalldirs) "$(DESTDIR)$(HELP_DIR)/$$lc/$(HELP_ID)" || exit 1; \
	  (cd "$(dir $@)" && \
	  (cd "$(dir $@)" && \
	  done; \
	  done; \
	  done; \
	  done; \
	  echo "$(INSTALL_DATA) $$d$$f $$helpdir`basename $$f`"; \
	  echo "$(INSTALL_DATA) $$d$$lc/$$f $$helpdir`basename $$f`"; \
	  echo "rm -f $$helpdir`basename $$f`"; \
	  echo "rm -f $$helpdir`basename $$f`"; \
	  else \
	  fi; \
	  for file in $(HELP_FILES); do \
	  for lc in C $(_HELP_LINGUAS); do \
	  for lc in C $(_HELP_LINGUAS); do \
	  for page in $(HELP_FILES); do \
	  helpdir="$(DESTDIR)$(HELP_DIR)/$$lc/$(HELP_ID)/"; \
	  helpdir="$(DESTDIR)$(HELP_DIR)/$$lc/$(HELP_ID)/"; \
	  helpdir="$(DESTDIR)$(HELP_DIR)/$$lc/$(HELP_ID)/"; \
	  helpdir="$(DESTDIR)$(HELP_DIR)/$$lc/$(HELP_ID)/"; \
	  if ! test -d "$$helpdir"; then $(mkinstalldirs) "$$helpdir"; fi; \
	  if ! test -d "$$helpdir"; then $(mkinstalldirs) "$$helpdir"; fi; \
	  if test "x$(_HELP_V)" = "x0"; then echo "  GEN    $${po}"; fi; \
	  if test -d "$$lc"; \
	  if test -f "$$f"; then d=; else d="$(srcdir)/"; fi; \
	  if test -f "$$lc/$$f"; then d=; else d="$(srcdir)/"; fi; \
	  lc=`dirname "$$f"`; lc=`basename "$$lc"`; \
	  lc=`dirname "$$f"`; lc=`basename "$$lc"`; \
	  msgmerge -q -o "$${po}" "$${po}" "$(_HELP_POTFILE)"; \
	  rm -f "$$helpdir`basename $$f`"; \
	  rm -f "$$helpdir`basename $$f`"; \
	$(AM_V_GEN) $(GLIB_COMPILE_SCHEMAS) --strict --dry-run $(addprefix --schema-file=,$(gsettings__enum_file)) --schema-file=$< && mkdir -p $(@D) && touch $@
	$(AM_V_GEN) glib-mkenums --comments '\''<!-- @comment@ -->'\'' --fhead "<schemalist>" --vhead "  <@type@ id='\''$(gsettings_ENUM_NAMESPACE).@EnumName@'\''>" --vprod "    <value nick='\''@valuenick@'\'' value='\''@valuenum@'\''/>" --vtail "  </@type@>" --ftail "</schemalist>" $^ > $@.tmp && mv $@.tmp $@
	$(AM_V_GEN)if ! test -f "$@"; then \
	$(AM_V_GEN)if test -d "C"; then d=; else d="$(srcdir)/"; fi; \
	$(AM_V_GEN)msgfmt -o "$@" "$<"
	$(AM_V_at)for po in $(_HELP_POFILES); do \
	$(AM_V_at)if ! test -d "$(dir $@)"; then mkdir "$(dir $@)"; fi
	$(AM_V_at)if ! test -d "$(dir $@)"; then mkdir "$(dir $@)"; fi
	$(AM_V_at)if ! test -d "$(dir $@)"; then mkdir "$(dir $@)"; fi
	$(AM_V_at)if test ! -f "$@" -a -f "$(srcdir)/$@"; then cp "$(srcdir)/$@" "$@"; fi
	$(ITSTOOL) -o "$@" $(foreach f,$(_HELP_C_FILES),"$${d}$(f)")
	$(_HELP_LC_VERBOSE)if test -d "C"; then d="../"; else d="$(abs_srcdir)/"; fi; \
	(cd "$(dir $@)" && $(ITSTOOL) -m "$${mo}" $(foreach f,$(_HELP_C_FILES),$${d}/$(f))) && \
	@$(NORMAL_INSTALL)
	@$(NORMAL_UNINSTALL)
	@for f in $(HELP_MEDIA); do \
	@for f in $(HELP_MEDIA); do \
	@for f in $(_HELP_C_EXTRA); do \
	@for f in $(_HELP_C_EXTRA); do \
	@for lc in C $(_HELP_LINGUAS); do \
	@for lc in C $(_HELP_LINGUAS); do for f in $(HELP_FILES); do \
	@for lc in C $(if $(YELP_LC_DIST),$(HELP_LINGUAS)) ; do \
	@list='\''$(gsettings_SCHEMAS) $(gsettings__enum_file)'\''; test -n "$(gsettingsschemadir)" || list=; \
	cd "$(DESTDIR)$(gsettingsschemadir)" && rm -f $$files
	done
	done
	done
	done
	done
	done
	done;
	done; \
	done; done
	done; done
	echo " ( cd '\''$(DESTDIR)$(gsettingsschemadir)'\'' && rm -f" $$files ")"; \
	else \
	fi
	fi
	files=`for p in $$list; do echo $$p; done | sed -e '\''s|^.*/||'\''`; \
	for lc in C $(_HELP_LINGUAS); do \
	for lc in C $(_HELP_LINGUAS); do for f in $(HELP_FILES); do \
	if test -f "$${mo}"; then mo="../$${mo}"; else mo="$(abs_srcdir)/$${mo}"; fi; \
	if test -n "$^"; then \
	mo="$(dir $@)$(patsubst %/$(notdir $@),%,$@).mo"; \
	rm -f $(_HELP_LC_FILES) $(_HELP_LC_STAMPS) $(_HELP_MOFILES)
	rm -f $(gsettings_SCHEMAS:.xml=.valid) $(gsettings__enum_file)
	test -n "$$files" || exit 0; \
	test -n "$(GSETTINGS_DISABLE_SCHEMAS_COMPILE)$(DESTDIR)" || $(GLIB_COMPILE_SCHEMAS) $(gsettingsschemadir)
	touch "$@"
$(_HELP_LC_FILES): $(_HELP_LINGUAS)
$(_HELP_LC_STAMPS): $(_HELP_C_FILES) $(_HELP_C_EXTRA)
$(_HELP_LC_STAMPS): %.stamp: %.mo
$(_HELP_LINGUAS): $(_HELP_LC_STAMPS)
$(_HELP_MOFILES): %.mo: %.po
$(_HELP_POFILES):
$(_HELP_POTFILE): $(_HELP_C_FILES) $(_HELP_C_EXTRA) $(_HELP_C_MEDIA)
$(gsettings__enum_file): $(gsettings_ENUM_FILES)
%.gschema.valid: %.gschema.xml $(gsettings__enum_file)
'
.PHONY : uninstall-gsettings-schemas install-gsettings-schemas clean-gsettings-schemas
.PHONY: check-help
.PHONY: clean-help
.PHONY: install-help
.PHONY: pot
.PHONY: repo
.PHONY: uninstall-help
.SECONDARY: $(gsettings_SCHEMAS)
ACLOCAL='${SHELL} /home/anticap/nosystemd_build/mate-power-manager-1.16.0/missing aclocal-1.15'
ALL_LINGUAS=''
AMDEPBACKSLASH=''
AMDEP_FALSE=''
AMDEP_TRUE='#'
AMTAR='$${TAR-tar}'
AM_BACKSLASH='\'
AM_DEFAULT_V='$(AM_DEFAULT_VERBOSITY)'
AM_DEFAULT_VERBOSITY='1'
AM_V='$(V)'
AR='ar'
AUTOCONF='${SHELL} /home/anticap/nosystemd_build/mate-power-manager-1.16.0/missing autoconf'
AUTOHEADER='${SHELL} /home/anticap/nosystemd_build/mate-power-manager-1.16.0/missing autoheader'
AUTOMAKE='${SHELL} /home/anticap/nosystemd_build/mate-power-manager-1.16.0/missing automake-1.15'
AWK='gawk'
BINDIR='${exec_prefix}/bin'
CAIRO_CFLAGS='-pthread -I/usr/include/gtk-3.0 -I/usr/include/at-spi2-atk/2.0 -I/usr/include/at-spi-2.0 -I/usr/include/dbus-1.0 -I/usr/lib/x86_64-linux-gnu/dbus-1.0/include -I/usr/include/gtk-3.0 -I/usr/include/gio-unix-2.0/ -I/usr/include/cairo -I/usr/include/pango-1.0 -I/usr/include/harfbuzz -I/usr/include/pango-1.0 -I/usr/include/atk-1.0 -I/usr/include/cairo -I/usr/include/gdk-pixbuf-2.0 -I/usr/include/libpng16 -I/usr/include/cairo -I/usr/include/glib-2.0 -I/usr/lib/x86_64-linux-gnu/glib-2.0/include -I/usr/include/pixman-1 -I/usr/include/freetype2 -I/usr/include/libpng16'
CAIRO_LIBS='-lgtk-3 -lgdk-3 -lpangocairo-1.0 -lpango-1.0 -latk-1.0 -lcairo-gobject -lgdk_pixbuf-2.0 -lgio-2.0 -lgobject-2.0 -lglib-2.0 -lcairo'
CANBERRA_CFLAGS='-D_REENTRANT -pthread -I/usr/include/gtk-3.0 -I/usr/include/at-spi2-atk/2.0 -I/usr/include/at-spi-2.0 -I/usr/include/dbus-1.0 -I/usr/lib/x86_64-linux-gnu/dbus-1.0/include -I/usr/include/gtk-3.0 -I/usr/include/gio-unix-2.0/ -I/usr/include/cairo -I/usr/include/pango-1.0 -I/usr/include/harfbuzz -I/usr/include/pango-1.0 -I/usr/include/atk-1.0 -I/usr/include/cairo -I/usr/include/pixman-1 -I/usr/include/freetype2 -I/usr/include/libpng16 -I/usr/include/gdk-pixbuf-2.0 -I/usr/include/libpng16 -I/usr/include/glib-2.0 -I/usr/lib/x86_64-linux-gnu/glib-2.0/include'
CANBERRA_LIBS='-lcanberra-gtk3 -lX11 -lcanberra -lgtk-3 -lgdk-3 -lpangocairo-1.0 -lpango-1.0 -latk-1.0 -lcairo-gobject -lcairo -lgdk_pixbuf-2.0 -lgio-2.0 -lgobject-2.0 -lglib-2.0'
CATALOGS=''
CATOBJEXT='.gmo'
CC='gcc'
CCDEPMODE='depmode=none'
CFLAGS='-g -O2 -fdebug-prefix-map=/home/anticap/nosystemd_build/mate-power-manager-1.16.0=. -fstack-protector-strong -Wformat -Werror=format-security'
CPP='gcc -E'
CPPFLAGS='-Wdate-time -D_FORTIFY_SOURCE=2  -g -fexceptions'
CYGPATH_W='echo'
DATADIR='${datarootdir}'
DATADIRNAME='share'
DBUS_CFLAGS='-pthread -I/usr/include/dbus-1.0 -I/usr/lib/x86_64-linux-gnu/dbus-1.0/include -I/usr/include/glib-2.0 -I/usr/lib/x86_64-linux-gnu/glib-2.0/include'
DBUS_LIBS='-ldbus-glib-1 -lgobject-2.0 -ldbus-1 -lgthread-2.0 -pthread -lglib-2.0'
DBUS_SERVICES_DIR='${datarootdir}/dbus-1/services'
DEFS='-DHAVE_CONFIG_H'
DEPDIR='.deps'
DLLTOOL='false'
DOCBOOK2MAN='/usr/bin/docbook2man'
DOCBOOK_DOCS_ENABLED_FALSE='#'
DOCBOOK_DOCS_ENABLED_TRUE=''
DOCDIR='${datarootdir}/doc/mate-power-manager-1.16.0'
DSYMUTIL=''
DUMPBIN=''
ECHO_C=''
ECHO_N='-n'
ECHO_T=''
EGREP='/bin/grep -E'
EXEEXT=''
EXTRA_DIST += $(_HELP_C_EXTRA) $(_HELP_C_MEDIA)
EXTRA_DIST += $(foreach f,$(HELP_MEDIA),$(foreach lc,$(HELP_LINGUAS),$(wildcard $(lc)/$(f))))
EXTRA_DIST += $(foreach lc,$(HELP_LINGUAS),$(lc)/$(lc).po)
EXTRA_DIST += $(if $(YELP_LC_DIST),$(foreach lc,$(HELP_LINGUAS),$(lc)/$(lc).stamp))
EXTRA_DIST ?=
FGREP='/bin/grep -F'
GDK_CFLAGS='-pthread -I/usr/include/gtk-3.0 -I/usr/include/gio-unix-2.0/ -I/usr/include/cairo -I/usr/include/pango-1.0 -I/usr/include/harfbuzz -I/usr/include/pango-1.0 -I/usr/include/gdk-pixbuf-2.0 -I/usr/include/libpng16 -I/usr/include/cairo -I/usr/include/pixman-1 -I/usr/include/freetype2 -I/usr/include/libpng16 -I/usr/include/glib-2.0 -I/usr/lib/x86_64-linux-gnu/glib-2.0/include'
GDK_LIBS='-lgdk-3 -lpangocairo-1.0 -lpango-1.0 -lgdk_pixbuf-2.0 -lcairo-gobject -lcairo -lgobject-2.0 -lglib-2.0'
GETTEXT_PACKAGE='mate-power-manager'
GLIB_CFLAGS='-pthread -I/usr/include/gio-unix-2.0/ -I/usr/include/glib-2.0 -I/usr/lib/x86_64-linux-gnu/glib-2.0/include'
GLIB_COMPILE_SCHEMAS='/usr/lib/x86_64-linux-gnu/glib-2.0/glib-compile-schemas'
GLIB_GENMARSHAL='/usr/bin/glib-genmarshal'
GLIB_LIBS='-lgio-2.0 -lgobject-2.0 -lglib-2.0'
GMOFILES=''
GMSGFMT='/usr/bin/msgfmt'
GPM_EXTRA_LIBS=''
GREP='/bin/grep'
GSETTINGS_DISABLE_SCHEMAS_COMPILE=''
GSETTINGS_RULES='
GTK3_FALSE='#'
GTK3_TRUE=''
GTK_API_VERSION='3.0'
HAVE_APPLETS_FALSE='#'
HAVE_APPLETS_TRUE=''
HAVE_DOCBOOK2MAN_FALSE='#'
HAVE_DOCBOOK2MAN_TRUE=''
HAVE_TESTS_FALSE=''
HAVE_TESTS_TRUE='#'
HELP_DIR='${datadir}/help'
HELP_EXTRA ?=
HELP_FILES ?=
HELP_ID ?=
HELP_LINGUAS ?=
HELP_MEDIA ?=
HELP_POT ?=
INSTALL_DATA='${INSTALL} -m 644'
INSTALL_PROGRAM='${INSTALL}'
INSTALL_SCRIPT='${INSTALL}'
INSTALL_STRIP_PROGRAM='$(install_sh) -c -s'
INSTOBJEXT='.mo'
INTLLIBS=''
INTLTOOL_CAVES_RULE='%.caves:     %.caves.in     $(INTLTOOL_MERGE) $(wildcard $(top_srcdir)/po/*.po) ; $(INTLTOOL_V_MERGE)LC_ALL=C $(INTLTOOL_MERGE) $(INTLTOOL_V_MERGE_OPTIONS) -d -u -c $(top_builddir)/po/.intltool-merge-cache $(top_srcdir)/po $< $@'
INTLTOOL_DESKTOP_RULE='%.desktop:   %.desktop.in   $(INTLTOOL_MERGE) $(wildcard $(top_srcdir)/po/*.po) ; $(INTLTOOL_V_MERGE)LC_ALL=C $(INTLTOOL_MERGE) $(INTLTOOL_V_MERGE_OPTIONS) -d -u -c $(top_builddir)/po/.intltool-merge-cache $(top_srcdir)/po $< $@'
INTLTOOL_DIRECTORY_RULE='%.directory: %.directory.in $(INTLTOOL_MERGE) $(wildcard $(top_srcdir)/po/*.po) ; $(INTLTOOL_V_MERGE)LC_ALL=C $(INTLTOOL_MERGE) $(INTLTOOL_V_MERGE_OPTIONS) -d -u -c $(top_builddir)/po/.intltool-merge-cache $(top_srcdir)/po $< $@'
INTLTOOL_EXTRACT='/usr/bin/intltool-extract'
INTLTOOL_KBD_RULE='%.kbd:       %.kbd.in       $(INTLTOOL_MERGE) $(wildcard $(top_srcdir)/po/*.po) ; $(INTLTOOL_V_MERGE)LC_ALL=C $(INTLTOOL_MERGE) $(INTLTOOL_V_MERGE_OPTIONS) -x -u -m -c $(top_builddir)/po/.intltool-merge-cache $(top_srcdir)/po $< $@'
INTLTOOL_KEYS_RULE='%.keys:      %.keys.in      $(INTLTOOL_MERGE) $(wildcard $(top_srcdir)/po/*.po) ; $(INTLTOOL_V_MERGE)LC_ALL=C $(INTLTOOL_MERGE) $(INTLTOOL_V_MERGE_OPTIONS) -k -u -c $(top_builddir)/po/.intltool-merge-cache $(top_srcdir)/po $< $@'
INTLTOOL_MERGE='/usr/bin/intltool-merge'
INTLTOOL_OAF_RULE='%.oaf:       %.oaf.in       $(INTLTOOL_MERGE) $(wildcard $(top_srcdir)/po/*.po) ; $(INTLTOOL_V_MERGE)LC_ALL=C $(INTLTOOL_MERGE) $(INTLTOOL_V_MERGE_OPTIONS) -o -p $(top_srcdir)/po $< $@'
INTLTOOL_PERL='/usr/bin/perl'
INTLTOOL_POLICY_RULE='%.policy:    %.policy.in    $(INTLTOOL_MERGE) $(wildcard $(top_srcdir)/po/*.po) ; $(INTLTOOL_V_MERGE)LC_ALL=C $(INTLTOOL_MERGE) $(INTLTOOL_V_MERGE_OPTIONS) -x -u -c $(top_builddir)/po/.intltool-merge-cache $(top_srcdir)/po $< $@'
INTLTOOL_PONG_RULE='%.pong:      %.pong.in      $(INTLTOOL_MERGE) $(wildcard $(top_srcdir)/po/*.po) ; $(INTLTOOL_V_MERGE)LC_ALL=C $(INTLTOOL_MERGE) $(INTLTOOL_V_MERGE_OPTIONS) -x -u -c $(top_builddir)/po/.intltool-merge-cache $(top_srcdir)/po $< $@'
INTLTOOL_PROP_RULE='%.prop:      %.prop.in      $(INTLTOOL_MERGE) $(wildcard $(top_srcdir)/po/*.po) ; $(INTLTOOL_V_MERGE)LC_ALL=C $(INTLTOOL_MERGE) $(INTLTOOL_V_MERGE_OPTIONS) -d -u -c $(top_builddir)/po/.intltool-merge-cache $(top_srcdir)/po $< $@'
INTLTOOL_SCHEMAS_RULE='%.schemas:   %.schemas.in   $(INTLTOOL_MERGE) $(wildcard $(top_srcdir)/po/*.po) ; $(INTLTOOL_V_MERGE)LC_ALL=C $(INTLTOOL_MERGE) $(INTLTOOL_V_MERGE_OPTIONS) -s -u -c $(top_builddir)/po/.intltool-merge-cache $(top_srcdir)/po $< $@'
INTLTOOL_SERVER_RULE='%.server:    %.server.in    $(INTLTOOL_MERGE) $(wildcard $(top_srcdir)/po/*.po) ; $(INTLTOOL_V_MERGE)LC_ALL=C $(INTLTOOL_MERGE) $(INTLTOOL_V_MERGE_OPTIONS) -o -u -c $(top_builddir)/po/.intltool-merge-cache $(top_srcdir)/po $< $@'
INTLTOOL_SERVICE_RULE='%.service: %.service.in   $(INTLTOOL_MERGE) $(wildcard $(top_srcdir)/po/*.po) ; $(INTLTOOL_V_MERGE)LC_ALL=C $(INTLTOOL_MERGE) $(INTLTOOL_V_MERGE_OPTIONS) -d -u -c $(top_builddir)/po/.intltool-merge-cache $(top_srcdir)/po $< $@'
INTLTOOL_SHEET_RULE='%.sheet:     %.sheet.in     $(INTLTOOL_MERGE) $(wildcard $(top_srcdir)/po/*.po) ; $(INTLTOOL_V_MERGE)LC_ALL=C $(INTLTOOL_MERGE) $(INTLTOOL_V_MERGE_OPTIONS) -x -u -c $(top_builddir)/po/.intltool-merge-cache $(top_srcdir)/po $< $@'
INTLTOOL_SOUNDLIST_RULE='%.soundlist: %.soundlist.in $(INTLTOOL_MERGE) $(wildcard $(top_srcdir)/po/*.po) ; $(INTLTOOL_V_MERGE)LC_ALL=C $(INTLTOOL_MERGE) $(INTLTOOL_V_MERGE_OPTIONS) -d -u -c $(top_builddir)/po/.intltool-merge-cache $(top_srcdir)/po $< $@'
INTLTOOL_THEME_RULE='%.theme:     %.theme.in     $(INTLTOOL_MERGE) $(wildcard $(top_srcdir)/po/*.po) ; $(INTLTOOL_V_MERGE)LC_ALL=C $(INTLTOOL_MERGE) $(INTLTOOL_V_MERGE_OPTIONS) -d -u -c $(top_builddir)/po/.intltool-merge-cache $(top_srcdir)/po $< $@'
INTLTOOL_UI_RULE='%.ui:        %.ui.in        $(INTLTOOL_MERGE) $(wildcard $(top_srcdir)/po/*.po) ; $(INTLTOOL_V_MERGE)LC_ALL=C $(INTLTOOL_MERGE) $(INTLTOOL_V_MERGE_OPTIONS) -x -u -c $(top_builddir)/po/.intltool-merge-cache $(top_srcdir)/po $< $@'
INTLTOOL_UPDATE='/usr/bin/intltool-update'
INTLTOOL_V_MERGE='$(INTLTOOL__v_MERGE_$(V))'
INTLTOOL_V_MERGE_OPTIONS='$(intltool__v_merge_options_$(V))'
INTLTOOL_XAM_RULE='%.xam:       %.xml.in       $(INTLTOOL_MERGE) $(wildcard $(top_srcdir)/po/*.po) ; $(INTLTOOL_V_MERGE)LC_ALL=C $(INTLTOOL_MERGE) $(INTLTOOL_V_MERGE_OPTIONS) -x -u -c $(top_builddir)/po/.intltool-merge-cache $(top_srcdir)/po $< $@'
INTLTOOL_XML_NOMERGE_RULE='%.xml:       %.xml.in       $(INTLTOOL_MERGE) ; $(INTLTOOL_V_MERGE)LC_ALL=C $(INTLTOOL_MERGE) $(INTLTOOL_V_MERGE_OPTIONS) -x -u --no-translations $< $@'
INTLTOOL_XML_RULE='%.xml:       %.xml.in       $(INTLTOOL_MERGE) $(wildcard $(top_srcdir)/po/*.po) ; $(INTLTOOL_V_MERGE)LC_ALL=C $(INTLTOOL_MERGE) $(INTLTOOL_V_MERGE_OPTIONS) -x -u -c $(top_builddir)/po/.intltool-merge-cache $(top_srcdir)/po $< $@'
INTLTOOL__v_MERGE_0='@echo "  ITMRG " $@;'
INTLTOOL__v_MERGE_='$(INTLTOOL__v_MERGE_$(AM_DEFAULT_VERBOSITY))'
ITSTOOL='itstool'
KEYRING_CFLAGS='-I/usr/include/gnome-keyring-1 -I/usr/include/glib-2.0 -I/usr/lib/x86_64-linux-gnu/glib-2.0/include'
KEYRING_LIBS='-lgnome-keyring -lglib-2.0'
LD='/usr/bin/ld -m elf_x86_64'
LDFLAGS='-Wl,-z,relro -Wl,-z,now'
LIBNOTIFY_CFLAGS='-pthread -I/usr/include/gdk-pixbuf-2.0 -I/usr/include/libpng16 -I/usr/include/glib-2.0 -I/usr/lib/x86_64-linux-gnu/glib-2.0/include'
LIBNOTIFY_LIBS='-lnotify -lgdk_pixbuf-2.0 -lgio-2.0 -lgobject-2.0 -lglib-2.0'
LIBOBJS=''
LIBS=''
LIBTOOL='$(SHELL) $(top_builddir)/libtool'
LIPO=''
LN_S='ln -s'
LTLIBOBJS=''
LT_SYS_LIBRARY_PATH=''
MAKEINFO='${SHELL} /home/anticap/nosystemd_build/mate-power-manager-1.16.0/missing makeinfo'
MANIFEST_TOOL=':'
MKDIR_P='/bin/mkdir -p'
MKINSTALLDIRS='./mkinstalldirs'
MSGFMT='/usr/bin/msgfmt'
MSGFMT_OPTS='-c'
MSGMERGE='/usr/bin/msgmerge'
NM='/usr/bin/nm -B'
NMEDIT=''
OBJDUMP='objdump'
OBJEXT='o'
OTOOL64=''
OTOOL=''
PACKAGE='mate-power-manager'
PACKAGE_BUGREPORT='http://www.mate-desktop.org/'
PACKAGE_NAME='mate-power-manager'
PACKAGE_STRING='mate-power-manager 1.16.0'
PACKAGE_TARNAME='mate-power-manager'
PACKAGE_URL=''
PACKAGE_VERSION='1.16.0'
PANEL_CFLAGS='-pthread -I/usr/include/mate-panel-4.0/libmate-panel-applet -I/usr/include/gtk-3.0 -I/usr/include/at-spi2-atk/2.0 -I/usr/include/at-spi-2.0 -I/usr/include/dbus-1.0 -I/usr/lib/x86_64-linux-gnu/dbus-1.0/include -I/usr/include/gtk-3.0 -I/usr/include/gio-unix-2.0/ -I/usr/include/cairo -I/usr/include/pango-1.0 -I/usr/include/harfbuzz -I/usr/include/pango-1.0 -I/usr/include/atk-1.0 -I/usr/include/cairo -I/usr/include/pixman-1 -I/usr/include/freetype2 -I/usr/include/libpng16 -I/usr/include/gdk-pixbuf-2.0 -I/usr/include/libpng16 -I/usr/include/glib-2.0 -I/usr/lib/x86_64-linux-gnu/glib-2.0/include'
PANEL_LIBS='-lmate-panel-applet-4 -lgtk-3 -lgdk-3 -lpangocairo-1.0 -lpango-1.0 -latk-1.0 -lcairo-gobject -lcairo -lgdk_pixbuf-2.0 -lgio-2.0 -lgobject-2.0 -lglib-2.0'
PATH_SEPARATOR=':'
PKG_CONFIG='/usr/bin/pkg-config'
PKG_CONFIG_LIBDIR=''
PKG_CONFIG_PATH=''
POFILES=''
POSUB='po'
PO_IN_DATADIR_FALSE=''
PO_IN_DATADIR_TRUE=''
RANLIB='ranlib'
SBINDIR='${exec_prefix}/sbin'
SED='/bin/sed'
SET_MAKE=''
SHELL='/bin/bash'
STRIP='strip'
SYSCONFDIR='/etc'
UNIQUE_CFLAGS=''
UNIQUE_LIBS=''
UPOWER_CFLAGS='-pthread -I/usr/include/libupower-glib -I/usr/include/dbus-1.0 -I/usr/lib/x86_64-linux-gnu/dbus-1.0/include -I/usr/include/glib-2.0 -I/usr/lib/x86_64-linux-gnu/glib-2.0/include'
UPOWER_LIBS='-lupower-glib -lgobject-2.0 -lglib-2.0'
USE_NLS='yes'
VERSION='1.16.0'
WARNINGFLAGS=''
WARN_CFLAGS='-Wall -Wmissing-prototypes '
WITH_KEYRING_FALSE='#'
WITH_KEYRING_TRUE=''
X11_CFLAGS=''
X11_LIBS='-lXrandr -lXrender -lX11 -lXext'
XGETTEXT='/usr/bin/xgettext'
XMLLINT='xmllint'
XMLTO='/usr/bin/xmlto'
YELP_HELP_RULES='
YELP_LC_DIST='true'
YELP_LC_MEDIA_LINKS='true'
_HELP_C_EXTRA = $(foreach f,$(HELP_EXTRA),C/$(f))
_HELP_C_FILES = $(foreach f,$(HELP_FILES),C/$(f))
_HELP_C_MEDIA = $(foreach f,$(HELP_MEDIA),C/$(f))
_HELP_DEFAULT_V = $(if $(AM_DEFAULT_VERBOSITY),$(AM_DEFAULT_VERBOSITY),1)
_HELP_LC_FILES = $(foreach lc,$(_HELP_LINGUAS),$(foreach f,$(HELP_FILES),$(lc)/$(f)))
_HELP_LC_STAMPS = $(foreach lc,$(_HELP_LINGUAS),$(lc)/$(lc).stamp)
_HELP_LC_VERBOSE = $(_HELP_LC_VERBOSE_$(_HELP_V))
_HELP_LC_VERBOSE_ = $(_HELP_LC_VERBOSE_$(_HELP_DEFAULT_V))
_HELP_LC_VERBOSE_0 = @echo "  GEN    "$(dir $@);
_HELP_LINGUAS = $(if $(filter environment,$(origin LINGUAS)),$(filter $(LINGUAS),$(HELP_LINGUAS)),$(HELP_LINGUAS))
_HELP_MOFILES = $(patsubst %.po,%.mo,$(_HELP_POFILES))
_HELP_POFILES = $(if $(HELP_ID),$(foreach lc,$(_HELP_LINGUAS),$(lc)/$(lc).po))
_HELP_POTFILE = $(if $(HELP_POT),$(HELP_POT),$(if $(HELP_ID),$(HELP_ID).pot))
_HELP_V = $(if $(V),$(V),$(_HELP_DEFAULT_V))
ac_ct_AR='ar'
ac_ct_CC='gcc'
ac_ct_DUMPBIN=''
all-am: $(gsettings_SCHEMAS:.xml=.valid)
all: $(_HELP_C_FILES) $(_HELP_C_EXTRA) $(_HELP_C_MEDIA) $(_HELP_LC_FILES) $(_HELP_POFILES)
am__EXEEXT_FALSE=''
am__EXEEXT_TRUE='#'
am__fastdepCC_FALSE=''
am__fastdepCC_TRUE='#'
am__include='include'
am__isrc=''
am__leading_dot='.'
am__nodep=''
am__quote=''
am__tar='tar --format=ustar -chf - "$$tardir"'
am__untar='tar -xf -'
bindir='${exec_prefix}/bin'
build='x86_64-pc-linux-gnu'
build_alias='x86_64-linux-gnu'
build_cpu='x86_64'
build_os='linux-gnu'
build_vendor='pc'
check-help:
check: check-help
clean-gsettings-schemas:
clean-help:
datadir='${datarootdir}'
datarootdir='${prefix}/share'
distdir-help-files: $(_HELP_LC_FILES)
distdir: distdir-help-files
docdir='${datarootdir}/doc/${PACKAGE_TARNAME}'
dvidir='${docdir}'
endif'
exec_prefix='${prefix}'
gsettings__enum_file = $(addsuffix .enums.xml,$(gsettings_ENUM_NAMESPACE))
gsettingsschemadir='${datarootdir}/glib-2.0/schemas'
host='x86_64-pc-linux-gnu'
host_alias=''
host_cpu='x86_64'
host_os='linux-gnu'
host_vendor='pc'
htmldir='${docdir}'
ifdef gsettings_ENUM_NAMESPACE
includedir='${prefix}/include'
infodir='${prefix}/share/info'
install-data-am: $(if $(HELP_ID),install-help)
install-data-am: install-gsettings-schemas
install-gsettings-schemas: $(gsettings_SCHEMAS) $(gsettings__enum_file)
install-help: $(_HELP_LC_FILES)
install_sh='${SHELL} /home/anticap/nosystemd_build/mate-power-manager-1.16.0/install-sh'
intltool__v_merge_options_0='-q'
intltool__v_merge_options_='$(intltool__v_merge_options_$(AM_DEFAULT_VERBOSITY))'
libdir='${prefix}/lib/x86_64-linux-gnu'
libexecdir='/usr/lib/mate-power-manager'
localedir='${datarootdir}/locale'
localstatedir='/var'
mandir='${prefix}/share/man'
mkdir_p='$(MKDIR_P)'
mostlyclean-am: $(if $(HELP_ID),clean-help)
mostlyclean-am: clean-gsettings-schemas
oldincludedir='/usr/include'
pdfdir='${docdir}'
pot: $(_HELP_POTFILE)
prefix='/usr'
program_transform_name='s,x,x,'
psdir='${docdir}'
repo: $(_HELP_POTFILE)
runstatedir='${localstatedir}/run'
sbindir='${exec_prefix}/sbin'
sharedstatedir='${prefix}/com'
sysconfdir='/etc'
target_alias=''
uninstall-am: $(if $(HELP_ID),uninstall-help)
uninstall-am: uninstall-gsettings-schemas
uninstall-gsettings-schemas:
uninstall-help:

## ----------- ##
## confdefs.h. ##
## ----------- ##

/* confdefs.h */
#define PACKAGE_NAME "mate-power-manager"
#define PACKAGE_TARNAME "mate-power-manager"
#define PACKAGE_VERSION "1.16.0"
#define PACKAGE_STRING "mate-power-manager 1.16.0"
#define PACKAGE_BUGREPORT "http://www.mate-desktop.org/"
#define PACKAGE_URL ""
#define PACKAGE "mate-power-manager"
#define VERSION "1.16.0"
#define STDC_HEADERS 1
#define HAVE_SYS_TYPES_H 1
#define HAVE_SYS_STAT_H 1
#define HAVE_STDLIB_H 1
#define HAVE_STRING_H 1
#define HAVE_MEMORY_H 1
#define HAVE_STRINGS_H 1
#define HAVE_INTTYPES_H 1
#define HAVE_STDINT_H 1
#define HAVE_UNISTD_H 1
#define HAVE_DLFCN_H 1
#define LT_OBJDIR ".libs/"
#define GLIB_VERSION_MAX_ALLOWED GLIB_VERSION_2_36
#define GLIB_VERSION_MIN_REQUIRED GLIB_VERSION_2_36
#define GETTEXT_PACKAGE "mate-power-manager"
#define HAVE_LOCALE_H 1
#define HAVE_LC_MESSAGES 1
#define HAVE_BIND_TEXTDOMAIN_CODESET 1
#define HAVE_GETTEXT 1
#define HAVE_DCGETTEXT 1
#define ENABLE_NLS 1
#define HAVE_XF86XK_BATTERY 1
#define HAVE_XF86XK_SUSPEND 1
#define HAVE_XF86XK_HIBERNATE 1
#define WITH_KEYRING 1
#define HAVE_APPLETS 1

configure: exit 0
