This file contains any messages produced by compilers while
running configure, to aid debugging if configure makes a mistake.

It was created by mate-system-monitor configure 1.16.0, which was
generated by GNU Autoconf 2.69.  Invocation command line was

  $ ./configure --build=x86_64-linux-gnu --prefix=/usr --includedir=${prefix}/include --mandir=${prefix}/share/man --infodir=${prefix}/share/info --sysconfdir=/etc --localstatedir=/var --disable-silent-rules --libdir=${prefix}/lib/x86_64-linux-gnu --libexecdir=${prefix}/lib/x86_64-linux-gnu --disable-maintainer-mode --disable-dependency-tracking --disable-silent-rules --libexecdir=/usr/lib/ --localstatedir=/var --disable-static --with-gtk=3.0

## --------- ##
## Platform. ##
## --------- ##

hostname = antix1
uname -m = x86_64
uname -r = 4.9.0-antix-sid.1-amd64-smp
uname -s = Linux
uname -v = #1 SMP PREEMPT Mon Dec 12 02:57:08 EET 2016

/usr/bin/uname -p = unknown
/bin/uname -X     = unknown

/bin/arch              = unknown
/usr/bin/arch -k       = unknown
/usr/convex/getsysinfo = unknown
/usr/bin/hostinfo      = unknown
/bin/machine           = unknown
/usr/bin/oslevel       = unknown
/bin/universe          = unknown

PATH: .
PATH: .
PATH: /usr/local/bin
PATH: /usr/bin
PATH: /bin
PATH: /usr/local/games
PATH: /usr/games
PATH: /sbin
PATH: /usr/sbin
PATH: /usr/local/bin
PATH: /usr/local/games
PATH: /usr/games


## ----------- ##
## Core tests. ##
## ----------- ##

configure:2433: checking for a BSD-compatible install
configure:2501: result: /usr/bin/install -c
configure:2512: checking whether build environment is sane
configure:2567: result: yes
configure:2718: checking for a thread-safe mkdir -p
configure:2757: result: /bin/mkdir -p
configure:2764: checking for gawk
configure:2780: found /usr/bin/gawk
configure:2791: result: gawk
configure:2802: checking whether make sets $(MAKE)
configure:2824: result: yes
configure:2853: checking whether make supports nested variables
configure:2870: result: yes
configure:3007: checking whether make supports nested variables
configure:3024: result: yes
configure:3037: checking whether to enable maintainer-specific portions of Makefiles
configure:3046: result: no
configure:3122: checking for gcc
configure:3138: found /usr/bin/gcc
configure:3149: result: gcc
configure:3378: checking for C compiler version
configure:3387: gcc --version >&5
gcc (Debian 6.3.0-5) 6.3.0 20170124
Copyright (C) 2016 Free Software Foundation, Inc.
This is free software; see the source for copying conditions.  There is NO
warranty; not even for MERCHANTABILITY or FITNESS FOR A PARTICULAR PURPOSE.

configure:3398: $? = 0
configure:3387: gcc -v >&5
Using built-in specs.
COLLECT_GCC=gcc
COLLECT_LTO_WRAPPER=/usr/lib/gcc/x86_64-linux-gnu/6/lto-wrapper
Target: x86_64-linux-gnu
Configured with: ../src/configure -v --with-pkgversion='Debian 6.3.0-5' --with-bugurl=file:///usr/share/doc/gcc-6/README.Bugs --enable-languages=c,ada,c++,java,go,d,fortran,objc,obj-c++ --prefix=/usr --program-suffix=-6 --program-prefix=x86_64-linux-gnu- --enable-shared --enable-linker-build-id --libexecdir=/usr/lib --without-included-gettext --enable-threads=posix --libdir=/usr/lib --enable-nls --with-sysroot=/ --enable-clocale=gnu --enable-libstdcxx-debug --enable-libstdcxx-time=yes --with-default-libstdcxx-abi=new --enable-gnu-unique-object --disable-vtable-verify --enable-libmpx --enable-plugin --enable-default-pie --with-system-zlib --disable-browser-plugin --enable-java-awt=gtk --enable-gtk-cairo --with-java-home=/usr/lib/jvm/java-1.5.0-gcj-6-amd64/jre --enable-java-home --with-jvm-root-dir=/usr/lib/jvm/java-1.5.0-gcj-6-amd64 --with-jvm-jar-dir=/usr/lib/jvm-exports/java-1.5.0-gcj-6-amd64 --with-arch-directory=amd64 --with-ecj-jar=/usr/share/java/eclipse-ecj.jar --with-target-system-zlib --enable-objc-gc=auto --enable-multiarch --with-arch-32=i686 --with-abi=m64 --with-multilib-list=m32,m64,mx32 --enable-multilib --with-tune=generic --enable-checking=release --build=x86_64-linux-gnu --host=x86_64-linux-gnu --target=x86_64-linux-gnu
Thread model: posix
gcc version 6.3.0 20170124 (Debian 6.3.0-5) 
configure:3398: $? = 0
configure:3387: gcc -V >&5
gcc: error: unrecognized command line option '-V'
gcc: fatal error: no input files
compilation terminated.
configure:3398: $? = 1
configure:3387: gcc -qversion >&5
gcc: error: unrecognized command line option '-qversion'; did you mean '--version'?
gcc: fatal error: no input files
compilation terminated.
configure:3398: $? = 1
configure:3418: checking whether the C compiler works
configure:3440: gcc -g -O2 -fdebug-prefix-map=/home/anticap/nosystemd_build/mate-system-monitor-1.16.0=. -fstack-protector-strong -Wformat -Werror=format-security -Wdate-time -D_FORTIFY_SOURCE=2 -Wl,-z,relro -Wl,-z,now conftest.c  >&5
configure:3444: $? = 0
configure:3492: result: yes
configure:3495: checking for C compiler default output file name
configure:3497: result: a.out
configure:3503: checking for suffix of executables
configure:3510: gcc -o conftest -g -O2 -fdebug-prefix-map=/home/anticap/nosystemd_build/mate-system-monitor-1.16.0=. -fstack-protector-strong -Wformat -Werror=format-security -Wdate-time -D_FORTIFY_SOURCE=2 -Wl,-z,relro -Wl,-z,now conftest.c  >&5
configure:3514: $? = 0
configure:3536: result: 
configure:3558: checking whether we are cross compiling
configure:3566: gcc -o conftest -g -O2 -fdebug-prefix-map=/home/anticap/nosystemd_build/mate-system-monitor-1.16.0=. -fstack-protector-strong -Wformat -Werror=format-security -Wdate-time -D_FORTIFY_SOURCE=2 -Wl,-z,relro -Wl,-z,now conftest.c  >&5
configure:3570: $? = 0
configure:3577: ./conftest
configure:3581: $? = 0
configure:3596: result: no
configure:3601: checking for suffix of object files
configure:3623: gcc -c -g -O2 -fdebug-prefix-map=/home/anticap/nosystemd_build/mate-system-monitor-1.16.0=. -fstack-protector-strong -Wformat -Werror=format-security -Wdate-time -D_FORTIFY_SOURCE=2 conftest.c >&5
configure:3627: $? = 0
configure:3648: result: o
configure:3652: checking whether we are using the GNU C compiler
configure:3671: gcc -c -g -O2 -fdebug-prefix-map=/home/anticap/nosystemd_build/mate-system-monitor-1.16.0=. -fstack-protector-strong -Wformat -Werror=format-security -Wdate-time -D_FORTIFY_SOURCE=2 conftest.c >&5
configure:3671: $? = 0
configure:3680: result: yes
configure:3689: checking whether gcc accepts -g
configure:3709: gcc -c -g -Wdate-time -D_FORTIFY_SOURCE=2 conftest.c >&5
configure:3709: $? = 0
configure:3750: result: yes
configure:3767: checking for gcc option to accept ISO C89
configure:3830: gcc  -c -g -O2 -fdebug-prefix-map=/home/anticap/nosystemd_build/mate-system-monitor-1.16.0=. -fstack-protector-strong -Wformat -Werror=format-security -Wdate-time -D_FORTIFY_SOURCE=2 conftest.c >&5
configure:3830: $? = 0
configure:3843: result: none needed
configure:3868: checking whether gcc understands -c and -o together
configure:3890: gcc -c conftest.c -o conftest2.o
configure:3893: $? = 0
configure:3890: gcc -c conftest.c -o conftest2.o
configure:3893: $? = 0
configure:3905: result: yes
configure:3933: checking for style of include used by make
configure:3961: result: GNU
configure:3987: checking dependency style of gcc
configure:4098: result: none
configure:4171: checking for g++
configure:4187: found /usr/bin/g++
configure:4198: result: g++
configure:4225: checking for C++ compiler version
configure:4234: g++ --version >&5
g++ (Debian 6.3.0-5) 6.3.0 20170124
Copyright (C) 2016 Free Software Foundation, Inc.
This is free software; see the source for copying conditions.  There is NO
warranty; not even for MERCHANTABILITY or FITNESS FOR A PARTICULAR PURPOSE.

configure:4245: $? = 0
configure:4234: g++ -v >&5
Using built-in specs.
COLLECT_GCC=g++
COLLECT_LTO_WRAPPER=/usr/lib/gcc/x86_64-linux-gnu/6/lto-wrapper
Target: x86_64-linux-gnu
Configured with: ../src/configure -v --with-pkgversion='Debian 6.3.0-5' --with-bugurl=file:///usr/share/doc/gcc-6/README.Bugs --enable-languages=c,ada,c++,java,go,d,fortran,objc,obj-c++ --prefix=/usr --program-suffix=-6 --program-prefix=x86_64-linux-gnu- --enable-shared --enable-linker-build-id --libexecdir=/usr/lib --without-included-gettext --enable-threads=posix --libdir=/usr/lib --enable-nls --with-sysroot=/ --enable-clocale=gnu --enable-libstdcxx-debug --enable-libstdcxx-time=yes --with-default-libstdcxx-abi=new --enable-gnu-unique-object --disable-vtable-verify --enable-libmpx --enable-plugin --enable-default-pie --with-system-zlib --disable-browser-plugin --enable-java-awt=gtk --enable-gtk-cairo --with-java-home=/usr/lib/jvm/java-1.5.0-gcj-6-amd64/jre --enable-java-home --with-jvm-root-dir=/usr/lib/jvm/java-1.5.0-gcj-6-amd64 --with-jvm-jar-dir=/usr/lib/jvm-exports/java-1.5.0-gcj-6-amd64 --with-arch-directory=amd64 --with-ecj-jar=/usr/share/java/eclipse-ecj.jar --with-target-system-zlib --enable-objc-gc=auto --enable-multiarch --with-arch-32=i686 --with-abi=m64 --with-multilib-list=m32,m64,mx32 --enable-multilib --with-tune=generic --enable-checking=release --build=x86_64-linux-gnu --host=x86_64-linux-gnu --target=x86_64-linux-gnu
Thread model: posix
gcc version 6.3.0 20170124 (Debian 6.3.0-5) 
configure:4245: $? = 0
configure:4234: g++ -V >&5
g++: error: unrecognized command line option '-V'
g++: fatal error: no input files
compilation terminated.
configure:4245: $? = 1
configure:4234: g++ -qversion >&5
g++: error: unrecognized command line option '-qversion'; did you mean '--version'?
g++: fatal error: no input files
compilation terminated.
configure:4245: $? = 1
configure:4249: checking whether we are using the GNU C++ compiler
configure:4268: g++ -c -g -O2 -fdebug-prefix-map=/home/anticap/nosystemd_build/mate-system-monitor-1.16.0=. -fstack-protector-strong -Wformat -Werror=format-security -Wdate-time -D_FORTIFY_SOURCE=2 conftest.cpp >&5
configure:4268: $? = 0
configure:4277: result: yes
configure:4286: checking whether g++ accepts -g
configure:4306: g++ -c -g -Wdate-time -D_FORTIFY_SOURCE=2 conftest.cpp >&5
configure:4306: $? = 0
configure:4347: result: yes
configure:4372: checking dependency style of g++
configure:4483: result: none
configure:4513: checking whether g++ supports C++11 features by default
configure:4570: g++ -c -g -O2 -fdebug-prefix-map=/home/anticap/nosystemd_build/mate-system-monitor-1.16.0=. -fstack-protector-strong -Wformat -Werror=format-security -Wdate-time -D_FORTIFY_SOURCE=2 conftest.cpp >&5
configure:4570: $? = 0
configure:4577: result: yes
configure:4823: checking for pkg-config
configure:4841: found /usr/bin/pkg-config
configure:4853: result: /usr/bin/pkg-config
configure:4878: checking pkg-config is at least version 0.19
configure:4881: result: yes
configure:4921: checking build system type
configure:4935: result: x86_64-pc-linux-gnu
configure:4955: checking host system type
configure:4968: result: x86_64-pc-linux-gnu
configure:5009: checking how to print strings
configure:5036: result: printf
configure:5057: checking for a sed that does not truncate output
configure:5121: result: /bin/sed
configure:5139: checking for grep that handles long lines and -e
configure:5197: result: /bin/grep
configure:5202: checking for egrep
configure:5264: result: /bin/grep -E
configure:5269: checking for fgrep
configure:5331: result: /bin/grep -F
configure:5366: checking for ld used by gcc
configure:5433: result: /usr/bin/ld
configure:5440: checking if the linker (/usr/bin/ld) is GNU ld
configure:5455: result: yes
configure:5467: checking for BSD- or MS-compatible name lister (nm)
configure:5521: result: /usr/bin/nm -B
configure:5651: checking the name lister (/usr/bin/nm -B) interface
configure:5658: g++ -c -g -O2 -fdebug-prefix-map=/home/anticap/nosystemd_build/mate-system-monitor-1.16.0=. -fstack-protector-strong -Wformat -Werror=format-security -Wdate-time -D_FORTIFY_SOURCE=2 conftest.cpp >&5
configure:5661: /usr/bin/nm -B "conftest.o"
configure:5664: output
0000000000000000 B some_variable
configure:5671: result: BSD nm
configure:5674: checking whether ln -s works
configure:5678: result: yes
configure:5686: checking the maximum length of command line arguments
configure:5817: result: 1572864
configure:5865: checking how to convert x86_64-pc-linux-gnu file names to x86_64-pc-linux-gnu format
configure:5905: result: func_convert_file_noop
configure:5912: checking how to convert x86_64-pc-linux-gnu file names to toolchain format
configure:5932: result: func_convert_file_noop
configure:5939: checking for /usr/bin/ld option to reload object files
configure:5946: result: -r
configure:6020: checking for objdump
configure:6036: found /usr/bin/objdump
configure:6047: result: objdump
configure:6079: checking how to recognize dependent libraries
configure:6279: result: pass_all
configure:6364: checking for dlltool
configure:6394: result: no
configure:6424: checking how to associate runtime and link libraries
configure:6451: result: printf %s\n
configure:6511: checking for ar
configure:6527: found /usr/bin/ar
configure:6538: result: ar
configure:6575: checking for archiver @FILE support
configure:6592: g++ -c -g -O2 -fdebug-prefix-map=/home/anticap/nosystemd_build/mate-system-monitor-1.16.0=. -fstack-protector-strong -Wformat -Werror=format-security -Wdate-time -D_FORTIFY_SOURCE=2 conftest.cpp >&5
configure:6592: $? = 0
configure:6595: ar cru libconftest.a @conftest.lst >&5
ar: `u' modifier ignored since `D' is the default (see `U')
configure:6598: $? = 0
configure:6603: ar cru libconftest.a @conftest.lst >&5
ar: `u' modifier ignored since `D' is the default (see `U')
ar: conftest.o: No such file or directory
configure:6606: $? = 1
configure:6618: result: @
configure:6676: checking for strip
configure:6692: found /usr/bin/strip
configure:6703: result: strip
configure:6775: checking for ranlib
configure:6791: found /usr/bin/ranlib
configure:6802: result: ranlib
configure:6904: checking command to parse /usr/bin/nm -B output from gcc object
configure:7057: g++ -c -g -O2 -fdebug-prefix-map=/home/anticap/nosystemd_build/mate-system-monitor-1.16.0=. -fstack-protector-strong -Wformat -Werror=format-security -Wdate-time -D_FORTIFY_SOURCE=2 conftest.cpp >&5
configure:7060: $? = 0
configure:7064: /usr/bin/nm -B conftest.o \| sed -n -e 's/^.*[ ]\([ABCDGIRSTW][ABCDGIRSTW]*\)[ ][ ]*\([_A-Za-z][_A-Za-z0-9]*\)$/\1 \2 \2/p' | sed '/ __gnu_lto/d' \> conftest.nm
configure:7067: $? = 0
configure:7133: g++ -o conftest -g -O2 -fdebug-prefix-map=/home/anticap/nosystemd_build/mate-system-monitor-1.16.0=. -fstack-protector-strong -Wformat -Werror=format-security -Wdate-time -D_FORTIFY_SOURCE=2 -Wl,-z,relro -Wl,-z,now conftest.cpp conftstm.o >&5
configure:7136: $? = 0
configure:7174: result: ok
configure:7221: checking for sysroot
configure:7251: result: no
configure:7258: checking for a working dd
configure:7296: result: /bin/dd
configure:7300: checking how to truncate binary pipes
configure:7315: result: /bin/dd bs=4096 count=1
configure:7452: g++ -c -g -O2 -fdebug-prefix-map=/home/anticap/nosystemd_build/mate-system-monitor-1.16.0=. -fstack-protector-strong -Wformat -Werror=format-security -Wdate-time -D_FORTIFY_SOURCE=2 conftest.cpp >&5
configure:7455: $? = 0
configure:7645: checking for mt
configure:7661: found /bin/mt
configure:7672: result: mt
configure:7695: checking if mt is a manifest tool
configure:7701: mt '-?'
configure:7709: result: no
configure:8386: checking how to run the C preprocessor
configure:8417: gcc -E -Wdate-time -D_FORTIFY_SOURCE=2 conftest.c
configure:8417: $? = 0
configure:8431: gcc -E -Wdate-time -D_FORTIFY_SOURCE=2 conftest.c
conftest.c:11:28: fatal error: ac_nonexistent.h: No such file or directory
 #include <ac_nonexistent.h>
                            ^
compilation terminated.
configure:8431: $? = 1
configure: failed program was:
| /* confdefs.h */
| #define PACKAGE_NAME "mate-system-monitor"
| #define PACKAGE_TARNAME "mate-system-monitor"
| #define PACKAGE_VERSION "1.16.0"
| #define PACKAGE_STRING "mate-system-monitor 1.16.0"
| #define PACKAGE_BUGREPORT "http://www.mate-desktop.org/"
| #define PACKAGE_URL ""
| #define PACKAGE "mate-system-monitor"
| #define VERSION "1.16.0"
| /* end confdefs.h.  */
| #include <ac_nonexistent.h>
configure:8456: result: gcc -E
configure:8476: gcc -E -Wdate-time -D_FORTIFY_SOURCE=2 conftest.c
configure:8476: $? = 0
configure:8490: gcc -E -Wdate-time -D_FORTIFY_SOURCE=2 conftest.c
conftest.c:11:28: fatal error: ac_nonexistent.h: No such file or directory
 #include <ac_nonexistent.h>
                            ^
compilation terminated.
configure:8490: $? = 1
configure: failed program was:
| /* confdefs.h */
| #define PACKAGE_NAME "mate-system-monitor"
| #define PACKAGE_TARNAME "mate-system-monitor"
| #define PACKAGE_VERSION "1.16.0"
| #define PACKAGE_STRING "mate-system-monitor 1.16.0"
| #define PACKAGE_BUGREPORT "http://www.mate-desktop.org/"
| #define PACKAGE_URL ""
| #define PACKAGE "mate-system-monitor"
| #define VERSION "1.16.0"
| /* end confdefs.h.  */
| #include <ac_nonexistent.h>
configure:8519: checking for ANSI C header files
configure:8539: gcc -c -g -O2 -fdebug-prefix-map=/home/anticap/nosystemd_build/mate-system-monitor-1.16.0=. -fstack-protector-strong -Wformat -Werror=format-security -Wdate-time -D_FORTIFY_SOURCE=2 conftest.c >&5
configure:8539: $? = 0
configure:8612: gcc -o conftest -g -O2 -fdebug-prefix-map=/home/anticap/nosystemd_build/mate-system-monitor-1.16.0=. -fstack-protector-strong -Wformat -Werror=format-security -Wdate-time -D_FORTIFY_SOURCE=2 -Wl,-z,relro -Wl,-z,now conftest.c  >&5
configure:8612: $? = 0
configure:8612: ./conftest
configure:8612: $? = 0
configure:8623: result: yes
configure:8636: checking for sys/types.h
configure:8636: gcc -c -g -O2 -fdebug-prefix-map=/home/anticap/nosystemd_build/mate-system-monitor-1.16.0=. -fstack-protector-strong -Wformat -Werror=format-security -Wdate-time -D_FORTIFY_SOURCE=2 conftest.c >&5
configure:8636: $? = 0
configure:8636: result: yes
configure:8636: checking for sys/stat.h
configure:8636: gcc -c -g -O2 -fdebug-prefix-map=/home/anticap/nosystemd_build/mate-system-monitor-1.16.0=. -fstack-protector-strong -Wformat -Werror=format-security -Wdate-time -D_FORTIFY_SOURCE=2 conftest.c >&5
configure:8636: $? = 0
configure:8636: result: yes
configure:8636: checking for stdlib.h
configure:8636: gcc -c -g -O2 -fdebug-prefix-map=/home/anticap/nosystemd_build/mate-system-monitor-1.16.0=. -fstack-protector-strong -Wformat -Werror=format-security -Wdate-time -D_FORTIFY_SOURCE=2 conftest.c >&5
configure:8636: $? = 0
configure:8636: result: yes
configure:8636: checking for string.h
configure:8636: gcc -c -g -O2 -fdebug-prefix-map=/home/anticap/nosystemd_build/mate-system-monitor-1.16.0=. -fstack-protector-strong -Wformat -Werror=format-security -Wdate-time -D_FORTIFY_SOURCE=2 conftest.c >&5
configure:8636: $? = 0
configure:8636: result: yes
configure:8636: checking for memory.h
configure:8636: gcc -c -g -O2 -fdebug-prefix-map=/home/anticap/nosystemd_build/mate-system-monitor-1.16.0=. -fstack-protector-strong -Wformat -Werror=format-security -Wdate-time -D_FORTIFY_SOURCE=2 conftest.c >&5
configure:8636: $? = 0
configure:8636: result: yes
configure:8636: checking for strings.h
configure:8636: gcc -c -g -O2 -fdebug-prefix-map=/home/anticap/nosystemd_build/mate-system-monitor-1.16.0=. -fstack-protector-strong -Wformat -Werror=format-security -Wdate-time -D_FORTIFY_SOURCE=2 conftest.c >&5
configure:8636: $? = 0
configure:8636: result: yes
configure:8636: checking for inttypes.h
configure:8636: gcc -c -g -O2 -fdebug-prefix-map=/home/anticap/nosystemd_build/mate-system-monitor-1.16.0=. -fstack-protector-strong -Wformat -Werror=format-security -Wdate-time -D_FORTIFY_SOURCE=2 conftest.c >&5
configure:8636: $? = 0
configure:8636: result: yes
configure:8636: checking for stdint.h
configure:8636: gcc -c -g -O2 -fdebug-prefix-map=/home/anticap/nosystemd_build/mate-system-monitor-1.16.0=. -fstack-protector-strong -Wformat -Werror=format-security -Wdate-time -D_FORTIFY_SOURCE=2 conftest.c >&5
configure:8636: $? = 0
configure:8636: result: yes
configure:8636: checking for unistd.h
configure:8636: gcc -c -g -O2 -fdebug-prefix-map=/home/anticap/nosystemd_build/mate-system-monitor-1.16.0=. -fstack-protector-strong -Wformat -Werror=format-security -Wdate-time -D_FORTIFY_SOURCE=2 conftest.c >&5
configure:8636: $? = 0
configure:8636: result: yes
configure:8650: checking for dlfcn.h
configure:8650: gcc -c -g -O2 -fdebug-prefix-map=/home/anticap/nosystemd_build/mate-system-monitor-1.16.0=. -fstack-protector-strong -Wformat -Werror=format-security -Wdate-time -D_FORTIFY_SOURCE=2 conftest.c >&5
configure:8650: $? = 0
configure:8650: result: yes
configure:8916: checking for objdir
configure:8931: result: .libs
configure:9195: checking if gcc supports -fno-rtti -fno-exceptions
configure:9213: gcc -c -g -O2 -fdebug-prefix-map=/home/anticap/nosystemd_build/mate-system-monitor-1.16.0=. -fstack-protector-strong -Wformat -Werror=format-security -Wdate-time -D_FORTIFY_SOURCE=2 -fno-rtti -fno-exceptions conftest.c >&5
cc1: warning: command line option '-fno-rtti' is valid for C++/ObjC++ but not for C
configure:9217: $? = 0
configure:9230: result: no
configure:9588: checking for gcc option to produce PIC
configure:9595: result: -fPIC -DPIC
configure:9603: checking if gcc PIC flag -fPIC -DPIC works
configure:9621: gcc -c -g -O2 -fdebug-prefix-map=/home/anticap/nosystemd_build/mate-system-monitor-1.16.0=. -fstack-protector-strong -Wformat -Werror=format-security -Wdate-time -D_FORTIFY_SOURCE=2 -fPIC -DPIC -DPIC conftest.c >&5
configure:9625: $? = 0
configure:9638: result: yes
configure:9667: checking if gcc static flag -static works
configure:9695: result: yes
configure:9710: checking if gcc supports -c -o file.o
configure:9731: gcc -c -g -O2 -fdebug-prefix-map=/home/anticap/nosystemd_build/mate-system-monitor-1.16.0=. -fstack-protector-strong -Wformat -Werror=format-security -Wdate-time -D_FORTIFY_SOURCE=2 -o out/conftest2.o conftest.c >&5
configure:9735: $? = 0
configure:9757: result: yes
configure:9765: checking if gcc supports -c -o file.o
configure:9812: result: yes
configure:9845: checking whether the gcc linker (/usr/bin/ld -m elf_x86_64) supports shared libraries
configure:11108: result: yes
configure:11145: checking whether -lc should be explicitly linked in
configure:11153: gcc -c -g -O2 -fdebug-prefix-map=/home/anticap/nosystemd_build/mate-system-monitor-1.16.0=. -fstack-protector-strong -Wformat -Werror=format-security -Wdate-time -D_FORTIFY_SOURCE=2 conftest.c >&5
configure:11156: $? = 0
configure:11171: gcc -shared  -fPIC -DPIC conftest.o  -v -Wl,-soname -Wl,conftest -o conftest 2\>\&1 \| /bin/grep  -lc  \>/dev/null 2\>\&1
configure:11174: $? = 0
configure:11188: result: no
configure:11348: checking dynamic linker characteristics
configure:11929: gcc -o conftest -g -O2 -fdebug-prefix-map=/home/anticap/nosystemd_build/mate-system-monitor-1.16.0=. -fstack-protector-strong -Wformat -Werror=format-security -Wdate-time -D_FORTIFY_SOURCE=2 -Wl,-z,relro -Wl,-z,now -Wl,-rpath -Wl,/foo conftest.c  >&5
configure:11929: $? = 0
configure:12178: result: GNU/Linux ld.so
configure:12300: checking how to hardcode library paths into programs
configure:12325: result: immediate
configure:12873: checking whether stripping libraries is possible
configure:12878: result: yes
configure:12913: checking if libtool supports shared libraries
configure:12915: result: yes
configure:12918: checking whether to build shared libraries
configure:12943: result: yes
configure:12946: checking whether to build static libraries
configure:12950: result: no
configure:12973: checking how to run the C++ preprocessor
configure:13000: g++ -E -Wdate-time -D_FORTIFY_SOURCE=2 conftest.cpp
configure:13000: $? = 0
configure:13014: g++ -E -Wdate-time -D_FORTIFY_SOURCE=2 conftest.cpp
conftest.cpp:23:28: fatal error: ac_nonexistent.h: No such file or directory
 #include <ac_nonexistent.h>
                            ^
compilation terminated.
configure:13014: $? = 1
configure: failed program was:
| /* confdefs.h */
| #define PACKAGE_NAME "mate-system-monitor"
| #define PACKAGE_TARNAME "mate-system-monitor"
| #define PACKAGE_VERSION "1.16.0"
| #define PACKAGE_STRING "mate-system-monitor 1.16.0"
| #define PACKAGE_BUGREPORT "http://www.mate-desktop.org/"
| #define PACKAGE_URL ""
| #define PACKAGE "mate-system-monitor"
| #define VERSION "1.16.0"
| #define STDC_HEADERS 1
| #define HAVE_SYS_TYPES_H 1
| #define HAVE_SYS_STAT_H 1
| #define HAVE_STDLIB_H 1
| #define HAVE_STRING_H 1
| #define HAVE_MEMORY_H 1
| #define HAVE_STRINGS_H 1
| #define HAVE_INTTYPES_H 1
| #define HAVE_STDINT_H 1
| #define HAVE_UNISTD_H 1
| #define HAVE_DLFCN_H 1
| #define LT_OBJDIR ".libs/"
| /* end confdefs.h.  */
| #include <ac_nonexistent.h>
configure:13039: result: g++ -E
configure:13059: g++ -E -Wdate-time -D_FORTIFY_SOURCE=2 conftest.cpp
configure:13059: $? = 0
configure:13073: g++ -E -Wdate-time -D_FORTIFY_SOURCE=2 conftest.cpp
conftest.cpp:23:28: fatal error: ac_nonexistent.h: No such file or directory
 #include <ac_nonexistent.h>
                            ^
compilation terminated.
configure:13073: $? = 1
configure: failed program was:
| /* confdefs.h */
| #define PACKAGE_NAME "mate-system-monitor"
| #define PACKAGE_TARNAME "mate-system-monitor"
| #define PACKAGE_VERSION "1.16.0"
| #define PACKAGE_STRING "mate-system-monitor 1.16.0"
| #define PACKAGE_BUGREPORT "http://www.mate-desktop.org/"
| #define PACKAGE_URL ""
| #define PACKAGE "mate-system-monitor"
| #define VERSION "1.16.0"
| #define STDC_HEADERS 1
| #define HAVE_SYS_TYPES_H 1
| #define HAVE_SYS_STAT_H 1
| #define HAVE_STDLIB_H 1
| #define HAVE_STRING_H 1
| #define HAVE_MEMORY_H 1
| #define HAVE_STRINGS_H 1
| #define HAVE_INTTYPES_H 1
| #define HAVE_STDINT_H 1
| #define HAVE_UNISTD_H 1
| #define HAVE_DLFCN_H 1
| #define LT_OBJDIR ".libs/"
| /* end confdefs.h.  */
| #include <ac_nonexistent.h>
configure:13235: checking for ld used by g++
configure:13302: result: /usr/bin/ld -m elf_x86_64
configure:13309: checking if the linker (/usr/bin/ld -m elf_x86_64) is GNU ld
configure:13324: result: yes
configure:13379: checking whether the g++ linker (/usr/bin/ld -m elf_x86_64) supports shared libraries
configure:14452: result: yes
configure:14488: g++ -c -g -O2 -fdebug-prefix-map=/home/anticap/nosystemd_build/mate-system-monitor-1.16.0=. -fstack-protector-strong -Wformat -Werror=format-security -Wdate-time -D_FORTIFY_SOURCE=2 conftest.cpp >&5
configure:14491: $? = 0
configure:14972: checking for g++ option to produce PIC
configure:14979: result: -fPIC -DPIC
configure:14987: checking if g++ PIC flag -fPIC -DPIC works
configure:15005: g++ -c -g -O2 -fdebug-prefix-map=/home/anticap/nosystemd_build/mate-system-monitor-1.16.0=. -fstack-protector-strong -Wformat -Werror=format-security -Wdate-time -D_FORTIFY_SOURCE=2 -fPIC -DPIC -DPIC conftest.cpp >&5
configure:15009: $? = 0
configure:15022: result: yes
configure:15045: checking if g++ static flag -static works
configure:15073: result: yes
configure:15085: checking if g++ supports -c -o file.o
configure:15106: g++ -c -g -O2 -fdebug-prefix-map=/home/anticap/nosystemd_build/mate-system-monitor-1.16.0=. -fstack-protector-strong -Wformat -Werror=format-security -Wdate-time -D_FORTIFY_SOURCE=2 -o out/conftest2.o conftest.cpp >&5
configure:15110: $? = 0
configure:15132: result: yes
configure:15137: checking if g++ supports -c -o file.o
configure:15184: result: yes
configure:15214: checking whether the g++ linker (/usr/bin/ld -m elf_x86_64) supports shared libraries
configure:15257: result: yes
configure:15398: checking dynamic linker characteristics
configure:16155: result: GNU/Linux ld.so
configure:16220: checking how to hardcode library paths into programs
configure:16245: result: immediate
configure:16326: checking for GMODULE
configure:16333: $PKG_CONFIG --exists --print-errors "gmodule-2.0"
configure:16336: $? = 0
configure:16350: $PKG_CONFIG --exists --print-errors "gmodule-2.0"
configure:16353: $? = 0
configure:16391: result: yes
configure:16397: checking for PROCMAN
configure:16404: $PKG_CONFIG --exists --print-errors "$GMODULE_ADD glib-2.0 >= $GLIB_REQUIRED libgtop-2.0 >= $LIBGTOP_REQUIRED libwnck-3.0 >= $LIBWNCK_REQUIRED gtk+-3.0 >= $GTK_REQUIRED gtkmm-3.0 >= $GTKMM_REQUIRED libxml-2.0 >= $LIBXML_REQUIRED librsvg-2.0 >= $RSVG_REQUIRED glibmm-2.4 >= $GLIBMM_REQUIRED giomm-2.4 >= $GIOMM_REQUIRED"
configure:16407: $? = 0
configure:16421: $PKG_CONFIG --exists --print-errors "$GMODULE_ADD glib-2.0 >= $GLIB_REQUIRED libgtop-2.0 >= $LIBGTOP_REQUIRED libwnck-3.0 >= $LIBWNCK_REQUIRED gtk+-3.0 >= $GTK_REQUIRED gtkmm-3.0 >= $GTKMM_REQUIRED libxml-2.0 >= $LIBXML_REQUIRED librsvg-2.0 >= $RSVG_REQUIRED glibmm-2.4 >= $GLIBMM_REQUIRED giomm-2.4 >= $GIOMM_REQUIRED"
configure:16424: $? = 0
configure:16482: result: yes
configure:16800: checking whether gcc understands -Wno-sign-compare
configure:16813: g++ -c -g -O2 -fdebug-prefix-map=/home/anticap/nosystemd_build/mate-system-monitor-1.16.0=. -fstack-protector-strong -Wformat -Werror=format-security -Wdate-time -D_FORTIFY_SOURCE=2 conftest.cpp >&5
configure:16813: $? = 0
configure:16820: result: yes
configure:16838: checking what warning flags to pass to the C compiler
configure:16840: result: -Wall -Wmissing-prototypes -Wnested-externs -Wpointer-arith -Wno-sign-compare
configure:16851: checking what language compliance flags to pass to the C compiler
configure:16866: result: 
configure:16882: checking for more warnings
configure:16885: result: yes
configure:16967: checking for pkg-config
configure:16997: result: /usr/bin/pkg-config
configure:17022: checking pkg-config is at least version 0.16
configure:17025: result: yes
configure:17136: checking whether NLS is requested
configure:17145: result: yes
configure:17163: checking for intltool >= 0.50.1
configure:17165: result: 0.51.0 found
configure:17173: checking for intltool-update
configure:17191: found /usr/bin/intltool-update
configure:17203: result: /usr/bin/intltool-update
configure:17213: checking for intltool-merge
configure:17231: found /usr/bin/intltool-merge
configure:17243: result: /usr/bin/intltool-merge
configure:17253: checking for intltool-extract
configure:17271: found /usr/bin/intltool-extract
configure:17283: result: /usr/bin/intltool-extract
configure:17437: checking for xgettext
configure:17455: found /usr/bin/xgettext
configure:17467: result: /usr/bin/xgettext
configure:17477: checking for msgmerge
configure:17495: found /usr/bin/msgmerge
configure:17507: result: /usr/bin/msgmerge
configure:17517: checking for msgfmt
configure:17535: found /usr/bin/msgfmt
configure:17547: result: /usr/bin/msgfmt
configure:17557: checking for gmsgfmt
configure:17588: result: /usr/bin/msgfmt
configure:17608: checking for perl
configure:17626: found /usr/bin/perl
configure:17638: result: /usr/bin/perl
configure:17649: checking for perl >= 5.8.1
configure:17656: result: 5.24.1
configure:17660: checking for XML::Parser
configure:17663: result: ok
configure:17721: checking for itstool
configure:17737: found /usr/bin/itstool
configure:17748: result: itstool
configure:17763: checking for xmllint
configure:17779: found /usr/bin/xmllint
configure:17790: result: xmllint
configure:18087: checking that generated files are newer than configure
configure:18093: result: done
configure:18132: creating ./config.status

## ---------------------- ##
## Running config.status. ##
## ---------------------- ##

This file was extended by mate-system-monitor config.status 1.16.0, which was
generated by GNU Autoconf 2.69.  Invocation command line was

  CONFIG_FILES    = 
  CONFIG_HEADERS  = 
  CONFIG_LINKS    = 
  CONFIG_COMMANDS = 
  $ ./config.status 

on antix1

config.status:1460: creating Makefile
config.status:1460: creating src/Makefile
config.status:1460: creating src/org.mate.system-monitor.gschema.xml
config.status:1460: creating pixmaps/Makefile
config.status:1460: creating po/Makefile.in
config.status:1460: creating help/Makefile
config.status:1460: creating mate-system-monitor.desktop.in
config.status:1460: creating config.h
config.status:1689: executing depfiles commands
config.status:1689: executing libtool commands
config.status:1689: executing po/stamp-it commands
configure:20562: WARNING: unrecognized options: --with-gtk

## ---------------- ##
## Cache variables. ##
## ---------------- ##

ac_cv_build=x86_64-pc-linux-gnu
ac_cv_c_compiler_gnu=yes
ac_cv_cxx_compiler_gnu=yes
ac_cv_env_CCC_set=
ac_cv_env_CCC_value=
ac_cv_env_CC_set=
ac_cv_env_CC_value=
ac_cv_env_CFLAGS_set=set
ac_cv_env_CFLAGS_value='-g -O2 -fdebug-prefix-map=/home/anticap/nosystemd_build/mate-system-monitor-1.16.0=. -fstack-protector-strong -Wformat -Werror=format-security'
ac_cv_env_CPPFLAGS_set=set
ac_cv_env_CPPFLAGS_value='-Wdate-time -D_FORTIFY_SOURCE=2'
ac_cv_env_CPP_set=
ac_cv_env_CPP_value=
ac_cv_env_CXXCPP_set=
ac_cv_env_CXXCPP_value=
ac_cv_env_CXXFLAGS_set=set
ac_cv_env_CXXFLAGS_value='-g -O2 -fdebug-prefix-map=/home/anticap/nosystemd_build/mate-system-monitor-1.16.0=. -fstack-protector-strong -Wformat -Werror=format-security'
ac_cv_env_CXX_set=
ac_cv_env_CXX_value=
ac_cv_env_GMODULE_CFLAGS_set=
ac_cv_env_GMODULE_CFLAGS_value=
ac_cv_env_GMODULE_LIBS_set=
ac_cv_env_GMODULE_LIBS_value=
ac_cv_env_ITSTOOL_set=
ac_cv_env_ITSTOOL_value=
ac_cv_env_LDFLAGS_set=set
ac_cv_env_LDFLAGS_value='-Wl,-z,relro -Wl,-z,now'
ac_cv_env_LIBS_set=
ac_cv_env_LIBS_value=
ac_cv_env_LT_SYS_LIBRARY_PATH_set=
ac_cv_env_LT_SYS_LIBRARY_PATH_value=
ac_cv_env_PKG_CONFIG_LIBDIR_set=
ac_cv_env_PKG_CONFIG_LIBDIR_value=
ac_cv_env_PKG_CONFIG_PATH_set=
ac_cv_env_PKG_CONFIG_PATH_value=
ac_cv_env_PKG_CONFIG_set=
ac_cv_env_PKG_CONFIG_value=
ac_cv_env_PROCMAN_CFLAGS_set=
ac_cv_env_PROCMAN_CFLAGS_value=
ac_cv_env_PROCMAN_LIBS_set=
ac_cv_env_PROCMAN_LIBS_value=
ac_cv_env_SYSTEMD_CFLAGS_set=
ac_cv_env_SYSTEMD_CFLAGS_value=
ac_cv_env_SYSTEMD_LIBS_set=
ac_cv_env_SYSTEMD_LIBS_value=
ac_cv_env_XMLLINT_set=
ac_cv_env_XMLLINT_value=
ac_cv_env_build_alias_set=set
ac_cv_env_build_alias_value=x86_64-linux-gnu
ac_cv_env_host_alias_set=
ac_cv_env_host_alias_value=
ac_cv_env_target_alias_set=
ac_cv_env_target_alias_value=
ac_cv_header_dlfcn_h=yes
ac_cv_header_inttypes_h=yes
ac_cv_header_memory_h=yes
ac_cv_header_stdc=yes
ac_cv_header_stdint_h=yes
ac_cv_header_stdlib_h=yes
ac_cv_header_string_h=yes
ac_cv_header_strings_h=yes
ac_cv_header_sys_stat_h=yes
ac_cv_header_sys_types_h=yes
ac_cv_header_unistd_h=yes
ac_cv_host=x86_64-pc-linux-gnu
ac_cv_objext=o
ac_cv_path_EGREP='/bin/grep -E'
ac_cv_path_FGREP='/bin/grep -F'
ac_cv_path_GMSGFMT=/usr/bin/msgfmt
ac_cv_path_GREP=/bin/grep
ac_cv_path_INTLTOOL_EXTRACT=/usr/bin/intltool-extract
ac_cv_path_INTLTOOL_MERGE=/usr/bin/intltool-merge
ac_cv_path_INTLTOOL_PERL=/usr/bin/perl
ac_cv_path_INTLTOOL_UPDATE=/usr/bin/intltool-update
ac_cv_path_MSGFMT=/usr/bin/msgfmt
ac_cv_path_MSGMERGE=/usr/bin/msgmerge
ac_cv_path_SED=/bin/sed
ac_cv_path_XGETTEXT=/usr/bin/xgettext
ac_cv_path_ac_pt_PKG_CONFIG=/usr/bin/pkg-config
ac_cv_path_install='/usr/bin/install -c'
ac_cv_path_lt_DD=/bin/dd
ac_cv_path_mkdir=/bin/mkdir
ac_cv_prog_AWK=gawk
ac_cv_prog_CPP='gcc -E'
ac_cv_prog_CXXCPP='g++ -E'
ac_cv_prog_ITSTOOL=itstool
ac_cv_prog_XMLLINT=xmllint
ac_cv_prog_ac_ct_AR=ar
ac_cv_prog_ac_ct_CC=gcc
ac_cv_prog_ac_ct_CXX=g++
ac_cv_prog_ac_ct_MANIFEST_TOOL=mt
ac_cv_prog_ac_ct_OBJDUMP=objdump
ac_cv_prog_ac_ct_RANLIB=ranlib
ac_cv_prog_ac_ct_STRIP=strip
ac_cv_prog_cc_c89=
ac_cv_prog_cc_g=yes
ac_cv_prog_cxx_g=yes
ac_cv_prog_make_make_set=yes
am_cv_CC_dependencies_compiler_type=none
am_cv_CXX_dependencies_compiler_type=none
am_cv_make_support_nested_variables=yes
am_cv_prog_cc_c_o=yes
ax_cv_cxx_compile_cxx11=yes
lt_cv_ar_at_file=@
lt_cv_archive_cmds_need_lc=no
lt_cv_deplibs_check_method=pass_all
lt_cv_file_magic_cmd='$MAGIC_CMD'
lt_cv_file_magic_test_file=
lt_cv_ld_reload_flag=-r
lt_cv_nm_interface='BSD nm'
lt_cv_objdir=.libs
lt_cv_path_LD=/usr/bin/ld
lt_cv_path_LDCXX='/usr/bin/ld -m elf_x86_64'
lt_cv_path_NM='/usr/bin/nm -B'
lt_cv_path_mainfest_tool=no
lt_cv_prog_compiler_c_o=yes
lt_cv_prog_compiler_c_o_CXX=yes
lt_cv_prog_compiler_pic='-fPIC -DPIC'
lt_cv_prog_compiler_pic_CXX='-fPIC -DPIC'
lt_cv_prog_compiler_pic_works=yes
lt_cv_prog_compiler_pic_works_CXX=yes
lt_cv_prog_compiler_rtti_exceptions=no
lt_cv_prog_compiler_static_works=yes
lt_cv_prog_compiler_static_works_CXX=yes
lt_cv_prog_gnu_ld=yes
lt_cv_prog_gnu_ldcxx=yes
lt_cv_sharedlib_from_linklib_cmd='printf %s\n'
lt_cv_shlibpath_overrides_runpath=yes
lt_cv_sys_global_symbol_pipe='sed -n -e '\''s/^.*[	 ]\([ABCDGIRSTW][ABCDGIRSTW]*\)[	 ][	 ]*\([_A-Za-z][_A-Za-z0-9]*\)$/\1 \2 \2/p'\'' | sed '\''/ __gnu_lto/d'\'''
lt_cv_sys_global_symbol_to_c_name_address='sed -n -e '\''s/^: \(.*\) .*$/  {"\1", (void *) 0},/p'\'' -e '\''s/^[ABCDGIRSTW][ABCDGIRSTW]* .* \(.*\)$/  {"\1", (void *) \&\1},/p'\'''
lt_cv_sys_global_symbol_to_c_name_address_lib_prefix='sed -n -e '\''s/^: \(.*\) .*$/  {"\1", (void *) 0},/p'\'' -e '\''s/^[ABCDGIRSTW][ABCDGIRSTW]* .* \(lib.*\)$/  {"\1", (void *) \&\1},/p'\'' -e '\''s/^[ABCDGIRSTW][ABCDGIRSTW]* .* \(.*\)$/  {"lib\1", (void *) \&\1},/p'\'''
lt_cv_sys_global_symbol_to_cdecl='sed -n -e '\''s/^T .* \(.*\)$/extern int \1();/p'\'' -e '\''s/^[ABCDGIRSTW][ABCDGIRSTW]* .* \(.*\)$/extern char \1;/p'\'''
lt_cv_sys_global_symbol_to_import=
lt_cv_sys_max_cmd_len=1572864
lt_cv_to_host_file_cmd=func_convert_file_noop
lt_cv_to_tool_file_cmd=func_convert_file_noop
lt_cv_truncate_bin='/bin/dd bs=4096 count=1'
pkg_cv_GMODULE_CFLAGS='-pthread -I/usr/include/glib-2.0 -I/usr/lib/x86_64-linux-gnu/glib-2.0/include'
pkg_cv_GMODULE_LIBS='-Wl,--export-dynamic -lgmodule-2.0 -pthread -lglib-2.0'
pkg_cv_PROCMAN_CFLAGS='-pthread -I/usr/include/libgtop-2.0 -I/usr/include/libwnck-3.0 -I/usr/include/startup-notification-1.0 -I/usr/include/gtkmm-3.0 -I/usr/lib/x86_64-linux-gnu/gtkmm-3.0/include -I/usr/include/atkmm-1.6 -I/usr/include/gtk-3.0/unix-print -I/usr/include/gdkmm-3.0 -I/usr/lib/x86_64-linux-gnu/gdkmm-3.0/include -I/usr/include/pangomm-1.4 -I/usr/lib/x86_64-linux-gnu/pangomm-1.4/include -I/usr/include/gtk-3.0 -I/usr/include/at-spi2-atk/2.0 -I/usr/include/at-spi-2.0 -I/usr/include/dbus-1.0 -I/usr/lib/x86_64-linux-gnu/dbus-1.0/include -I/usr/include/gtk-3.0 -I/usr/include/gio-unix-2.0/ -I/usr/include/cairo -I/usr/include/pango-1.0 -I/usr/include/harfbuzz -I/usr/include/pango-1.0 -I/usr/include/atk-1.0 -I/usr/include/cairo -I/usr/include/cairomm-1.0 -I/usr/lib/x86_64-linux-gnu/cairomm-1.0/include -I/usr/include/libxml2 -I/usr/include/librsvg-2.0 -I/usr/include/gdk-pixbuf-2.0 -I/usr/include/libpng16 -I/usr/include/cairo -I/usr/include/pixman-1 -I/usr/include/freetype2 -I/usr/include/libpng16 -I/usr/include/giomm-2.4 -I/usr/lib/x86_64-linux-gnu/giomm-2.4/include -I/usr/include/glibmm-2.4 -I/usr/lib/x86_64-linux-gnu/glibmm-2.4/include -I/usr/include/glib-2.0 -I/usr/lib/x86_64-linux-gnu/glib-2.0/include -I/usr/include/sigc++-2.0 -I/usr/lib/x86_64-linux-gnu/sigc++-2.0/include'
pkg_cv_PROCMAN_LIBS='-Wl,--export-dynamic -lgmodule-2.0 -pthread -lgtop-2.0 -lwnck-3 -lgtkmm-3.0 -latkmm-1.6 -lgdkmm-3.0 -lpangomm-1.4 -lgtk-3 -lgdk-3 -lpangocairo-1.0 -lpango-1.0 -latk-1.0 -lcairo-gobject -lcairomm-1.0 -lxml2 -lrsvg-2 -lm -lgdk_pixbuf-2.0 -lcairo -lgiomm-2.4 -lgio-2.0 -lglibmm-2.4 -lgobject-2.0 -lglib-2.0 -lsigc-2.0'

## ----------------- ##
## Output variables. ##
## ----------------- ##

























		$(INSTALL_DATA) $^ "$(DESTDIR)$(gsettingsschemadir)"; \
		test -n "$(GSETTINGS_DISABLE_SCHEMAS_COMPILE)$(DESTDIR)" || $(GLIB_COMPILE_SCHEMAS) $(gsettingsschemadir); \
		test -z "$(gsettingsschemadir)" || $(MKDIR_P) "$(DESTDIR)$(gsettingsschemadir)"; \
	        $(LN_S) -f "$(HELP_DIR)/C/$(HELP_ID)/$$f" "$$helpdir$$f" || exit 1; \
	        echo "$(LN_S) -f $(HELP_DIR)/C/$(HELP_ID)/$$f $$helpdir$$f"; \
	      $(INSTALL_DATA) "$$d$$lc/$$f" "$$helpdir$$f" || exit 1; \
	      echo "$(INSTALL_DATA) $$d$$lc/$$f $$helpdir$$f"; \
	      fi; \
	      if test "x$(YELP_LC_MEDIA_LINKS)" != "x"; then \
	    $(ITSTOOL) -o "$(notdir $@).tmp" $(_HELP_C_FILES) && \
	    $(ITSTOOL) -o "$(notdir $@).tmp" $(_HELP_C_FILES) && \
	    $(XMLLINT) --noout --noent --path "$$xmlpath" --xinclude "$$d$$lc/$$page"; \
	    cp -p "$$d$$lc/$$file" "$(distdir)/$$lc/" || exit 1; \
	    d="$(srcdir)/"; \
	    echo "$(XMLLINT) --noout --noent --path $$xmlpath --xinclude $$d$$lc/$$page"; \
	    echo "rm -f $$helpdir$$f"; \
	    elif test "x$$lc" != "xC"; then \
	    fi; \
	    helpdir="$(DESTDIR)$(HELP_DIR)/$$lc/$(HELP_ID)/"; \
	    helpdir="$(DESTDIR)$(HELP_DIR)/$$lc/$(HELP_ID)/"; \
	    if ! test -d "$$helpdir$$mdir"; then $(mkinstalldirs) "$$helpdir$$mdir"; fi; \
	    if test "x$mdir" = "x."; then mdir=""; fi; \
	    if test -f "$$d$$lc/$$f"; then \
	    if test -f "$$lc$$f"; then d=; else d="$(srcdir)/"; fi; \
	    if test -f "$$lc/$$file"; then d=./; else d=$(srcdir)/; fi; \
	    mdir=`dirname "$$f"`; \
	    msgmerge -o "$(notdir $@)" "$(notdir $@)" "$(notdir $@).tmp" && \
	    mv "$(notdir $@).tmp" "$(notdir $@)"); \
	    rm "$(notdir $@).tmp"); \
	    rm -f "$$helpdir$$f"; \
	    then d=; \
	    xmlpath="$$lc"; \
	    xmlpath="$$lc:$(srcdir)/$$lc"; \
	  $(INSTALL_DATA) "$$d$$f" "$$helpdir`basename $$f`" || exit 1; \
	  $(INSTALL_DATA) "$$d$$lc/$$f" "$$helpdir`basename $$f`" || exit 1; \
	  $(MKDIR_P) "$(distdir)/$$lc"; \
	  $(mkinstalldirs) "$(DESTDIR)$(HELP_DIR)/$$lc/$(HELP_ID)" || exit 1; \
	  (cd "$(dir $@)" && \
	  (cd "$(dir $@)" && \
	  done; \
	  done; \
	  done; \
	  done; \
	  echo "$(INSTALL_DATA) $$d$$f $$helpdir`basename $$f`"; \
	  echo "$(INSTALL_DATA) $$d$$lc/$$f $$helpdir`basename $$f`"; \
	  echo "rm -f $$helpdir`basename $$f`"; \
	  echo "rm -f $$helpdir`basename $$f`"; \
	  else \
	  fi; \
	  for file in $(HELP_FILES); do \
	  for lc in C $(_HELP_LINGUAS); do \
	  for lc in C $(_HELP_LINGUAS); do \
	  for page in $(HELP_FILES); do \
	  helpdir="$(DESTDIR)$(HELP_DIR)/$$lc/$(HELP_ID)/"; \
	  helpdir="$(DESTDIR)$(HELP_DIR)/$$lc/$(HELP_ID)/"; \
	  helpdir="$(DESTDIR)$(HELP_DIR)/$$lc/$(HELP_ID)/"; \
	  helpdir="$(DESTDIR)$(HELP_DIR)/$$lc/$(HELP_ID)/"; \
	  if ! test -d "$$helpdir"; then $(mkinstalldirs) "$$helpdir"; fi; \
	  if ! test -d "$$helpdir"; then $(mkinstalldirs) "$$helpdir"; fi; \
	  if test "x$(_HELP_V)" = "x0"; then echo "  GEN    $${po}"; fi; \
	  if test -d "$$lc"; \
	  if test -f "$$f"; then d=; else d="$(srcdir)/"; fi; \
	  if test -f "$$lc/$$f"; then d=; else d="$(srcdir)/"; fi; \
	  lc=`dirname "$$f"`; lc=`basename "$$lc"`; \
	  lc=`dirname "$$f"`; lc=`basename "$$lc"`; \
	  msgmerge -q -o "$${po}" "$${po}" "$(_HELP_POTFILE)"; \
	  rm -f "$$helpdir`basename $$f`"; \
	  rm -f "$$helpdir`basename $$f`"; \
	$(AM_V_GEN) $(GLIB_COMPILE_SCHEMAS) --strict --dry-run $(addprefix --schema-file=,$(gsettings__enum_file)) --schema-file=$< && mkdir -p $(@D) && touch $@
	$(AM_V_GEN) glib-mkenums --comments '\''<!-- @comment@ -->'\'' --fhead "<schemalist>" --vhead "  <@type@ id='\''$(gsettings_ENUM_NAMESPACE).@EnumName@'\''>" --vprod "    <value nick='\''@valuenick@'\'' value='\''@valuenum@'\''/>" --vtail "  </@type@>" --ftail "</schemalist>" $^ > $@.tmp && mv $@.tmp $@
	$(AM_V_GEN)if ! test -f "$@"; then \
	$(AM_V_GEN)if test -d "C"; then d=; else d="$(srcdir)/"; fi; \
	$(AM_V_GEN)msgfmt -o "$@" "$<"
	$(AM_V_at)for po in $(_HELP_POFILES); do \
	$(AM_V_at)if ! test -d "$(dir $@)"; then mkdir "$(dir $@)"; fi
	$(AM_V_at)if ! test -d "$(dir $@)"; then mkdir "$(dir $@)"; fi
	$(AM_V_at)if ! test -d "$(dir $@)"; then mkdir "$(dir $@)"; fi
	$(AM_V_at)if test ! -f "$@" -a -f "$(srcdir)/$@"; then cp "$(srcdir)/$@" "$@"; fi
	$(ITSTOOL) -o "$@" $(foreach f,$(_HELP_C_FILES),"$${d}$(f)")
	$(_HELP_LC_VERBOSE)if test -d "C"; then d="../"; else d="$(abs_srcdir)/"; fi; \
	(cd "$(dir $@)" && $(ITSTOOL) -m "$${mo}" $(foreach f,$(_HELP_C_FILES),$${d}/$(f))) && \
	@$(NORMAL_INSTALL)
	@$(NORMAL_UNINSTALL)
	@for f in $(HELP_MEDIA); do \
	@for f in $(HELP_MEDIA); do \
	@for f in $(_HELP_C_EXTRA); do \
	@for f in $(_HELP_C_EXTRA); do \
	@for lc in C $(_HELP_LINGUAS); do \
	@for lc in C $(_HELP_LINGUAS); do for f in $(HELP_FILES); do \
	@for lc in C $(if $(YELP_LC_DIST),$(HELP_LINGUAS)) ; do \
	@list='\''$(gsettings_SCHEMAS) $(gsettings__enum_file)'\''; test -n "$(gsettingsschemadir)" || list=; \
	cd "$(DESTDIR)$(gsettingsschemadir)" && rm -f $$files
	done
	done
	done
	done
	done
	done
	done;
	done; \
	done; done
	done; done
	echo " ( cd '\''$(DESTDIR)$(gsettingsschemadir)'\'' && rm -f" $$files ")"; \
	else \
	fi
	fi
	files=`for p in $$list; do echo $$p; done | sed -e '\''s|^.*/||'\''`; \
	for lc in C $(_HELP_LINGUAS); do \
	for lc in C $(_HELP_LINGUAS); do for f in $(HELP_FILES); do \
	if test -f "$${mo}"; then mo="../$${mo}"; else mo="$(abs_srcdir)/$${mo}"; fi; \
	if test -n "$^"; then \
	mo="$(dir $@)$(patsubst %/$(notdir $@),%,$@).mo"; \
	rm -f $(_HELP_LC_FILES) $(_HELP_LC_STAMPS) $(_HELP_MOFILES)
	rm -f $(gsettings_SCHEMAS:.xml=.valid) $(gsettings__enum_file)
	test -n "$$files" || exit 0; \
	test -n "$(GSETTINGS_DISABLE_SCHEMAS_COMPILE)$(DESTDIR)" || $(GLIB_COMPILE_SCHEMAS) $(gsettingsschemadir)
	touch "$@"
$(_HELP_LC_FILES): $(_HELP_LINGUAS)
$(_HELP_LC_STAMPS): $(_HELP_C_FILES) $(_HELP_C_EXTRA)
$(_HELP_LC_STAMPS): %.stamp: %.mo
$(_HELP_LINGUAS): $(_HELP_LC_STAMPS)
$(_HELP_MOFILES): %.mo: %.po
$(_HELP_POFILES):
$(_HELP_POTFILE): $(_HELP_C_FILES) $(_HELP_C_EXTRA) $(_HELP_C_MEDIA)
$(gsettings__enum_file): $(gsettings_ENUM_FILES)
%.gschema.valid: %.gschema.xml $(gsettings__enum_file)
'
.PHONY : uninstall-gsettings-schemas install-gsettings-schemas clean-gsettings-schemas
.PHONY: check-help
.PHONY: clean-help
.PHONY: install-help
.PHONY: pot
.PHONY: repo
.PHONY: uninstall-help
.SECONDARY: $(gsettings_SCHEMAS)
ACLOCAL='${SHELL} /home/anticap/nosystemd_build/mate-system-monitor-1.16.0/missing aclocal-1.15'
ALL_LINGUAS=''
AMDEPBACKSLASH=''
AMDEP_FALSE=''
AMDEP_TRUE='#'
AMTAR='$${TAR-tar}'
AM_BACKSLASH='\'
AM_DEFAULT_V='$(AM_DEFAULT_VERBOSITY)'
AM_DEFAULT_VERBOSITY='1'
AM_V='$(V)'
AR='ar'
AUTOCONF='${SHELL} /home/anticap/nosystemd_build/mate-system-monitor-1.16.0/missing autoconf'
AUTOHEADER='${SHELL} /home/anticap/nosystemd_build/mate-system-monitor-1.16.0/missing autoheader'
AUTOMAKE='${SHELL} /home/anticap/nosystemd_build/mate-system-monitor-1.16.0/missing automake-1.15'
AWK='gawk'
CC='gcc'
CCDEPMODE='depmode=none'
CFLAGS='    -Wall     -Winline     -Wchar-subscripts -Wmissing-declarations -Wmissing-prototypes     -Wnested-externs -Wpointer-arith     -Wcast-align -Wsign-compare     -g -O2 -fdebug-prefix-map=/home/anticap/nosystemd_build/mate-system-monitor-1.16.0=. -fstack-protector-strong -Wformat -Werror=format-security'
CPP='gcc -E'
CPPFLAGS='-Wdate-time -D_FORTIFY_SOURCE=2'
CXX='g++'
CXXCPP='g++ -E'
CXXDEPMODE='depmode=none'
CXXFLAGS='-Wall -g -O2 -fdebug-prefix-map=/home/anticap/nosystemd_build/mate-system-monitor-1.16.0=. -fstack-protector-strong -Wformat -Werror=format-security'
CYGPATH_W='echo'
DEFS='-DHAVE_CONFIG_H'
DEPDIR='.deps'
DISABLE_DEPRECATED=''
DLLTOOL='false'
DSYMUTIL=''
DUMPBIN=''
ECHO_C=''
ECHO_N='-n'
ECHO_T=''
EGREP='/bin/grep -E'
EXEEXT=''
EXTRA_DIST += $(_HELP_C_EXTRA) $(_HELP_C_MEDIA)
EXTRA_DIST += $(foreach f,$(HELP_MEDIA),$(foreach lc,$(HELP_LINGUAS),$(wildcard $(lc)/$(f))))
EXTRA_DIST += $(foreach lc,$(HELP_LINGUAS),$(lc)/$(lc).po)
EXTRA_DIST += $(if $(YELP_LC_DIST),$(foreach lc,$(HELP_LINGUAS),$(lc)/$(lc).stamp))
EXTRA_DIST ?=
FGREP='/bin/grep -F'
GETTEXT_PACKAGE='mate-system-monitor'
GLIB_COMPILE_SCHEMAS='/usr/lib/x86_64-linux-gnu/glib-2.0/glib-compile-schemas'
GMODULE_CFLAGS='-pthread -I/usr/include/glib-2.0 -I/usr/lib/x86_64-linux-gnu/glib-2.0/include'
GMODULE_LIBS='-Wl,--export-dynamic -lgmodule-2.0 -pthread -lglib-2.0'
GMSGFMT='/usr/bin/msgfmt'
GREP='/bin/grep'
GSETTINGS_DISABLE_SCHEMAS_COMPILE=''
GSETTINGS_RULES='
HAVE_CXX11=''
HAVE_SYSTEMD_FALSE=''
HAVE_SYSTEMD_TRUE='#'
HELP_DIR='${datadir}/help'
HELP_EXTRA ?=
HELP_FILES ?=
HELP_ID ?=
HELP_LINGUAS ?=
HELP_MEDIA ?=
HELP_POT ?=
INSTALL_DATA='${INSTALL} -m 644'
INSTALL_PROGRAM='${INSTALL}'
INSTALL_SCRIPT='${INSTALL}'
INSTALL_STRIP_PROGRAM='$(install_sh) -c -s'
INTLTOOL_CAVES_RULE='%.caves:     %.caves.in     $(INTLTOOL_MERGE) $(wildcard $(top_srcdir)/po/*.po) ; $(INTLTOOL_V_MERGE)LC_ALL=C $(INTLTOOL_MERGE) $(INTLTOOL_V_MERGE_OPTIONS) -d -u -c $(top_builddir)/po/.intltool-merge-cache $(top_srcdir)/po $< $@'
INTLTOOL_DESKTOP_RULE='%.desktop:   %.desktop.in   $(INTLTOOL_MERGE) $(wildcard $(top_srcdir)/po/*.po) ; $(INTLTOOL_V_MERGE)LC_ALL=C $(INTLTOOL_MERGE) $(INTLTOOL_V_MERGE_OPTIONS) -d -u -c $(top_builddir)/po/.intltool-merge-cache $(top_srcdir)/po $< $@'
INTLTOOL_DIRECTORY_RULE='%.directory: %.directory.in $(INTLTOOL_MERGE) $(wildcard $(top_srcdir)/po/*.po) ; $(INTLTOOL_V_MERGE)LC_ALL=C $(INTLTOOL_MERGE) $(INTLTOOL_V_MERGE_OPTIONS) -d -u -c $(top_builddir)/po/.intltool-merge-cache $(top_srcdir)/po $< $@'
INTLTOOL_EXTRACT='/usr/bin/intltool-extract'
INTLTOOL_KBD_RULE='%.kbd:       %.kbd.in       $(INTLTOOL_MERGE) $(wildcard $(top_srcdir)/po/*.po) ; $(INTLTOOL_V_MERGE)LC_ALL=C $(INTLTOOL_MERGE) $(INTLTOOL_V_MERGE_OPTIONS) -x -u -m -c $(top_builddir)/po/.intltool-merge-cache $(top_srcdir)/po $< $@'
INTLTOOL_KEYS_RULE='%.keys:      %.keys.in      $(INTLTOOL_MERGE) $(wildcard $(top_srcdir)/po/*.po) ; $(INTLTOOL_V_MERGE)LC_ALL=C $(INTLTOOL_MERGE) $(INTLTOOL_V_MERGE_OPTIONS) -k -u -c $(top_builddir)/po/.intltool-merge-cache $(top_srcdir)/po $< $@'
INTLTOOL_MERGE='/usr/bin/intltool-merge'
INTLTOOL_OAF_RULE='%.oaf:       %.oaf.in       $(INTLTOOL_MERGE) $(wildcard $(top_srcdir)/po/*.po) ; $(INTLTOOL_V_MERGE)LC_ALL=C $(INTLTOOL_MERGE) $(INTLTOOL_V_MERGE_OPTIONS) -o -p $(top_srcdir)/po $< $@'
INTLTOOL_PERL='/usr/bin/perl'
INTLTOOL_POLICY_RULE='%.policy:    %.policy.in    $(INTLTOOL_MERGE) $(wildcard $(top_srcdir)/po/*.po) ; $(INTLTOOL_V_MERGE)LC_ALL=C $(INTLTOOL_MERGE) $(INTLTOOL_V_MERGE_OPTIONS) -x -u -c $(top_builddir)/po/.intltool-merge-cache $(top_srcdir)/po $< $@'
INTLTOOL_PONG_RULE='%.pong:      %.pong.in      $(INTLTOOL_MERGE) $(wildcard $(top_srcdir)/po/*.po) ; $(INTLTOOL_V_MERGE)LC_ALL=C $(INTLTOOL_MERGE) $(INTLTOOL_V_MERGE_OPTIONS) -x -u -c $(top_builddir)/po/.intltool-merge-cache $(top_srcdir)/po $< $@'
INTLTOOL_PROP_RULE='%.prop:      %.prop.in      $(INTLTOOL_MERGE) $(wildcard $(top_srcdir)/po/*.po) ; $(INTLTOOL_V_MERGE)LC_ALL=C $(INTLTOOL_MERGE) $(INTLTOOL_V_MERGE_OPTIONS) -d -u -c $(top_builddir)/po/.intltool-merge-cache $(top_srcdir)/po $< $@'
INTLTOOL_SCHEMAS_RULE='%.schemas:   %.schemas.in   $(INTLTOOL_MERGE) $(wildcard $(top_srcdir)/po/*.po) ; $(INTLTOOL_V_MERGE)LC_ALL=C $(INTLTOOL_MERGE) $(INTLTOOL_V_MERGE_OPTIONS) -s -u -c $(top_builddir)/po/.intltool-merge-cache $(top_srcdir)/po $< $@'
INTLTOOL_SERVER_RULE='%.server:    %.server.in    $(INTLTOOL_MERGE) $(wildcard $(top_srcdir)/po/*.po) ; $(INTLTOOL_V_MERGE)LC_ALL=C $(INTLTOOL_MERGE) $(INTLTOOL_V_MERGE_OPTIONS) -o -u -c $(top_builddir)/po/.intltool-merge-cache $(top_srcdir)/po $< $@'
INTLTOOL_SERVICE_RULE='%.service: %.service.in   $(INTLTOOL_MERGE) $(wildcard $(top_srcdir)/po/*.po) ; $(INTLTOOL_V_MERGE)LC_ALL=C $(INTLTOOL_MERGE) $(INTLTOOL_V_MERGE_OPTIONS) -d -u -c $(top_builddir)/po/.intltool-merge-cache $(top_srcdir)/po $< $@'
INTLTOOL_SHEET_RULE='%.sheet:     %.sheet.in     $(INTLTOOL_MERGE) $(wildcard $(top_srcdir)/po/*.po) ; $(INTLTOOL_V_MERGE)LC_ALL=C $(INTLTOOL_MERGE) $(INTLTOOL_V_MERGE_OPTIONS) -x -u -c $(top_builddir)/po/.intltool-merge-cache $(top_srcdir)/po $< $@'
INTLTOOL_SOUNDLIST_RULE='%.soundlist: %.soundlist.in $(INTLTOOL_MERGE) $(wildcard $(top_srcdir)/po/*.po) ; $(INTLTOOL_V_MERGE)LC_ALL=C $(INTLTOOL_MERGE) $(INTLTOOL_V_MERGE_OPTIONS) -d -u -c $(top_builddir)/po/.intltool-merge-cache $(top_srcdir)/po $< $@'
INTLTOOL_THEME_RULE='%.theme:     %.theme.in     $(INTLTOOL_MERGE) $(wildcard $(top_srcdir)/po/*.po) ; $(INTLTOOL_V_MERGE)LC_ALL=C $(INTLTOOL_MERGE) $(INTLTOOL_V_MERGE_OPTIONS) -d -u -c $(top_builddir)/po/.intltool-merge-cache $(top_srcdir)/po $< $@'
INTLTOOL_UI_RULE='%.ui:        %.ui.in        $(INTLTOOL_MERGE) $(wildcard $(top_srcdir)/po/*.po) ; $(INTLTOOL_V_MERGE)LC_ALL=C $(INTLTOOL_MERGE) $(INTLTOOL_V_MERGE_OPTIONS) -x -u -c $(top_builddir)/po/.intltool-merge-cache $(top_srcdir)/po $< $@'
INTLTOOL_UPDATE='/usr/bin/intltool-update'
INTLTOOL_V_MERGE='$(INTLTOOL__v_MERGE_$(V))'
INTLTOOL_V_MERGE_OPTIONS='$(intltool__v_merge_options_$(V))'
INTLTOOL_XAM_RULE='%.xam:       %.xml.in       $(INTLTOOL_MERGE) $(wildcard $(top_srcdir)/po/*.po) ; $(INTLTOOL_V_MERGE)LC_ALL=C $(INTLTOOL_MERGE) $(INTLTOOL_V_MERGE_OPTIONS) -x -u -c $(top_builddir)/po/.intltool-merge-cache $(top_srcdir)/po $< $@'
INTLTOOL_XML_NOMERGE_RULE='%.xml:       %.xml.in       $(INTLTOOL_MERGE) ; $(INTLTOOL_V_MERGE)LC_ALL=C $(INTLTOOL_MERGE) $(INTLTOOL_V_MERGE_OPTIONS) -x -u --no-translations $< $@'
INTLTOOL_XML_RULE='%.xml:       %.xml.in       $(INTLTOOL_MERGE) $(wildcard $(top_srcdir)/po/*.po) ; $(INTLTOOL_V_MERGE)LC_ALL=C $(INTLTOOL_MERGE) $(INTLTOOL_V_MERGE_OPTIONS) -x -u -c $(top_builddir)/po/.intltool-merge-cache $(top_srcdir)/po $< $@'
INTLTOOL__v_MERGE_0='@echo "  ITMRG " $@;'
INTLTOOL__v_MERGE_='$(INTLTOOL__v_MERGE_$(AM_DEFAULT_VERBOSITY))'
ITSTOOL='itstool'
LD='/usr/bin/ld -m elf_x86_64'
LDFLAGS='-Wl,-z,relro -Wl,-z,now'
LIBOBJS=''
LIBS=''
LIBTOOL='$(SHELL) $(top_builddir)/libtool'
LIPO=''
LN_S='ln -s'
LTLIBOBJS=''
LT_SYS_LIBRARY_PATH=''
MAINT='#'
MAINTAINER_MODE_FALSE=''
MAINTAINER_MODE_TRUE='#'
MAKEINFO='${SHELL} /home/anticap/nosystemd_build/mate-system-monitor-1.16.0/missing makeinfo'
MANIFEST_TOOL=':'
MKDIR_P='/bin/mkdir -p'
MSGFMT='/usr/bin/msgfmt'
MSGMERGE='/usr/bin/msgmerge'
NM='/usr/bin/nm -B'
NMEDIT=''
OBJDUMP='objdump'
OBJEXT='o'
OTOOL64=''
OTOOL=''
PACKAGE='mate-system-monitor'
PACKAGE_BUGREPORT='http://www.mate-desktop.org/'
PACKAGE_NAME='mate-system-monitor'
PACKAGE_STRING='mate-system-monitor 1.16.0'
PACKAGE_TARNAME='mate-system-monitor'
PACKAGE_URL=''
PACKAGE_VERSION='1.16.0'
PATH_SEPARATOR=':'
PKG_CONFIG='/usr/bin/pkg-config'
PKG_CONFIG_LIBDIR=''
PKG_CONFIG_PATH=''
PROCMAN_CFLAGS='-pthread -I/usr/include/libgtop-2.0 -I/usr/include/libwnck-3.0 -I/usr/include/startup-notification-1.0 -I/usr/include/gtkmm-3.0 -I/usr/lib/x86_64-linux-gnu/gtkmm-3.0/include -I/usr/include/atkmm-1.6 -I/usr/include/gtk-3.0/unix-print -I/usr/include/gdkmm-3.0 -I/usr/lib/x86_64-linux-gnu/gdkmm-3.0/include -I/usr/include/pangomm-1.4 -I/usr/lib/x86_64-linux-gnu/pangomm-1.4/include -I/usr/include/gtk-3.0 -I/usr/include/at-spi2-atk/2.0 -I/usr/include/at-spi-2.0 -I/usr/include/dbus-1.0 -I/usr/lib/x86_64-linux-gnu/dbus-1.0/include -I/usr/include/gtk-3.0 -I/usr/include/gio-unix-2.0/ -I/usr/include/cairo -I/usr/include/pango-1.0 -I/usr/include/harfbuzz -I/usr/include/pango-1.0 -I/usr/include/atk-1.0 -I/usr/include/cairo -I/usr/include/cairomm-1.0 -I/usr/lib/x86_64-linux-gnu/cairomm-1.0/include -I/usr/include/libxml2 -I/usr/include/librsvg-2.0 -I/usr/include/gdk-pixbuf-2.0 -I/usr/include/libpng16 -I/usr/include/cairo -I/usr/include/pixman-1 -I/usr/include/freetype2 -I/usr/include/libpng16 -I/usr/include/giomm-2.4 -I/usr/lib/x86_64-linux-gnu/giomm-2.4/include -I/usr/include/glibmm-2.4 -I/usr/lib/x86_64-linux-gnu/glibmm-2.4/include -I/usr/include/glib-2.0 -I/usr/lib/x86_64-linux-gnu/glib-2.0/include -I/usr/include/sigc++-2.0 -I/usr/lib/x86_64-linux-gnu/sigc++-2.0/include'
PROCMAN_LIBS='-Wl,--export-dynamic -lgmodule-2.0 -pthread -lgtop-2.0 -lwnck-3 -lgtkmm-3.0 -latkmm-1.6 -lgdkmm-3.0 -lpangomm-1.4 -lgtk-3 -lgdk-3 -lpangocairo-1.0 -lpango-1.0 -latk-1.0 -lcairo-gobject -lcairomm-1.0 -lxml2 -lrsvg-2 -lm -lgdk_pixbuf-2.0 -lcairo -lgiomm-2.4 -lgio-2.0 -lglibmm-2.4 -lgobject-2.0 -lglib-2.0 -lsigc-2.0'
RANLIB='ranlib'
SED='/bin/sed'
SET_MAKE=''
SHELL='/bin/bash'
STRIP='strip'
SYSTEMD_CFLAGS=''
SYSTEMD_LIBS=''
USE_NLS='yes'
VERSION='1.16.0'
WARN_CFLAGS='-Wall -Wmissing-prototypes -Wnested-externs -Wpointer-arith -Wno-sign-compare '
XGETTEXT='/usr/bin/xgettext'
XMLLINT='xmllint'
YELP_HELP_RULES='
YELP_LC_DIST='true'
YELP_LC_MEDIA_LINKS='true'
_HELP_C_EXTRA = $(foreach f,$(HELP_EXTRA),C/$(f))
_HELP_C_FILES = $(foreach f,$(HELP_FILES),C/$(f))
_HELP_C_MEDIA = $(foreach f,$(HELP_MEDIA),C/$(f))
_HELP_DEFAULT_V = $(if $(AM_DEFAULT_VERBOSITY),$(AM_DEFAULT_VERBOSITY),1)
_HELP_LC_FILES = $(foreach lc,$(_HELP_LINGUAS),$(foreach f,$(HELP_FILES),$(lc)/$(f)))
_HELP_LC_STAMPS = $(foreach lc,$(_HELP_LINGUAS),$(lc)/$(lc).stamp)
_HELP_LC_VERBOSE = $(_HELP_LC_VERBOSE_$(_HELP_V))
_HELP_LC_VERBOSE_ = $(_HELP_LC_VERBOSE_$(_HELP_DEFAULT_V))
_HELP_LC_VERBOSE_0 = @echo "  GEN    "$(dir $@);
_HELP_LINGUAS = $(if $(filter environment,$(origin LINGUAS)),$(filter $(LINGUAS),$(HELP_LINGUAS)),$(HELP_LINGUAS))
_HELP_MOFILES = $(patsubst %.po,%.mo,$(_HELP_POFILES))
_HELP_POFILES = $(if $(HELP_ID),$(foreach lc,$(_HELP_LINGUAS),$(lc)/$(lc).po))
_HELP_POTFILE = $(if $(HELP_POT),$(HELP_POT),$(if $(HELP_ID),$(HELP_ID).pot))
_HELP_V = $(if $(V),$(V),$(_HELP_DEFAULT_V))
ac_ct_AR='ar'
ac_ct_CC='gcc'
ac_ct_CXX='g++'
ac_ct_DUMPBIN=''
all-am: $(gsettings_SCHEMAS:.xml=.valid)
all: $(_HELP_C_FILES) $(_HELP_C_EXTRA) $(_HELP_C_MEDIA) $(_HELP_LC_FILES) $(_HELP_POFILES)
am__EXEEXT_FALSE=''
am__EXEEXT_TRUE='#'
am__fastdepCC_FALSE=''
am__fastdepCC_TRUE='#'
am__fastdepCXX_FALSE=''
am__fastdepCXX_TRUE='#'
am__include='include'
am__isrc=''
am__leading_dot='.'
am__nodep=''
am__quote=''
am__tar='$${TAR-tar} chof - "$$tardir"'
am__untar='$${TAR-tar} xf -'
bindir='${exec_prefix}/bin'
build='x86_64-pc-linux-gnu'
build_alias='x86_64-linux-gnu'
build_cpu='x86_64'
build_os='linux-gnu'
build_vendor='pc'
check-help:
check: check-help
clean-gsettings-schemas:
clean-help:
datadir='${datarootdir}'
datarootdir='${prefix}/share'
distdir-help-files: $(_HELP_LC_FILES)
distdir: distdir-help-files
docdir='${datarootdir}/doc/${PACKAGE_TARNAME}'
dvidir='${docdir}'
endif'
exec_prefix='${prefix}'
gsettings__enum_file = $(addsuffix .enums.xml,$(gsettings_ENUM_NAMESPACE))
gsettingsschemadir='${datarootdir}/glib-2.0/schemas'
host='x86_64-pc-linux-gnu'
host_alias=''
host_cpu='x86_64'
host_os='linux-gnu'
host_vendor='pc'
htmldir='${docdir}'
ifdef gsettings_ENUM_NAMESPACE
includedir='${prefix}/include'
infodir='${prefix}/share/info'
install-data-am: $(if $(HELP_ID),install-help)
install-data-am: install-gsettings-schemas
install-gsettings-schemas: $(gsettings_SCHEMAS) $(gsettings__enum_file)
install-help: $(_HELP_LC_FILES)
install_sh='${SHELL} /home/anticap/nosystemd_build/mate-system-monitor-1.16.0/install-sh'
intltool__v_merge_options_0='-q'
intltool__v_merge_options_='$(intltool__v_merge_options_$(AM_DEFAULT_VERBOSITY))'
libdir='${prefix}/lib/x86_64-linux-gnu'
libexecdir='/usr/lib'
localedir='${datarootdir}/locale'
localstatedir='/var'
mandir='${prefix}/share/man'
mkdir_p='$(MKDIR_P)'
mostlyclean-am: $(if $(HELP_ID),clean-help)
mostlyclean-am: clean-gsettings-schemas
oldincludedir='/usr/include'
pdfdir='${docdir}'
pot: $(_HELP_POTFILE)
prefix='/usr'
program_transform_name='s,x,x,'
psdir='${docdir}'
repo: $(_HELP_POTFILE)
runstatedir='${localstatedir}/run'
sbindir='${exec_prefix}/sbin'
sharedstatedir='${prefix}/com'
sysconfdir='/etc'
target_alias=''
uninstall-am: $(if $(HELP_ID),uninstall-help)
uninstall-am: uninstall-gsettings-schemas
uninstall-gsettings-schemas:
uninstall-help:

## ----------- ##
## confdefs.h. ##
## ----------- ##

/* confdefs.h */
#define PACKAGE_NAME "mate-system-monitor"
#define PACKAGE_TARNAME "mate-system-monitor"
#define PACKAGE_VERSION "1.16.0"
#define PACKAGE_STRING "mate-system-monitor 1.16.0"
#define PACKAGE_BUGREPORT "http://www.mate-desktop.org/"
#define PACKAGE_URL ""
#define PACKAGE "mate-system-monitor"
#define VERSION "1.16.0"
#define STDC_HEADERS 1
#define HAVE_SYS_TYPES_H 1
#define HAVE_SYS_STAT_H 1
#define HAVE_STDLIB_H 1
#define HAVE_STRING_H 1
#define HAVE_MEMORY_H 1
#define HAVE_STRINGS_H 1
#define HAVE_INTTYPES_H 1
#define HAVE_STDINT_H 1
#define HAVE_UNISTD_H 1
#define HAVE_DLFCN_H 1
#define LT_OBJDIR ".libs/"
#define GLIB_VERSION_MIN_REQUIRED GLIB_VERSION_2_36
#define GETTEXT_PACKAGE "mate-system-monitor"

configure: exit 0
